ERROR - 2022-07-07 06:53:14 --> Cannot add or update a child row: a foreign key constraint fails (`tsms`.`events`, CONSTRAINT `constraint_serv_id` FOREIGN KEY (`serv_id`) REFERENCES `services` (`serv_id`) ON DELETE CASCADE ON UPDATE CASCADE)
CRITICAL - 2022-07-07 06:53:14 --> Cannot add or update a child row: a foreign key constraint fails (`tsms`.`events`, CONSTRAINT `constraint_serv_id` FOREIGN KEY (`serv_id`) REFERENCES `services` (`serv_id`) ON DELETE CASCADE ON UPDATE CASCADE)
#0 C:\xampp\htdocs\tsms\system\Database\MySQLi\Connection.php(292): mysqli->query('INSERT INTO `ev...', 0)
#1 C:\xampp\htdocs\tsms\system\Database\BaseConnection.php(670): CodeIgniter\Database\MySQLi\Connection->execute('INSERT INTO `ev...')
#2 C:\xampp\htdocs\tsms\system\Database\BaseConnection.php(598): CodeIgniter\Database\BaseConnection->simpleQuery('INSERT INTO `ev...')
#3 C:\xampp\htdocs\tsms\system\Database\BaseBuilder.php(1759): CodeIgniter\Database\BaseConnection->query('INSERT INTO `ev...', Array, false)
#4 C:\xampp\htdocs\tsms\system\Model.php(239): CodeIgniter\Database\BaseBuilder->insert()
#5 C:\xampp\htdocs\tsms\system\BaseModel.php(738): CodeIgniter\Model->doInsert(Array)
#6 C:\xampp\htdocs\tsms\system\Model.php(620): CodeIgniter\BaseModel->insert(Array, true)
#7 C:\xampp\htdocs\tsms\app\Controllers\FullCalendar.php(103): CodeIgniter\Model->insert(Array)
#8 C:\xampp\htdocs\tsms\system\CodeIgniter.php(824): App\Controllers\FullCalendar->insert()
#9 C:\xampp\htdocs\tsms\system\CodeIgniter.php(410): CodeIgniter\CodeIgniter->runController(Object(App\Controllers\FullCalendar))
#10 C:\xampp\htdocs\tsms\system\CodeIgniter.php(318): CodeIgniter\CodeIgniter->handleRequest(NULL, Object(Config\Cache), false)
#11 C:\xampp\htdocs\tsms\index.php(37): CodeIgniter\CodeIgniter->run()
#12 {main}
CRITICAL - 2022-07-07 21:28:34 --> Cannot use object of type stdClass as array
#0 C:\xampp\htdocs\tsms\system\View\View.php(214): include()
#1 C:\xampp\htdocs\tsms\system\View\View.php(217): CodeIgniter\View\View->CodeIgniter\View\{closure}()
#2 C:\xampp\htdocs\tsms\system\Common.php(1097): CodeIgniter\View\View->render('dashboard/calen...', Array, true)
#3 C:\xampp\htdocs\tsms\app\Views\dashboard\temp_calendar.php(3): view('dashboard/calen...')
#4 C:\xampp\htdocs\tsms\system\View\View.php(214): include('C:\\xampp\\htdocs...')
#5 C:\xampp\htdocs\tsms\system\View\View.php(217): CodeIgniter\View\View->CodeIgniter\View\{closure}()
#6 C:\xampp\htdocs\tsms\system\Common.php(1097): CodeIgniter\View\View->render('dashboard/temp_...', Array, true)
#7 C:\xampp\htdocs\tsms\app\Controllers\FullCalendar.php(60): view('dashboard/temp_...', Array)
#8 C:\xampp\htdocs\tsms\system\CodeIgniter.php(824): App\Controllers\FullCalendar->index()
#9 C:\xampp\htdocs\tsms\system\CodeIgniter.php(410): CodeIgniter\CodeIgniter->runController(Object(App\Controllers\FullCalendar))
#10 C:\xampp\htdocs\tsms\system\CodeIgniter.php(318): CodeIgniter\CodeIgniter->handleRequest(NULL, Object(Config\Cache), false)
#11 C:\xampp\htdocs\tsms\index.php(37): CodeIgniter\CodeIgniter->run()
#12 {main}
CRITICAL - 2022-07-07 21:30:27 --> Cannot use object of type stdClass as array
#0 C:\xampp\htdocs\tsms\system\View\View.php(214): include()
#1 C:\xampp\htdocs\tsms\system\View\View.php(217): CodeIgniter\View\View->CodeIgniter\View\{closure}()
#2 C:\xampp\htdocs\tsms\system\Common.php(1097): CodeIgniter\View\View->render('dashboard/calen...', Array, true)
#3 C:\xampp\htdocs\tsms\app\Views\dashboard\temp_calendar.php(3): view('dashboard/calen...')
#4 C:\xampp\htdocs\tsms\system\View\View.php(214): include('C:\\xampp\\htdocs...')
#5 C:\xampp\htdocs\tsms\system\View\View.php(217): CodeIgniter\View\View->CodeIgniter\View\{closure}()
#6 C:\xampp\htdocs\tsms\system\Common.php(1097): CodeIgniter\View\View->render('dashboard/temp_...', Array, true)
#7 C:\xampp\htdocs\tsms\app\Controllers\FullCalendar.php(60): view('dashboard/temp_...', Array)
#8 C:\xampp\htdocs\tsms\system\CodeIgniter.php(824): App\Controllers\FullCalendar->index()
#9 C:\xampp\htdocs\tsms\system\CodeIgniter.php(410): CodeIgniter\CodeIgniter->runController(Object(App\Controllers\FullCalendar))
#10 C:\xampp\htdocs\tsms\system\CodeIgniter.php(318): CodeIgniter\CodeIgniter->handleRequest(NULL, Object(Config\Cache), false)
#11 C:\xampp\htdocs\tsms\index.php(37): CodeIgniter\CodeIgniter->run()
#12 {main}
CRITICAL - 2022-07-07 21:30:56 --> Cannot use object of type stdClass as array
#0 C:\xampp\htdocs\tsms\system\View\View.php(214): include()
#1 C:\xampp\htdocs\tsms\system\View\View.php(217): CodeIgniter\View\View->CodeIgniter\View\{closure}()
#2 C:\xampp\htdocs\tsms\system\Common.php(1097): CodeIgniter\View\View->render('dashboard/calen...', Array, true)
#3 C:\xampp\htdocs\tsms\app\Views\dashboard\temp_calendar.php(3): view('dashboard/calen...')
#4 C:\xampp\htdocs\tsms\system\View\View.php(214): include('C:\\xampp\\htdocs...')
#5 C:\xampp\htdocs\tsms\system\View\View.php(217): CodeIgniter\View\View->CodeIgniter\View\{closure}()
#6 C:\xampp\htdocs\tsms\system\Common.php(1097): CodeIgniter\View\View->render('dashboard/temp_...', Array, true)
#7 C:\xampp\htdocs\tsms\app\Controllers\FullCalendar.php(60): view('dashboard/temp_...', Array)
#8 C:\xampp\htdocs\tsms\system\CodeIgniter.php(824): App\Controllers\FullCalendar->index()
#9 C:\xampp\htdocs\tsms\system\CodeIgniter.php(410): CodeIgniter\CodeIgniter->runController(Object(App\Controllers\FullCalendar))
#10 C:\xampp\htdocs\tsms\system\CodeIgniter.php(318): CodeIgniter\CodeIgniter->handleRequest(NULL, Object(Config\Cache), false)
#11 C:\xampp\htdocs\tsms\index.php(37): CodeIgniter\CodeIgniter->run()
#12 {main}
CRITICAL - 2022-07-07 21:31:59 --> Cannot use object of type stdClass as array
#0 C:\xampp\htdocs\tsms\system\View\View.php(214): include()
#1 C:\xampp\htdocs\tsms\system\View\View.php(217): CodeIgniter\View\View->CodeIgniter\View\{closure}()
#2 C:\xampp\htdocs\tsms\system\Common.php(1097): CodeIgniter\View\View->render('dashboard/calen...', Array, true)
#3 C:\xampp\htdocs\tsms\app\Views\dashboard\temp_calendar.php(3): view('dashboard/calen...')
#4 C:\xampp\htdocs\tsms\system\View\View.php(214): include('C:\\xampp\\htdocs...')
#5 C:\xampp\htdocs\tsms\system\View\View.php(217): CodeIgniter\View\View->CodeIgniter\View\{closure}()
#6 C:\xampp\htdocs\tsms\system\Common.php(1097): CodeIgniter\View\View->render('dashboard/temp_...', Array, true)
#7 C:\xampp\htdocs\tsms\app\Controllers\FullCalendar.php(60): view('dashboard/temp_...', Array)
#8 C:\xampp\htdocs\tsms\system\CodeIgniter.php(824): App\Controllers\FullCalendar->index()
#9 C:\xampp\htdocs\tsms\system\CodeIgniter.php(410): CodeIgniter\CodeIgniter->runController(Object(App\Controllers\FullCalendar))
#10 C:\xampp\htdocs\tsms\system\CodeIgniter.php(318): CodeIgniter\CodeIgniter->handleRequest(NULL, Object(Config\Cache), false)
#11 C:\xampp\htdocs\tsms\index.php(37): CodeIgniter\CodeIgniter->run()
#12 {main}
CRITICAL - 2022-07-07 21:37:54 --> syntax error, unexpected token ","
#0 C:\xampp\htdocs\tsms\system\Autoloader\Autoloader.php(241): CodeIgniter\Autoloader\Autoloader->includeFile('C:\\xampp\\htdocs...')
#1 C:\xampp\htdocs\tsms\system\Autoloader\Autoloader.php(219): CodeIgniter\Autoloader\Autoloader->loadInNamespace('App\\Controllers...')
#2 [internal function]: CodeIgniter\Autoloader\Autoloader->loadClass('App\\Controllers...')
#3 C:\xampp\htdocs\tsms\system\CodeIgniter.php(789): class_exists('\\App\\Controller...', true)
#4 C:\xampp\htdocs\tsms\system\CodeIgniter.php(397): CodeIgniter\CodeIgniter->startController()
#5 C:\xampp\htdocs\tsms\system\CodeIgniter.php(318): CodeIgniter\CodeIgniter->handleRequest(NULL, Object(Config\Cache), false)
#6 C:\xampp\htdocs\tsms\index.php(37): CodeIgniter\CodeIgniter->run()
#7 {main}
CRITICAL - 2022-07-07 21:38:57 --> Cannot use isset() on the result of an expression (you can use "null !== expression" instead)
#0 [internal function]: CodeIgniter\Debug\Exceptions->shutdownHandler()
#1 {main}
CRITICAL - 2022-07-07 21:41:16 --> Cannot use isset() on the result of an expression (you can use "null !== expression" instead)
#0 [internal function]: CodeIgniter\Debug\Exceptions->shutdownHandler()
#1 {main}
CRITICAL - 2022-07-07 21:44:06 --> syntax error, unexpected token ",", expecting "]"
#0 C:\xampp\htdocs\tsms\system\Autoloader\Autoloader.php(241): CodeIgniter\Autoloader\Autoloader->includeFile('C:\\xampp\\htdocs...')
#1 C:\xampp\htdocs\tsms\system\Autoloader\Autoloader.php(219): CodeIgniter\Autoloader\Autoloader->loadInNamespace('App\\Controllers...')
#2 [internal function]: CodeIgniter\Autoloader\Autoloader->loadClass('App\\Controllers...')
#3 C:\xampp\htdocs\tsms\system\CodeIgniter.php(789): class_exists('\\App\\Controller...', true)
#4 C:\xampp\htdocs\tsms\system\CodeIgniter.php(397): CodeIgniter\CodeIgniter->startController()
#5 C:\xampp\htdocs\tsms\system\CodeIgniter.php(318): CodeIgniter\CodeIgniter->handleRequest(NULL, Object(Config\Cache), false)
#6 C:\xampp\htdocs\tsms\index.php(37): CodeIgniter\CodeIgniter->run()
#7 {main}
