ERROR - 2022-09-26 09:40:26 --> Table 'tsms.event_emp_views' doesn't exist
CRITICAL - 2022-09-26 09:40:26 --> Table 'tsms.event_emp_views' doesn't exist
#0 C:\xampp\htdocs\tsms\system\Database\MySQLi\Connection.php(292): mysqli->query('SELECT *\nFROM `...', 0)
#1 C:\xampp\htdocs\tsms\system\Database\BaseConnection.php(670): CodeIgniter\Database\MySQLi\Connection->execute('SELECT *\nFROM `...')
#2 C:\xampp\htdocs\tsms\system\Database\BaseConnection.php(598): CodeIgniter\Database\BaseConnection->simpleQuery('SELECT *\nFROM `...')
#3 C:\xampp\htdocs\tsms\system\Database\BaseBuilder.php(1443): CodeIgniter\Database\BaseConnection->query('SELECT *\nFROM `...', Array, false)
#4 C:\xampp\htdocs\tsms\system\Model.php(183): CodeIgniter\Database\BaseBuilder->get()
#5 C:\xampp\htdocs\tsms\system\BaseModel.php(584): CodeIgniter\Model->doFindAll(0, 0)
#6 C:\xampp\htdocs\tsms\app\Controllers\Dashboard.php(56): CodeIgniter\BaseModel->findAll()
#7 C:\xampp\htdocs\tsms\system\CodeIgniter.php(824): App\Controllers\Dashboard->dashboard()
#8 C:\xampp\htdocs\tsms\system\CodeIgniter.php(410): CodeIgniter\CodeIgniter->runController(Object(App\Controllers\Dashboard))
#9 C:\xampp\htdocs\tsms\system\CodeIgniter.php(318): CodeIgniter\CodeIgniter->handleRequest(NULL, Object(Config\Cache), false)
#10 C:\xampp\htdocs\tsms\index.php(37): CodeIgniter\CodeIgniter->run()
#11 {main}
ERROR - 2022-09-26 13:28:51 --> Table 'tsms.event_emp_views' doesn't exist
CRITICAL - 2022-09-26 13:28:51 --> Table 'tsms.event_emp_views' doesn't exist
#0 C:\xampp\htdocs\tsms\system\Database\MySQLi\Connection.php(292): mysqli->query('SELECT *\nFROM `...', 0)
#1 C:\xampp\htdocs\tsms\system\Database\BaseConnection.php(670): CodeIgniter\Database\MySQLi\Connection->execute('SELECT *\nFROM `...')
#2 C:\xampp\htdocs\tsms\system\Database\BaseConnection.php(598): CodeIgniter\Database\BaseConnection->simpleQuery('SELECT *\nFROM `...')
#3 C:\xampp\htdocs\tsms\system\Database\BaseBuilder.php(1443): CodeIgniter\Database\BaseConnection->query('SELECT *\nFROM `...', Array, false)
#4 C:\xampp\htdocs\tsms\system\Model.php(183): CodeIgniter\Database\BaseBuilder->get()
#5 C:\xampp\htdocs\tsms\system\BaseModel.php(584): CodeIgniter\Model->doFindAll(0, 0)
#6 C:\xampp\htdocs\tsms\app\Controllers\Dashboard.php(56): CodeIgniter\BaseModel->findAll()
#7 C:\xampp\htdocs\tsms\system\CodeIgniter.php(824): App\Controllers\Dashboard->dashboard()
#8 C:\xampp\htdocs\tsms\system\CodeIgniter.php(410): CodeIgniter\CodeIgniter->runController(Object(App\Controllers\Dashboard))
#9 C:\xampp\htdocs\tsms\system\CodeIgniter.php(318): CodeIgniter\CodeIgniter->handleRequest(NULL, Object(Config\Cache), false)
#10 C:\xampp\htdocs\tsms\index.php(37): CodeIgniter\CodeIgniter->run()
#11 {main}
CRITICAL - 2022-09-26 15:31:19 --> Division by zero
#0 C:\xampp\htdocs\tsms\app\Controllers\Dashboard.php(227): CodeIgniter\Debug\Exceptions->errorHandler(2, 'Division by zer...', 'C:\\xampp\\htdocs...', 227, Array)
#1 C:\xampp\htdocs\tsms\system\CodeIgniter.php(824): App\Controllers\Dashboard->dashboard()
#2 C:\xampp\htdocs\tsms\system\CodeIgniter.php(410): CodeIgniter\CodeIgniter->runController(Object(App\Controllers\Dashboard))
#3 C:\xampp\htdocs\tsms\system\CodeIgniter.php(318): CodeIgniter\CodeIgniter->handleRequest(NULL, Object(Config\Cache), false)
#4 C:\xampp\htdocs\tsms\index.php(37): CodeIgniter\CodeIgniter->run()
#5 {main}
CRITICAL - 2022-09-26 15:32:23 --> Undefined variable: percent
#0 C:\xampp\htdocs\tsms\app\Views\dashboard\dashboard.php(437): CodeIgniter\Debug\Exceptions->errorHandler(8, 'Undefined varia...', 'C:\\xampp\\htdocs...', 437, Array)
#1 C:\xampp\htdocs\tsms\system\View\View.php(214): include('C:\\xampp\\htdocs...')
#2 C:\xampp\htdocs\tsms\system\View\View.php(217): CodeIgniter\View\View->CodeIgniter\View\{closure}()
#3 C:\xampp\htdocs\tsms\system\Common.php(1097): CodeIgniter\View\View->render('dashboard/dashb...', Array, true)
#4 C:\xampp\htdocs\tsms\app\Views\dashboard\template.php(3): view('dashboard/dashb...')
#5 C:\xampp\htdocs\tsms\system\View\View.php(214): include('C:\\xampp\\htdocs...')
#6 C:\xampp\htdocs\tsms\system\View\View.php(217): CodeIgniter\View\View->CodeIgniter\View\{closure}()
#7 C:\xampp\htdocs\tsms\system\Common.php(1097): CodeIgniter\View\View->render('dashboard/templ...', Array, true)
#8 C:\xampp\htdocs\tsms\app\Controllers\Dashboard.php(270): view('dashboard/templ...', Array)
#9 C:\xampp\htdocs\tsms\system\CodeIgniter.php(824): App\Controllers\Dashboard->dashboard()
#10 C:\xampp\htdocs\tsms\system\CodeIgniter.php(410): CodeIgniter\CodeIgniter->runController(Object(App\Controllers\Dashboard))
#11 C:\xampp\htdocs\tsms\system\CodeIgniter.php(318): CodeIgniter\CodeIgniter->handleRequest(NULL, Object(Config\Cache), false)
#12 C:\xampp\htdocs\tsms\index.php(37): CodeIgniter\CodeIgniter->run()
#13 {main}
CRITICAL - 2022-09-26 15:34:21 --> Undefined variable: percent
#0 C:\xampp\htdocs\tsms\app\Views\dashboard\dashboard.php(448): CodeIgniter\Debug\Exceptions->errorHandler(8, 'Undefined varia...', 'C:\\xampp\\htdocs...', 448, Array)
#1 C:\xampp\htdocs\tsms\system\View\View.php(214): include('C:\\xampp\\htdocs...')
#2 C:\xampp\htdocs\tsms\system\View\View.php(217): CodeIgniter\View\View->CodeIgniter\View\{closure}()
#3 C:\xampp\htdocs\tsms\system\Common.php(1097): CodeIgniter\View\View->render('dashboard/dashb...', Array, true)
#4 C:\xampp\htdocs\tsms\app\Views\dashboard\template.php(3): view('dashboard/dashb...')
#5 C:\xampp\htdocs\tsms\system\View\View.php(214): include('C:\\xampp\\htdocs...')
#6 C:\xampp\htdocs\tsms\system\View\View.php(217): CodeIgniter\View\View->CodeIgniter\View\{closure}()
#7 C:\xampp\htdocs\tsms\system\Common.php(1097): CodeIgniter\View\View->render('dashboard/templ...', Array, true)
#8 C:\xampp\htdocs\tsms\app\Controllers\Dashboard.php(270): view('dashboard/templ...', Array)
#9 C:\xampp\htdocs\tsms\system\CodeIgniter.php(824): App\Controllers\Dashboard->dashboard()
#10 C:\xampp\htdocs\tsms\system\CodeIgniter.php(410): CodeIgniter\CodeIgniter->runController(Object(App\Controllers\Dashboard))
#11 C:\xampp\htdocs\tsms\system\CodeIgniter.php(318): CodeIgniter\CodeIgniter->handleRequest(NULL, Object(Config\Cache), false)
#12 C:\xampp\htdocs\tsms\index.php(37): CodeIgniter\CodeIgniter->run()
#13 {main}
CRITICAL - 2022-09-26 15:34:23 --> Undefined variable: percent
#0 C:\xampp\htdocs\tsms\app\Views\dashboard\dashboard.php(448): CodeIgniter\Debug\Exceptions->errorHandler(8, 'Undefined varia...', 'C:\\xampp\\htdocs...', 448, Array)
#1 C:\xampp\htdocs\tsms\system\View\View.php(214): include('C:\\xampp\\htdocs...')
#2 C:\xampp\htdocs\tsms\system\View\View.php(217): CodeIgniter\View\View->CodeIgniter\View\{closure}()
#3 C:\xampp\htdocs\tsms\system\Common.php(1097): CodeIgniter\View\View->render('dashboard/dashb...', Array, true)
#4 C:\xampp\htdocs\tsms\app\Views\dashboard\template.php(3): view('dashboard/dashb...')
#5 C:\xampp\htdocs\tsms\system\View\View.php(214): include('C:\\xampp\\htdocs...')
#6 C:\xampp\htdocs\tsms\system\View\View.php(217): CodeIgniter\View\View->CodeIgniter\View\{closure}()
#7 C:\xampp\htdocs\tsms\system\Common.php(1097): CodeIgniter\View\View->render('dashboard/templ...', Array, true)
#8 C:\xampp\htdocs\tsms\app\Controllers\Dashboard.php(270): view('dashboard/templ...', Array)
#9 C:\xampp\htdocs\tsms\system\CodeIgniter.php(824): App\Controllers\Dashboard->dashboard()
#10 C:\xampp\htdocs\tsms\system\CodeIgniter.php(410): CodeIgniter\CodeIgniter->runController(Object(App\Controllers\Dashboard))
#11 C:\xampp\htdocs\tsms\system\CodeIgniter.php(318): CodeIgniter\CodeIgniter->handleRequest(NULL, Object(Config\Cache), false)
#12 C:\xampp\htdocs\tsms\index.php(37): CodeIgniter\CodeIgniter->run()
#13 {main}
CRITICAL - 2022-09-26 15:34:45 --> Undefined variable: label
#0 C:\xampp\htdocs\tsms\app\Views\dashboard\dashboard.php(541): CodeIgniter\Debug\Exceptions->errorHandler(8, 'Undefined varia...', 'C:\\xampp\\htdocs...', 541, Array)
#1 C:\xampp\htdocs\tsms\system\View\View.php(214): include('C:\\xampp\\htdocs...')
#2 C:\xampp\htdocs\tsms\system\View\View.php(217): CodeIgniter\View\View->CodeIgniter\View\{closure}()
#3 C:\xampp\htdocs\tsms\system\Common.php(1097): CodeIgniter\View\View->render('dashboard/dashb...', Array, true)
#4 C:\xampp\htdocs\tsms\app\Views\dashboard\template.php(3): view('dashboard/dashb...')
#5 C:\xampp\htdocs\tsms\system\View\View.php(214): include('C:\\xampp\\htdocs...')
#6 C:\xampp\htdocs\tsms\system\View\View.php(217): CodeIgniter\View\View->CodeIgniter\View\{closure}()
#7 C:\xampp\htdocs\tsms\system\Common.php(1097): CodeIgniter\View\View->render('dashboard/templ...', Array, true)
#8 C:\xampp\htdocs\tsms\app\Controllers\Dashboard.php(270): view('dashboard/templ...', Array)
#9 C:\xampp\htdocs\tsms\system\CodeIgniter.php(824): App\Controllers\Dashboard->dashboard()
#10 C:\xampp\htdocs\tsms\system\CodeIgniter.php(410): CodeIgniter\CodeIgniter->runController(Object(App\Controllers\Dashboard))
#11 C:\xampp\htdocs\tsms\system\CodeIgniter.php(318): CodeIgniter\CodeIgniter->handleRequest(NULL, Object(Config\Cache), false)
#12 C:\xampp\htdocs\tsms\index.php(37): CodeIgniter\CodeIgniter->run()
#13 {main}
CRITICAL - 2022-09-26 15:35:28 --> syntax error, unexpected end of file, expecting elseif (T_ELSEIF) or else (T_ELSE) or endif (T_ENDIF)
#0 C:\xampp\htdocs\tsms\system\View\View.php(217): CodeIgniter\View\View->CodeIgniter\View\{closure}()
#1 C:\xampp\htdocs\tsms\system\Common.php(1097): CodeIgniter\View\View->render('dashboard/dashb...', Array, true)
#2 C:\xampp\htdocs\tsms\app\Views\dashboard\template.php(3): view('dashboard/dashb...')
#3 C:\xampp\htdocs\tsms\system\View\View.php(214): include('C:\\xampp\\htdocs...')
#4 C:\xampp\htdocs\tsms\system\View\View.php(217): CodeIgniter\View\View->CodeIgniter\View\{closure}()
#5 C:\xampp\htdocs\tsms\system\Common.php(1097): CodeIgniter\View\View->render('dashboard/templ...', Array, true)
#6 C:\xampp\htdocs\tsms\app\Controllers\Dashboard.php(270): view('dashboard/templ...', Array)
#7 C:\xampp\htdocs\tsms\system\CodeIgniter.php(824): App\Controllers\Dashboard->dashboard()
#8 C:\xampp\htdocs\tsms\system\CodeIgniter.php(410): CodeIgniter\CodeIgniter->runController(Object(App\Controllers\Dashboard))
#9 C:\xampp\htdocs\tsms\system\CodeIgniter.php(318): CodeIgniter\CodeIgniter->handleRequest(NULL, Object(Config\Cache), false)
#10 C:\xampp\htdocs\tsms\index.php(37): CodeIgniter\CodeIgniter->run()
#11 {main}
CRITICAL - 2022-09-26 15:35:41 --> Undefined variable: label
#0 C:\xampp\htdocs\tsms\app\Views\dashboard\dashboard.php(541): CodeIgniter\Debug\Exceptions->errorHandler(8, 'Undefined varia...', 'C:\\xampp\\htdocs...', 541, Array)
#1 C:\xampp\htdocs\tsms\system\View\View.php(214): include('C:\\xampp\\htdocs...')
#2 C:\xampp\htdocs\tsms\system\View\View.php(217): CodeIgniter\View\View->CodeIgniter\View\{closure}()
#3 C:\xampp\htdocs\tsms\system\Common.php(1097): CodeIgniter\View\View->render('dashboard/dashb...', Array, true)
#4 C:\xampp\htdocs\tsms\app\Views\dashboard\template.php(3): view('dashboard/dashb...')
#5 C:\xampp\htdocs\tsms\system\View\View.php(214): include('C:\\xampp\\htdocs...')
#6 C:\xampp\htdocs\tsms\system\View\View.php(217): CodeIgniter\View\View->CodeIgniter\View\{closure}()
#7 C:\xampp\htdocs\tsms\system\Common.php(1097): CodeIgniter\View\View->render('dashboard/templ...', Array, true)
#8 C:\xampp\htdocs\tsms\app\Controllers\Dashboard.php(270): view('dashboard/templ...', Array)
#9 C:\xampp\htdocs\tsms\system\CodeIgniter.php(824): App\Controllers\Dashboard->dashboard()
#10 C:\xampp\htdocs\tsms\system\CodeIgniter.php(410): CodeIgniter\CodeIgniter->runController(Object(App\Controllers\Dashboard))
#11 C:\xampp\htdocs\tsms\system\CodeIgniter.php(318): CodeIgniter\CodeIgniter->handleRequest(NULL, Object(Config\Cache), false)
#12 C:\xampp\htdocs\tsms\index.php(37): CodeIgniter\CodeIgniter->run()
#13 {main}
CRITICAL - 2022-09-26 15:36:35 --> Undefined variable: label
#0 C:\xampp\htdocs\tsms\app\Views\dashboard\dashboard.php(541): CodeIgniter\Debug\Exceptions->errorHandler(8, 'Undefined varia...', 'C:\\xampp\\htdocs...', 541, Array)
#1 C:\xampp\htdocs\tsms\system\View\View.php(214): include('C:\\xampp\\htdocs...')
#2 C:\xampp\htdocs\tsms\system\View\View.php(217): CodeIgniter\View\View->CodeIgniter\View\{closure}()
#3 C:\xampp\htdocs\tsms\system\Common.php(1097): CodeIgniter\View\View->render('dashboard/dashb...', Array, true)
#4 C:\xampp\htdocs\tsms\app\Views\dashboard\template.php(3): view('dashboard/dashb...')
#5 C:\xampp\htdocs\tsms\system\View\View.php(214): include('C:\\xampp\\htdocs...')
#6 C:\xampp\htdocs\tsms\system\View\View.php(217): CodeIgniter\View\View->CodeIgniter\View\{closure}()
#7 C:\xampp\htdocs\tsms\system\Common.php(1097): CodeIgniter\View\View->render('dashboard/templ...', Array, true)
#8 C:\xampp\htdocs\tsms\app\Controllers\Dashboard.php(270): view('dashboard/templ...', Array)
#9 C:\xampp\htdocs\tsms\system\CodeIgniter.php(824): App\Controllers\Dashboard->dashboard()
#10 C:\xampp\htdocs\tsms\system\CodeIgniter.php(410): CodeIgniter\CodeIgniter->runController(Object(App\Controllers\Dashboard))
#11 C:\xampp\htdocs\tsms\system\CodeIgniter.php(318): CodeIgniter\CodeIgniter->handleRequest(NULL, Object(Config\Cache), false)
#12 C:\xampp\htdocs\tsms\index.php(37): CodeIgniter\CodeIgniter->run()
#13 {main}
CRITICAL - 2022-09-26 15:36:36 --> Undefined variable: label
#0 C:\xampp\htdocs\tsms\app\Views\dashboard\dashboard.php(541): CodeIgniter\Debug\Exceptions->errorHandler(8, 'Undefined varia...', 'C:\\xampp\\htdocs...', 541, Array)
#1 C:\xampp\htdocs\tsms\system\View\View.php(214): include('C:\\xampp\\htdocs...')
#2 C:\xampp\htdocs\tsms\system\View\View.php(217): CodeIgniter\View\View->CodeIgniter\View\{closure}()
#3 C:\xampp\htdocs\tsms\system\Common.php(1097): CodeIgniter\View\View->render('dashboard/dashb...', Array, true)
#4 C:\xampp\htdocs\tsms\app\Views\dashboard\template.php(3): view('dashboard/dashb...')
#5 C:\xampp\htdocs\tsms\system\View\View.php(214): include('C:\\xampp\\htdocs...')
#6 C:\xampp\htdocs\tsms\system\View\View.php(217): CodeIgniter\View\View->CodeIgniter\View\{closure}()
#7 C:\xampp\htdocs\tsms\system\Common.php(1097): CodeIgniter\View\View->render('dashboard/templ...', Array, true)
#8 C:\xampp\htdocs\tsms\app\Controllers\Dashboard.php(270): view('dashboard/templ...', Array)
#9 C:\xampp\htdocs\tsms\system\CodeIgniter.php(824): App\Controllers\Dashboard->dashboard()
#10 C:\xampp\htdocs\tsms\system\CodeIgniter.php(410): CodeIgniter\CodeIgniter->runController(Object(App\Controllers\Dashboard))
#11 C:\xampp\htdocs\tsms\system\CodeIgniter.php(318): CodeIgniter\CodeIgniter->handleRequest(NULL, Object(Config\Cache), false)
#12 C:\xampp\htdocs\tsms\index.php(37): CodeIgniter\CodeIgniter->run()
#13 {main}
CRITICAL - 2022-09-26 02:37:16 --> Cannot use [] for reading
#0 [internal function]: CodeIgniter\Debug\Exceptions->shutdownHandler()
#1 {main}
CRITICAL - 2022-09-26 15:37:29 --> Undefined variable: linedata
#0 C:\xampp\htdocs\tsms\app\Views\dashboard\dashboard.php(549): CodeIgniter\Debug\Exceptions->errorHandler(8, 'Undefined varia...', 'C:\\xampp\\htdocs...', 549, Array)
#1 C:\xampp\htdocs\tsms\system\View\View.php(214): include('C:\\xampp\\htdocs...')
#2 C:\xampp\htdocs\tsms\system\View\View.php(217): CodeIgniter\View\View->CodeIgniter\View\{closure}()
#3 C:\xampp\htdocs\tsms\system\Common.php(1097): CodeIgniter\View\View->render('dashboard/dashb...', Array, true)
#4 C:\xampp\htdocs\tsms\app\Views\dashboard\template.php(3): view('dashboard/dashb...')
#5 C:\xampp\htdocs\tsms\system\View\View.php(214): include('C:\\xampp\\htdocs...')
#6 C:\xampp\htdocs\tsms\system\View\View.php(217): CodeIgniter\View\View->CodeIgniter\View\{closure}()
#7 C:\xampp\htdocs\tsms\system\Common.php(1097): CodeIgniter\View\View->render('dashboard/templ...', Array, true)
#8 C:\xampp\htdocs\tsms\app\Controllers\Dashboard.php(270): view('dashboard/templ...', Array)
#9 C:\xampp\htdocs\tsms\system\CodeIgniter.php(824): App\Controllers\Dashboard->dashboard()
#10 C:\xampp\htdocs\tsms\system\CodeIgniter.php(410): CodeIgniter\CodeIgniter->runController(Object(App\Controllers\Dashboard))
#11 C:\xampp\htdocs\tsms\system\CodeIgniter.php(318): CodeIgniter\CodeIgniter->handleRequest(NULL, Object(Config\Cache), false)
#12 C:\xampp\htdocs\tsms\index.php(37): CodeIgniter\CodeIgniter->run()
#13 {main}
CRITICAL - 2022-09-26 02:46:46 --> Use of undefined constant console - assumed 'console' (this will throw an Error in a future version of PHP)
#0 C:\xampp\htdocs\tsms\app\Controllers\FullCalendar.php(469): CodeIgniter\Debug\Exceptions->errorHandler(2, 'Use of undefine...', 'C:\\xampp\\htdocs...', 469, Array)
#1 C:\xampp\htdocs\tsms\system\CodeIgniter.php(824): App\Controllers\FullCalendar->insert()
#2 C:\xampp\htdocs\tsms\system\CodeIgniter.php(410): CodeIgniter\CodeIgniter->runController(Object(App\Controllers\FullCalendar))
#3 C:\xampp\htdocs\tsms\system\CodeIgniter.php(318): CodeIgniter\CodeIgniter->handleRequest(NULL, Object(Config\Cache), false)
#4 C:\xampp\htdocs\tsms\index.php(37): CodeIgniter\CodeIgniter->run()
#5 {main}
CRITICAL - 2022-09-26 02:47:30 --> Use of undefined constant system - assumed 'system' (this will throw an Error in a future version of PHP)
#0 C:\xampp\htdocs\tsms\app\Controllers\FullCalendar.php(469): CodeIgniter\Debug\Exceptions->errorHandler(2, 'Use of undefine...', 'C:\\xampp\\htdocs...', 469, Array)
#1 C:\xampp\htdocs\tsms\system\CodeIgniter.php(824): App\Controllers\FullCalendar->insert()
#2 C:\xampp\htdocs\tsms\system\CodeIgniter.php(410): CodeIgniter\CodeIgniter->runController(Object(App\Controllers\FullCalendar))
#3 C:\xampp\htdocs\tsms\system\CodeIgniter.php(318): CodeIgniter\CodeIgniter->handleRequest(NULL, Object(Config\Cache), false)
#4 C:\xampp\htdocs\tsms\index.php(37): CodeIgniter\CodeIgniter->run()
#5 {main}
CRITICAL - 2022-09-26 03:03:13 --> syntax error, unexpected 'for' (T_FOR)
#0 C:\xampp\htdocs\tsms\system\Autoloader\Autoloader.php(241): CodeIgniter\Autoloader\Autoloader->includeFile('C:\\xampp\\htdocs...')
#1 C:\xampp\htdocs\tsms\system\Autoloader\Autoloader.php(219): CodeIgniter\Autoloader\Autoloader->loadInNamespace('App\\Controllers...')
#2 [internal function]: CodeIgniter\Autoloader\Autoloader->loadClass('App\\Controllers...')
#3 [internal function]: spl_autoload_call('App\\Controllers...')
#4 C:\xampp\htdocs\tsms\system\CodeIgniter.php(789): class_exists('\\App\\Controller...', true)
#5 C:\xampp\htdocs\tsms\system\CodeIgniter.php(397): CodeIgniter\CodeIgniter->startController()
#6 C:\xampp\htdocs\tsms\system\CodeIgniter.php(318): CodeIgniter\CodeIgniter->handleRequest(NULL, Object(Config\Cache), false)
#7 C:\xampp\htdocs\tsms\index.php(37): CodeIgniter\CodeIgniter->run()
#8 {main}
CRITICAL - 2022-09-26 03:40:46 --> Call to a member function where() on array
#0 C:\xampp\htdocs\tsms\system\CodeIgniter.php(824): App\Controllers\Pages->check()
#1 C:\xampp\htdocs\tsms\system\CodeIgniter.php(410): CodeIgniter\CodeIgniter->runController(Object(App\Controllers\Pages))
#2 C:\xampp\htdocs\tsms\system\CodeIgniter.php(318): CodeIgniter\CodeIgniter->handleRequest(NULL, Object(Config\Cache), false)
#3 C:\xampp\htdocs\tsms\index.php(37): CodeIgniter\CodeIgniter->run()
#4 {main}
CRITICAL - 2022-09-26 03:44:23 --> syntax error, unexpected '}', expecting end of file
#0 C:\xampp\htdocs\tsms\system\Autoloader\Autoloader.php(241): CodeIgniter\Autoloader\Autoloader->includeFile('C:\\xampp\\htdocs...')
#1 C:\xampp\htdocs\tsms\system\Autoloader\Autoloader.php(219): CodeIgniter\Autoloader\Autoloader->loadInNamespace('App\\Controllers...')
#2 [internal function]: CodeIgniter\Autoloader\Autoloader->loadClass('App\\Controllers...')
#3 [internal function]: spl_autoload_call('App\\Controllers...')
#4 C:\xampp\htdocs\tsms\system\CodeIgniter.php(789): class_exists('\\App\\Controller...', true)
#5 C:\xampp\htdocs\tsms\system\CodeIgniter.php(397): CodeIgniter\CodeIgniter->startController()
#6 C:\xampp\htdocs\tsms\system\CodeIgniter.php(318): CodeIgniter\CodeIgniter->handleRequest(NULL, Object(Config\Cache), false)
#7 C:\xampp\htdocs\tsms\index.php(37): CodeIgniter\CodeIgniter->run()
#8 {main}
CRITICAL - 2022-09-26 03:44:24 --> syntax error, unexpected '}', expecting end of file
#0 C:\xampp\htdocs\tsms\system\Autoloader\Autoloader.php(241): CodeIgniter\Autoloader\Autoloader->includeFile('C:\\xampp\\htdocs...')
#1 C:\xampp\htdocs\tsms\system\Autoloader\Autoloader.php(219): CodeIgniter\Autoloader\Autoloader->loadInNamespace('App\\Controllers...')
#2 [internal function]: CodeIgniter\Autoloader\Autoloader->loadClass('App\\Controllers...')
#3 [internal function]: spl_autoload_call('App\\Controllers...')
#4 C:\xampp\htdocs\tsms\system\CodeIgniter.php(789): class_exists('\\App\\Controller...', true)
#5 C:\xampp\htdocs\tsms\system\CodeIgniter.php(397): CodeIgniter\CodeIgniter->startController()
#6 C:\xampp\htdocs\tsms\system\CodeIgniter.php(318): CodeIgniter\CodeIgniter->handleRequest(NULL, Object(Config\Cache), false)
#7 C:\xampp\htdocs\tsms\index.php(37): CodeIgniter\CodeIgniter->run()
#8 {main}
CRITICAL - 2022-09-26 03:45:51 --> Invalid file: pages/login.php
#0 C:\xampp\htdocs\tsms\system\View\View.php(198): CodeIgniter\Exceptions\FrameworkException::forInvalidFile('pages/login.php')
#1 C:\xampp\htdocs\tsms\system\Common.php(1097): CodeIgniter\View\View->render('pages/login', Array, true)
#2 C:\xampp\htdocs\tsms\app\Views\pages\login_temp.php(3): view('pages/login')
#3 C:\xampp\htdocs\tsms\system\View\View.php(214): include('C:\\xampp\\htdocs...')
#4 C:\xampp\htdocs\tsms\system\View\View.php(217): CodeIgniter\View\View->CodeIgniter\View\{closure}()
#5 C:\xampp\htdocs\tsms\system\Common.php(1097): CodeIgniter\View\View->render('pages/login_tem...', Array, true)
#6 C:\xampp\htdocs\tsms\app\Controllers\Pages.php(119): view('pages/login_tem...', Array)
#7 C:\xampp\htdocs\tsms\system\CodeIgniter.php(824): App\Controllers\Pages->check()
#8 C:\xampp\htdocs\tsms\system\CodeIgniter.php(410): CodeIgniter\CodeIgniter->runController(Object(App\Controllers\Pages))
#9 C:\xampp\htdocs\tsms\system\CodeIgniter.php(318): CodeIgniter\CodeIgniter->handleRequest(NULL, Object(Config\Cache), false)
#10 C:\xampp\htdocs\tsms\index.php(37): CodeIgniter\CodeIgniter->run()
#11 {main}
CRITICAL - 2022-09-26 04:14:19 --> Invalid file: pages/login.php
#0 C:\xampp\htdocs\tsms\system\View\View.php(198): CodeIgniter\Exceptions\FrameworkException::forInvalidFile('pages/login.php')
#1 C:\xampp\htdocs\tsms\system\Common.php(1097): CodeIgniter\View\View->render('pages/login', Array, true)
#2 C:\xampp\htdocs\tsms\app\Views\pages\login_temp.php(3): view('pages/login')
#3 C:\xampp\htdocs\tsms\system\View\View.php(214): include('C:\\xampp\\htdocs...')
#4 C:\xampp\htdocs\tsms\system\View\View.php(217): CodeIgniter\View\View->CodeIgniter\View\{closure}()
#5 C:\xampp\htdocs\tsms\system\Common.php(1097): CodeIgniter\View\View->render('pages/login_tem...', Array, true)
#6 C:\xampp\htdocs\tsms\app\Controllers\Pages.php(150): view('pages/login_tem...', Array, Array)
#7 C:\xampp\htdocs\tsms\system\CodeIgniter.php(824): App\Controllers\Pages->checkEmployee()
#8 C:\xampp\htdocs\tsms\system\CodeIgniter.php(410): CodeIgniter\CodeIgniter->runController(Object(App\Controllers\Pages))
#9 C:\xampp\htdocs\tsms\system\CodeIgniter.php(318): CodeIgniter\CodeIgniter->handleRequest(NULL, Object(Config\Cache), false)
#10 C:\xampp\htdocs\tsms\index.php(37): CodeIgniter\CodeIgniter->run()
#11 {main}
CRITICAL - 2022-09-26 04:29:24 --> Undefined variable: emp
#0 C:\xampp\htdocs\tsms\app\Views\user\user_add.php(70): CodeIgniter\Debug\Exceptions->errorHandler(8, 'Undefined varia...', 'C:\\xampp\\htdocs...', 70, Array)
#1 C:\xampp\htdocs\tsms\system\View\View.php(214): include('C:\\xampp\\htdocs...')
#2 C:\xampp\htdocs\tsms\system\View\View.php(217): CodeIgniter\View\View->CodeIgniter\View\{closure}()
#3 C:\xampp\htdocs\tsms\system\Common.php(1097): CodeIgniter\View\View->render('user/user_add', Array, true)
#4 C:\xampp\htdocs\tsms\app\Views\dashboard\template.php(3): view('user/user_add')
#5 C:\xampp\htdocs\tsms\system\View\View.php(214): include('C:\\xampp\\htdocs...')
#6 C:\xampp\htdocs\tsms\system\View\View.php(217): CodeIgniter\View\View->CodeIgniter\View\{closure}()
#7 C:\xampp\htdocs\tsms\system\Common.php(1097): CodeIgniter\View\View->render('dashboard/templ...', Array, true)
#8 C:\xampp\htdocs\tsms\app\Controllers\UsersCrud.php(29): view('dashboard/templ...', Array)
#9 C:\xampp\htdocs\tsms\system\CodeIgniter.php(824): App\Controllers\UsersCrud->create()
#10 C:\xampp\htdocs\tsms\system\CodeIgniter.php(410): CodeIgniter\CodeIgniter->runController(Object(App\Controllers\UsersCrud))
#11 C:\xampp\htdocs\tsms\system\CodeIgniter.php(318): CodeIgniter\CodeIgniter->handleRequest(NULL, Object(Config\Cache), false)
#12 C:\xampp\htdocs\tsms\index.php(37): CodeIgniter\CodeIgniter->run()
#13 {main}
CRITICAL - 2022-09-26 04:38:43 --> Undefined index: emp_id
#0 C:\xampp\htdocs\tsms\app\Controllers\FullCalendar.php(209): CodeIgniter\Debug\Exceptions->errorHandler(8, 'Undefined index...', 'C:\\xampp\\htdocs...', 209, Array)
#1 C:\xampp\htdocs\tsms\system\CodeIgniter.php(824): App\Controllers\FullCalendar->index1()
#2 C:\xampp\htdocs\tsms\system\CodeIgniter.php(410): CodeIgniter\CodeIgniter->runController(Object(App\Controllers\FullCalendar))
#3 C:\xampp\htdocs\tsms\system\CodeIgniter.php(318): CodeIgniter\CodeIgniter->handleRequest(NULL, Object(Config\Cache), false)
#4 C:\xampp\htdocs\tsms\index.php(37): CodeIgniter\CodeIgniter->run()
#5 {main}
CRITICAL - 2022-09-26 04:39:43 --> Undefined index: emp_id
#0 C:\xampp\htdocs\tsms\app\Controllers\FullCalendar.php(209): CodeIgniter\Debug\Exceptions->errorHandler(8, 'Undefined index...', 'C:\\xampp\\htdocs...', 209, Array)
#1 C:\xampp\htdocs\tsms\system\CodeIgniter.php(824): App\Controllers\FullCalendar->index1()
#2 C:\xampp\htdocs\tsms\system\CodeIgniter.php(410): CodeIgniter\CodeIgniter->runController(Object(App\Controllers\FullCalendar))
#3 C:\xampp\htdocs\tsms\system\CodeIgniter.php(318): CodeIgniter\CodeIgniter->handleRequest(NULL, Object(Config\Cache), false)
#4 C:\xampp\htdocs\tsms\index.php(37): CodeIgniter\CodeIgniter->run()
#5 {main}
CRITICAL - 2022-09-26 04:39:50 --> Undefined index: emp_id
#0 C:\xampp\htdocs\tsms\app\Controllers\FullCalendar.php(208): CodeIgniter\Debug\Exceptions->errorHandler(8, 'Undefined index...', 'C:\\xampp\\htdocs...', 208, Array)
#1 C:\xampp\htdocs\tsms\system\CodeIgniter.php(824): App\Controllers\FullCalendar->index1()
#2 C:\xampp\htdocs\tsms\system\CodeIgniter.php(410): CodeIgniter\CodeIgniter->runController(Object(App\Controllers\FullCalendar))
#3 C:\xampp\htdocs\tsms\system\CodeIgniter.php(318): CodeIgniter\CodeIgniter->handleRequest(NULL, Object(Config\Cache), false)
#4 C:\xampp\htdocs\tsms\index.php(37): CodeIgniter\CodeIgniter->run()
#5 {main}
CRITICAL - 2022-09-26 04:40:53 --> Undefined index: emp_id
#0 C:\xampp\htdocs\tsms\app\Controllers\FullCalendar.php(208): CodeIgniter\Debug\Exceptions->errorHandler(8, 'Undefined index...', 'C:\\xampp\\htdocs...', 208, Array)
#1 C:\xampp\htdocs\tsms\system\CodeIgniter.php(824): App\Controllers\FullCalendar->index1()
#2 C:\xampp\htdocs\tsms\system\CodeIgniter.php(410): CodeIgniter\CodeIgniter->runController(Object(App\Controllers\FullCalendar))
#3 C:\xampp\htdocs\tsms\system\CodeIgniter.php(318): CodeIgniter\CodeIgniter->handleRequest(NULL, Object(Config\Cache), false)
#4 C:\xampp\htdocs\tsms\index.php(37): CodeIgniter\CodeIgniter->run()
#5 {main}
CRITICAL - 2022-09-26 04:40:54 --> Undefined index: emp_id
#0 C:\xampp\htdocs\tsms\app\Controllers\FullCalendar.php(208): CodeIgniter\Debug\Exceptions->errorHandler(8, 'Undefined index...', 'C:\\xampp\\htdocs...', 208, Array)
#1 C:\xampp\htdocs\tsms\system\CodeIgniter.php(824): App\Controllers\FullCalendar->index1()
#2 C:\xampp\htdocs\tsms\system\CodeIgniter.php(410): CodeIgniter\CodeIgniter->runController(Object(App\Controllers\FullCalendar))
#3 C:\xampp\htdocs\tsms\system\CodeIgniter.php(318): CodeIgniter\CodeIgniter->handleRequest(NULL, Object(Config\Cache), false)
#4 C:\xampp\htdocs\tsms\index.php(37): CodeIgniter\CodeIgniter->run()
#5 {main}
CRITICAL - 2022-09-26 04:40:56 --> Undefined index: emp_id
#0 C:\xampp\htdocs\tsms\app\Controllers\FullCalendar.php(208): CodeIgniter\Debug\Exceptions->errorHandler(8, 'Undefined index...', 'C:\\xampp\\htdocs...', 208, Array)
#1 C:\xampp\htdocs\tsms\system\CodeIgniter.php(824): App\Controllers\FullCalendar->index1()
#2 C:\xampp\htdocs\tsms\system\CodeIgniter.php(410): CodeIgniter\CodeIgniter->runController(Object(App\Controllers\FullCalendar))
#3 C:\xampp\htdocs\tsms\system\CodeIgniter.php(318): CodeIgniter\CodeIgniter->handleRequest(NULL, Object(Config\Cache), false)
#4 C:\xampp\htdocs\tsms\index.php(37): CodeIgniter\CodeIgniter->run()
#5 {main}
CRITICAL - 2022-09-26 04:40:57 --> Undefined index: emp_id
#0 C:\xampp\htdocs\tsms\app\Controllers\FullCalendar.php(208): CodeIgniter\Debug\Exceptions->errorHandler(8, 'Undefined index...', 'C:\\xampp\\htdocs...', 208, Array)
#1 C:\xampp\htdocs\tsms\system\CodeIgniter.php(824): App\Controllers\FullCalendar->index1()
#2 C:\xampp\htdocs\tsms\system\CodeIgniter.php(410): CodeIgniter\CodeIgniter->runController(Object(App\Controllers\FullCalendar))
#3 C:\xampp\htdocs\tsms\system\CodeIgniter.php(318): CodeIgniter\CodeIgniter->handleRequest(NULL, Object(Config\Cache), false)
#4 C:\xampp\htdocs\tsms\index.php(37): CodeIgniter\CodeIgniter->run()
#5 {main}
CRITICAL - 2022-09-26 04:41:42 --> Undefined index: emp_id
#0 C:\xampp\htdocs\tsms\app\Controllers\FullCalendar.php(208): CodeIgniter\Debug\Exceptions->errorHandler(8, 'Undefined index...', 'C:\\xampp\\htdocs...', 208, Array)
#1 C:\xampp\htdocs\tsms\system\CodeIgniter.php(824): App\Controllers\FullCalendar->index1()
#2 C:\xampp\htdocs\tsms\system\CodeIgniter.php(410): CodeIgniter\CodeIgniter->runController(Object(App\Controllers\FullCalendar))
#3 C:\xampp\htdocs\tsms\system\CodeIgniter.php(318): CodeIgniter\CodeIgniter->handleRequest(NULL, Object(Config\Cache), false)
#4 C:\xampp\htdocs\tsms\index.php(37): CodeIgniter\CodeIgniter->run()
#5 {main}
CRITICAL - 2022-09-26 20:49:19 --> Undefined variable: id
#0 C:\xampp\htdocs\tsms\app\Controllers\ClientCrud.php(68): CodeIgniter\Debug\Exceptions->errorHandler(8, 'Undefined varia...', 'C:\\xampp\\htdocs...', 68, Array)
#1 C:\xampp\htdocs\tsms\system\CodeIgniter.php(824): App\Controllers\ClientCrud->store()
#2 C:\xampp\htdocs\tsms\system\CodeIgniter.php(410): CodeIgniter\CodeIgniter->runController(Object(App\Controllers\ClientCrud))
#3 C:\xampp\htdocs\tsms\system\CodeIgniter.php(318): CodeIgniter\CodeIgniter->handleRequest(NULL, Object(Config\Cache), false)
#4 C:\xampp\htdocs\tsms\index.php(37): CodeIgniter\CodeIgniter->run()
#5 {main}
