CRITICAL - 2022-11-06 02:03:13 --> Undefined variable: start_date
#0 C:\xampp\htdocs\tsms\app\Controllers\FullCalendar.php(429): CodeIgniter\Debug\Exceptions->errorHandler(8, 'Undefined varia...', 'C:\\xampp\\htdocs...', 429, Array)
#1 C:\xampp\htdocs\tsms\system\CodeIgniter.php(824): App\Controllers\FullCalendar->getfilter()
#2 C:\xampp\htdocs\tsms\system\CodeIgniter.php(410): CodeIgniter\CodeIgniter->runController(Object(App\Controllers\FullCalendar))
#3 C:\xampp\htdocs\tsms\system\CodeIgniter.php(318): CodeIgniter\CodeIgniter->handleRequest(NULL, Object(Config\Cache), false)
#4 C:\xampp\htdocs\tsms\index.php(37): CodeIgniter\CodeIgniter->run()
#5 {main}
ERROR - 2022-11-06 03:05:04 --> Cannot add or update a child row: a foreign key constraint fails (`tsms`.`event_fcu`, CONSTRAINT `event_fcu_ibfk_3` FOREIGN KEY (`aircon_id`) REFERENCES `aircon` (`aircon_id`) ON DELETE CASCADE ON UPDATE CASCADE)
CRITICAL - 2022-11-06 03:05:04 --> Cannot add or update a child row: a foreign key constraint fails (`tsms`.`event_fcu`, CONSTRAINT `event_fcu_ibfk_3` FOREIGN KEY (`aircon_id`) REFERENCES `aircon` (`aircon_id`) ON DELETE CASCADE ON UPDATE CASCADE)
#0 C:\xampp\htdocs\tsms\system\Database\MySQLi\Connection.php(292): mysqli->query('INSERT INTO `ev...', 0)
#1 C:\xampp\htdocs\tsms\system\Database\BaseConnection.php(670): CodeIgniter\Database\MySQLi\Connection->execute('INSERT INTO `ev...')
#2 C:\xampp\htdocs\tsms\system\Database\BaseConnection.php(598): CodeIgniter\Database\BaseConnection->simpleQuery('INSERT INTO `ev...')
#3 C:\xampp\htdocs\tsms\system\Database\BaseBuilder.php(1759): CodeIgniter\Database\BaseConnection->query('INSERT INTO `ev...', Array, false)
#4 C:\xampp\htdocs\tsms\system\Model.php(239): CodeIgniter\Database\BaseBuilder->insert()
#5 C:\xampp\htdocs\tsms\system\BaseModel.php(738): CodeIgniter\Model->doInsert(Array)
#6 C:\xampp\htdocs\tsms\system\Model.php(620): CodeIgniter\BaseModel->insert(Array, true)
#7 C:\xampp\htdocs\tsms\app\Controllers\FullCalendar.php(700): CodeIgniter\Model->insert(Array)
#8 C:\xampp\htdocs\tsms\system\CodeIgniter.php(824): App\Controllers\FullCalendar->insert()
#9 C:\xampp\htdocs\tsms\system\CodeIgniter.php(410): CodeIgniter\CodeIgniter->runController(Object(App\Controllers\FullCalendar))
#10 C:\xampp\htdocs\tsms\system\CodeIgniter.php(318): CodeIgniter\CodeIgniter->handleRequest(NULL, Object(Config\Cache), false)
#11 C:\xampp\htdocs\tsms\index.php(37): CodeIgniter\CodeIgniter->run()
#12 {main}
ERROR - 2022-11-06 03:05:45 --> Cannot add or update a child row: a foreign key constraint fails (`tsms`.`event_fcu`, CONSTRAINT `event_fcu_ibfk_3` FOREIGN KEY (`aircon_id`) REFERENCES `aircon` (`aircon_id`) ON DELETE CASCADE ON UPDATE CASCADE)
CRITICAL - 2022-11-06 03:05:45 --> Cannot add or update a child row: a foreign key constraint fails (`tsms`.`event_fcu`, CONSTRAINT `event_fcu_ibfk_3` FOREIGN KEY (`aircon_id`) REFERENCES `aircon` (`aircon_id`) ON DELETE CASCADE ON UPDATE CASCADE)
#0 C:\xampp\htdocs\tsms\system\Database\MySQLi\Connection.php(292): mysqli->query('INSERT INTO `ev...', 0)
#1 C:\xampp\htdocs\tsms\system\Database\BaseConnection.php(670): CodeIgniter\Database\MySQLi\Connection->execute('INSERT INTO `ev...')
#2 C:\xampp\htdocs\tsms\system\Database\BaseConnection.php(598): CodeIgniter\Database\BaseConnection->simpleQuery('INSERT INTO `ev...')
#3 C:\xampp\htdocs\tsms\system\Database\BaseBuilder.php(1759): CodeIgniter\Database\BaseConnection->query('INSERT INTO `ev...', Array, false)
#4 C:\xampp\htdocs\tsms\system\Model.php(239): CodeIgniter\Database\BaseBuilder->insert()
#5 C:\xampp\htdocs\tsms\system\BaseModel.php(738): CodeIgniter\Model->doInsert(Array)
#6 C:\xampp\htdocs\tsms\system\Model.php(620): CodeIgniter\BaseModel->insert(Array, true)
#7 C:\xampp\htdocs\tsms\app\Controllers\FullCalendar.php(700): CodeIgniter\Model->insert(Array)
#8 C:\xampp\htdocs\tsms\system\CodeIgniter.php(824): App\Controllers\FullCalendar->insert()
#9 C:\xampp\htdocs\tsms\system\CodeIgniter.php(410): CodeIgniter\CodeIgniter->runController(Object(App\Controllers\FullCalendar))
#10 C:\xampp\htdocs\tsms\system\CodeIgniter.php(318): CodeIgniter\CodeIgniter->handleRequest(NULL, Object(Config\Cache), false)
#11 C:\xampp\htdocs\tsms\index.php(37): CodeIgniter\CodeIgniter->run()
#12 {main}
ERROR - 2022-11-06 03:06:20 --> Cannot add or update a child row: a foreign key constraint fails (`tsms`.`event_fcu`, CONSTRAINT `event_fcu_ibfk_3` FOREIGN KEY (`aircon_id`) REFERENCES `aircon` (`aircon_id`) ON DELETE CASCADE ON UPDATE CASCADE)
CRITICAL - 2022-11-06 03:06:20 --> Cannot add or update a child row: a foreign key constraint fails (`tsms`.`event_fcu`, CONSTRAINT `event_fcu_ibfk_3` FOREIGN KEY (`aircon_id`) REFERENCES `aircon` (`aircon_id`) ON DELETE CASCADE ON UPDATE CASCADE)
#0 C:\xampp\htdocs\tsms\system\Database\MySQLi\Connection.php(292): mysqli->query('INSERT INTO `ev...', 0)
#1 C:\xampp\htdocs\tsms\system\Database\BaseConnection.php(670): CodeIgniter\Database\MySQLi\Connection->execute('INSERT INTO `ev...')
#2 C:\xampp\htdocs\tsms\system\Database\BaseConnection.php(598): CodeIgniter\Database\BaseConnection->simpleQuery('INSERT INTO `ev...')
#3 C:\xampp\htdocs\tsms\system\Database\BaseBuilder.php(1759): CodeIgniter\Database\BaseConnection->query('INSERT INTO `ev...', Array, false)
#4 C:\xampp\htdocs\tsms\system\Model.php(239): CodeIgniter\Database\BaseBuilder->insert()
#5 C:\xampp\htdocs\tsms\system\BaseModel.php(738): CodeIgniter\Model->doInsert(Array)
#6 C:\xampp\htdocs\tsms\system\Model.php(620): CodeIgniter\BaseModel->insert(Array, true)
#7 C:\xampp\htdocs\tsms\app\Controllers\FullCalendar.php(700): CodeIgniter\Model->insert(Array)
#8 C:\xampp\htdocs\tsms\system\CodeIgniter.php(824): App\Controllers\FullCalendar->insert()
#9 C:\xampp\htdocs\tsms\system\CodeIgniter.php(410): CodeIgniter\CodeIgniter->runController(Object(App\Controllers\FullCalendar))
#10 C:\xampp\htdocs\tsms\system\CodeIgniter.php(318): CodeIgniter\CodeIgniter->handleRequest(NULL, Object(Config\Cache), false)
#11 C:\xampp\htdocs\tsms\index.php(37): CodeIgniter\CodeIgniter->run()
#12 {main}
CRITICAL - 2022-11-06 03:41:00 --> Undefined index: aircon_type
#0 C:\xampp\htdocs\tsms\app\Controllers\FullCalendar.php(99): CodeIgniter\Debug\Exceptions->errorHandler(8, 'Undefined index...', 'C:\\xampp\\htdocs...', 99, Array)
#1 C:\xampp\htdocs\tsms\system\CodeIgniter.php(824): App\Controllers\FullCalendar->index()
#2 C:\xampp\htdocs\tsms\system\CodeIgniter.php(410): CodeIgniter\CodeIgniter->runController(Object(App\Controllers\FullCalendar))
#3 C:\xampp\htdocs\tsms\system\CodeIgniter.php(318): CodeIgniter\CodeIgniter->handleRequest(NULL, Object(Config\Cache), false)
#4 C:\xampp\htdocs\tsms\index.php(37): CodeIgniter\CodeIgniter->run()
#5 {main}
CRITICAL - 2022-11-06 03:51:09 --> Array to string conversion
#0 C:\xampp\htdocs\tsms\app\Controllers\FullCalendar.php(97): CodeIgniter\Debug\Exceptions->errorHandler(8, 'Array to string...', 'C:\\xampp\\htdocs...', 97, Array)
#1 C:\xampp\htdocs\tsms\system\CodeIgniter.php(824): App\Controllers\FullCalendar->index()
#2 C:\xampp\htdocs\tsms\system\CodeIgniter.php(410): CodeIgniter\CodeIgniter->runController(Object(App\Controllers\FullCalendar))
#3 C:\xampp\htdocs\tsms\system\CodeIgniter.php(318): CodeIgniter\CodeIgniter->handleRequest(NULL, Object(Config\Cache), false)
#4 C:\xampp\htdocs\tsms\index.php(37): CodeIgniter\CodeIgniter->run()
#5 {main}
CRITICAL - 2022-11-06 03:54:42 --> Undefined index: fcu_array
#0 C:\xampp\htdocs\tsms\app\Controllers\FullCalendar.php(137): CodeIgniter\Debug\Exceptions->errorHandler(8, 'Undefined index...', 'C:\\xampp\\htdocs...', 137, Array)
#1 C:\xampp\htdocs\tsms\system\CodeIgniter.php(824): App\Controllers\FullCalendar->index()
#2 C:\xampp\htdocs\tsms\system\CodeIgniter.php(410): CodeIgniter\CodeIgniter->runController(Object(App\Controllers\FullCalendar))
#3 C:\xampp\htdocs\tsms\system\CodeIgniter.php(318): CodeIgniter\CodeIgniter->handleRequest(NULL, Object(Config\Cache), false)
#4 C:\xampp\htdocs\tsms\index.php(37): CodeIgniter\CodeIgniter->run()
#5 {main}
CRITICAL - 2022-11-06 04:13:59 --> Undefined variable: fcu_array
#0 C:\xampp\htdocs\tsms\app\Views\admin\calendar\events.php(89): CodeIgniter\Debug\Exceptions->errorHandler(8, 'Undefined varia...', 'C:\\xampp\\htdocs...', 89, Array)
#1 C:\xampp\htdocs\tsms\system\View\View.php(214): include('C:\\xampp\\htdocs...')
#2 C:\xampp\htdocs\tsms\system\View\View.php(217): CodeIgniter\View\View->CodeIgniter\View\{closure}()
#3 C:\xampp\htdocs\tsms\system\Common.php(1097): CodeIgniter\View\View->render('admin/calendar/...', Array, true)
#4 C:\xampp\htdocs\tsms\app\Views\templates\template.php(3): view('admin/calendar/...')
#5 C:\xampp\htdocs\tsms\system\View\View.php(214): include('C:\\xampp\\htdocs...')
#6 C:\xampp\htdocs\tsms\system\View\View.php(217): CodeIgniter\View\View->CodeIgniter\View\{closure}()
#7 C:\xampp\htdocs\tsms\system\Common.php(1097): CodeIgniter\View\View->render('templates/templ...', Array, true)
#8 C:\xampp\htdocs\tsms\app\Controllers\FullCalendar.php(411): view('templates/templ...', Array)
#9 C:\xampp\htdocs\tsms\system\CodeIgniter.php(824): App\Controllers\FullCalendar->event()
#10 C:\xampp\htdocs\tsms\system\CodeIgniter.php(410): CodeIgniter\CodeIgniter->runController(Object(App\Controllers\FullCalendar))
#11 C:\xampp\htdocs\tsms\system\CodeIgniter.php(318): CodeIgniter\CodeIgniter->handleRequest(NULL, Object(Config\Cache), false)
#12 C:\xampp\htdocs\tsms\index.php(37): CodeIgniter\CodeIgniter->run()
#13 {main}
CRITICAL - 2022-11-06 04:14:51 --> Cannot use object of type stdClass as array
#0 C:\xampp\htdocs\tsms\system\View\View.php(214): include()
#1 C:\xampp\htdocs\tsms\system\View\View.php(217): CodeIgniter\View\View->CodeIgniter\View\{closure}()
#2 C:\xampp\htdocs\tsms\system\Common.php(1097): CodeIgniter\View\View->render('admin/calendar/...', Array, true)
#3 C:\xampp\htdocs\tsms\app\Views\templates\template.php(3): view('admin/calendar/...')
#4 C:\xampp\htdocs\tsms\system\View\View.php(214): include('C:\\xampp\\htdocs...')
#5 C:\xampp\htdocs\tsms\system\View\View.php(217): CodeIgniter\View\View->CodeIgniter\View\{closure}()
#6 C:\xampp\htdocs\tsms\system\Common.php(1097): CodeIgniter\View\View->render('templates/templ...', Array, true)
#7 C:\xampp\htdocs\tsms\app\Controllers\FullCalendar.php(411): view('templates/templ...', Array)
#8 C:\xampp\htdocs\tsms\system\CodeIgniter.php(824): App\Controllers\FullCalendar->event()
#9 C:\xampp\htdocs\tsms\system\CodeIgniter.php(410): CodeIgniter\CodeIgniter->runController(Object(App\Controllers\FullCalendar))
#10 C:\xampp\htdocs\tsms\system\CodeIgniter.php(318): CodeIgniter\CodeIgniter->handleRequest(NULL, Object(Config\Cache), false)
#11 C:\xampp\htdocs\tsms\index.php(37): CodeIgniter\CodeIgniter->run()
#12 {main}
CRITICAL - 2022-11-06 04:15:11 --> Cannot use object of type stdClass as array
#0 C:\xampp\htdocs\tsms\system\View\View.php(214): include()
#1 C:\xampp\htdocs\tsms\system\View\View.php(217): CodeIgniter\View\View->CodeIgniter\View\{closure}()
#2 C:\xampp\htdocs\tsms\system\Common.php(1097): CodeIgniter\View\View->render('admin/calendar/...', Array, true)
#3 C:\xampp\htdocs\tsms\app\Views\templates\template.php(3): view('admin/calendar/...')
#4 C:\xampp\htdocs\tsms\system\View\View.php(214): include('C:\\xampp\\htdocs...')
#5 C:\xampp\htdocs\tsms\system\View\View.php(217): CodeIgniter\View\View->CodeIgniter\View\{closure}()
#6 C:\xampp\htdocs\tsms\system\Common.php(1097): CodeIgniter\View\View->render('templates/templ...', Array, true)
#7 C:\xampp\htdocs\tsms\app\Controllers\FullCalendar.php(411): view('templates/templ...', Array)
#8 C:\xampp\htdocs\tsms\system\CodeIgniter.php(824): App\Controllers\FullCalendar->event()
#9 C:\xampp\htdocs\tsms\system\CodeIgniter.php(410): CodeIgniter\CodeIgniter->runController(Object(App\Controllers\FullCalendar))
#10 C:\xampp\htdocs\tsms\system\CodeIgniter.php(318): CodeIgniter\CodeIgniter->handleRequest(NULL, Object(Config\Cache), false)
#11 C:\xampp\htdocs\tsms\index.php(37): CodeIgniter\CodeIgniter->run()
#12 {main}
CRITICAL - 2022-11-06 04:15:24 --> Undefined variable: data
#0 C:\xampp\htdocs\tsms\app\Views\admin\calendar\events.php(90): CodeIgniter\Debug\Exceptions->errorHandler(8, 'Undefined varia...', 'C:\\xampp\\htdocs...', 90, Array)
#1 C:\xampp\htdocs\tsms\system\View\View.php(214): include('C:\\xampp\\htdocs...')
#2 C:\xampp\htdocs\tsms\system\View\View.php(217): CodeIgniter\View\View->CodeIgniter\View\{closure}()
#3 C:\xampp\htdocs\tsms\system\Common.php(1097): CodeIgniter\View\View->render('admin/calendar/...', Array, true)
#4 C:\xampp\htdocs\tsms\app\Views\templates\template.php(3): view('admin/calendar/...')
#5 C:\xampp\htdocs\tsms\system\View\View.php(214): include('C:\\xampp\\htdocs...')
#6 C:\xampp\htdocs\tsms\system\View\View.php(217): CodeIgniter\View\View->CodeIgniter\View\{closure}()
#7 C:\xampp\htdocs\tsms\system\Common.php(1097): CodeIgniter\View\View->render('templates/templ...', Array, true)
#8 C:\xampp\htdocs\tsms\app\Controllers\FullCalendar.php(411): view('templates/templ...', Array)
#9 C:\xampp\htdocs\tsms\system\CodeIgniter.php(824): App\Controllers\FullCalendar->event()
#10 C:\xampp\htdocs\tsms\system\CodeIgniter.php(410): CodeIgniter\CodeIgniter->runController(Object(App\Controllers\FullCalendar))
#11 C:\xampp\htdocs\tsms\system\CodeIgniter.php(318): CodeIgniter\CodeIgniter->handleRequest(NULL, Object(Config\Cache), false)
#12 C:\xampp\htdocs\tsms\index.php(37): CodeIgniter\CodeIgniter->run()
#13 {main}
CRITICAL - 2022-11-06 04:15:33 --> count(): Parameter must be an array or an object that implements Countable
#0 C:\xampp\htdocs\tsms\app\Views\admin\calendar\events.php(90): CodeIgniter\Debug\Exceptions->errorHandler(2, 'count(): Parame...', 'C:\\xampp\\htdocs...', 90, Array)
#1 C:\xampp\htdocs\tsms\system\View\View.php(214): include('C:\\xampp\\htdocs...')
#2 C:\xampp\htdocs\tsms\system\View\View.php(217): CodeIgniter\View\View->CodeIgniter\View\{closure}()
#3 C:\xampp\htdocs\tsms\system\Common.php(1097): CodeIgniter\View\View->render('admin/calendar/...', Array, true)
#4 C:\xampp\htdocs\tsms\app\Views\templates\template.php(3): view('admin/calendar/...')
#5 C:\xampp\htdocs\tsms\system\View\View.php(214): include('C:\\xampp\\htdocs...')
#6 C:\xampp\htdocs\tsms\system\View\View.php(217): CodeIgniter\View\View->CodeIgniter\View\{closure}()
#7 C:\xampp\htdocs\tsms\system\Common.php(1097): CodeIgniter\View\View->render('templates/templ...', Array, true)
#8 C:\xampp\htdocs\tsms\app\Controllers\FullCalendar.php(411): view('templates/templ...', Array)
#9 C:\xampp\htdocs\tsms\system\CodeIgniter.php(824): App\Controllers\FullCalendar->event()
#10 C:\xampp\htdocs\tsms\system\CodeIgniter.php(410): CodeIgniter\CodeIgniter->runController(Object(App\Controllers\FullCalendar))
#11 C:\xampp\htdocs\tsms\system\CodeIgniter.php(318): CodeIgniter\CodeIgniter->handleRequest(NULL, Object(Config\Cache), false)
#12 C:\xampp\htdocs\tsms\index.php(37): CodeIgniter\CodeIgniter->run()
#13 {main}
CRITICAL - 2022-11-06 04:18:26 --> Class 'App\Controllers\Event_fcu_views' not found
#0 C:\xampp\htdocs\tsms\system\CodeIgniter.php(824): App\Controllers\FullCalendar->event()
#1 C:\xampp\htdocs\tsms\system\CodeIgniter.php(410): CodeIgniter\CodeIgniter->runController(Object(App\Controllers\FullCalendar))
#2 C:\xampp\htdocs\tsms\system\CodeIgniter.php(318): CodeIgniter\CodeIgniter->handleRequest(NULL, Object(Config\Cache), false)
#3 C:\xampp\htdocs\tsms\index.php(37): CodeIgniter\CodeIgniter->run()
#4 {main}
CRITICAL - 2022-11-06 04:48:49 --> syntax error, unexpected ';'
#0 C:\xampp\htdocs\tsms\system\View\View.php(217): CodeIgniter\View\View->CodeIgniter\View\{closure}()
#1 C:\xampp\htdocs\tsms\system\Common.php(1097): CodeIgniter\View\View->render('admin/calendar/...', Array, true)
#2 C:\xampp\htdocs\tsms\app\Views\templates\template.php(3): view('admin/calendar/...')
#3 C:\xampp\htdocs\tsms\system\View\View.php(214): include('C:\\xampp\\htdocs...')
#4 C:\xampp\htdocs\tsms\system\View\View.php(217): CodeIgniter\View\View->CodeIgniter\View\{closure}()
#5 C:\xampp\htdocs\tsms\system\Common.php(1097): CodeIgniter\View\View->render('templates/templ...', Array, true)
#6 C:\xampp\htdocs\tsms\app\Controllers\FullCalendar.php(414): view('templates/templ...', Array)
#7 C:\xampp\htdocs\tsms\system\CodeIgniter.php(824): App\Controllers\FullCalendar->event()
#8 C:\xampp\htdocs\tsms\system\CodeIgniter.php(410): CodeIgniter\CodeIgniter->runController(Object(App\Controllers\FullCalendar))
#9 C:\xampp\htdocs\tsms\system\CodeIgniter.php(318): CodeIgniter\CodeIgniter->handleRequest(NULL, Object(Config\Cache), false)
#10 C:\xampp\htdocs\tsms\index.php(37): CodeIgniter\CodeIgniter->run()
#11 {main}
CRITICAL - 2022-11-06 04:49:07 --> Undefined property: stdClass::$aircon_array
#0 C:\xampp\htdocs\tsms\app\Views\admin\calendar\events.php(99): CodeIgniter\Debug\Exceptions->errorHandler(8, 'Undefined prope...', 'C:\\xampp\\htdocs...', 99, Array)
#1 C:\xampp\htdocs\tsms\system\View\View.php(214): include('C:\\xampp\\htdocs...')
#2 C:\xampp\htdocs\tsms\system\View\View.php(217): CodeIgniter\View\View->CodeIgniter\View\{closure}()
#3 C:\xampp\htdocs\tsms\system\Common.php(1097): CodeIgniter\View\View->render('admin/calendar/...', Array, true)
#4 C:\xampp\htdocs\tsms\app\Views\templates\template.php(3): view('admin/calendar/...')
#5 C:\xampp\htdocs\tsms\system\View\View.php(214): include('C:\\xampp\\htdocs...')
#6 C:\xampp\htdocs\tsms\system\View\View.php(217): CodeIgniter\View\View->CodeIgniter\View\{closure}()
#7 C:\xampp\htdocs\tsms\system\Common.php(1097): CodeIgniter\View\View->render('templates/templ...', Array, true)
#8 C:\xampp\htdocs\tsms\app\Controllers\FullCalendar.php(414): view('templates/templ...', Array)
#9 C:\xampp\htdocs\tsms\system\CodeIgniter.php(824): App\Controllers\FullCalendar->event()
#10 C:\xampp\htdocs\tsms\system\CodeIgniter.php(410): CodeIgniter\CodeIgniter->runController(Object(App\Controllers\FullCalendar))
#11 C:\xampp\htdocs\tsms\system\CodeIgniter.php(318): CodeIgniter\CodeIgniter->handleRequest(NULL, Object(Config\Cache), false)
#12 C:\xampp\htdocs\tsms\index.php(37): CodeIgniter\CodeIgniter->run()
#13 {main}
CRITICAL - 2022-11-06 05:27:16 --> Object of class stdClass could not be converted to int
#0 C:\xampp\htdocs\tsms\app\Views\admin\calendar\events.php(115): CodeIgniter\Debug\Exceptions->errorHandler(8, 'Object of class...', 'C:\\xampp\\htdocs...', 115, Array)
#1 C:\xampp\htdocs\tsms\system\View\View.php(214): include('C:\\xampp\\htdocs...')
#2 C:\xampp\htdocs\tsms\system\View\View.php(217): CodeIgniter\View\View->CodeIgniter\View\{closure}()
#3 C:\xampp\htdocs\tsms\system\Common.php(1097): CodeIgniter\View\View->render('admin/calendar/...', Array, true)
#4 C:\xampp\htdocs\tsms\app\Views\templates\template.php(3): view('admin/calendar/...')
#5 C:\xampp\htdocs\tsms\system\View\View.php(214): include('C:\\xampp\\htdocs...')
#6 C:\xampp\htdocs\tsms\system\View\View.php(217): CodeIgniter\View\View->CodeIgniter\View\{closure}()
#7 C:\xampp\htdocs\tsms\system\Common.php(1097): CodeIgniter\View\View->render('templates/templ...', Array, true)
#8 C:\xampp\htdocs\tsms\app\Controllers\FullCalendar.php(424): view('templates/templ...', Array)
#9 C:\xampp\htdocs\tsms\system\CodeIgniter.php(824): App\Controllers\FullCalendar->event()
#10 C:\xampp\htdocs\tsms\system\CodeIgniter.php(410): CodeIgniter\CodeIgniter->runController(Object(App\Controllers\FullCalendar))
#11 C:\xampp\htdocs\tsms\system\CodeIgniter.php(318): CodeIgniter\CodeIgniter->handleRequest(NULL, Object(Config\Cache), false)
#12 C:\xampp\htdocs\tsms\index.php(37): CodeIgniter\CodeIgniter->run()
#13 {main}
CRITICAL - 2022-11-06 05:27:34 --> Object of class stdClass could not be converted to int
#0 C:\xampp\htdocs\tsms\app\Views\admin\calendar\events.php(115): CodeIgniter\Debug\Exceptions->errorHandler(8, 'Object of class...', 'C:\\xampp\\htdocs...', 115, Array)
#1 C:\xampp\htdocs\tsms\system\View\View.php(214): include('C:\\xampp\\htdocs...')
#2 C:\xampp\htdocs\tsms\system\View\View.php(217): CodeIgniter\View\View->CodeIgniter\View\{closure}()
#3 C:\xampp\htdocs\tsms\system\Common.php(1097): CodeIgniter\View\View->render('admin/calendar/...', Array, true)
#4 C:\xampp\htdocs\tsms\app\Views\templates\template.php(3): view('admin/calendar/...')
#5 C:\xampp\htdocs\tsms\system\View\View.php(214): include('C:\\xampp\\htdocs...')
#6 C:\xampp\htdocs\tsms\system\View\View.php(217): CodeIgniter\View\View->CodeIgniter\View\{closure}()
#7 C:\xampp\htdocs\tsms\system\Common.php(1097): CodeIgniter\View\View->render('templates/templ...', Array, true)
#8 C:\xampp\htdocs\tsms\app\Controllers\FullCalendar.php(424): view('templates/templ...', Array)
#9 C:\xampp\htdocs\tsms\system\CodeIgniter.php(824): App\Controllers\FullCalendar->event()
#10 C:\xampp\htdocs\tsms\system\CodeIgniter.php(410): CodeIgniter\CodeIgniter->runController(Object(App\Controllers\FullCalendar))
#11 C:\xampp\htdocs\tsms\system\CodeIgniter.php(318): CodeIgniter\CodeIgniter->handleRequest(NULL, Object(Config\Cache), false)
#12 C:\xampp\htdocs\tsms\index.php(37): CodeIgniter\CodeIgniter->run()
#13 {main}
CRITICAL - 2022-11-06 05:28:03 --> Undefined variable: data
#0 C:\xampp\htdocs\tsms\app\Controllers\FullCalendar.php(364): CodeIgniter\Debug\Exceptions->errorHandler(8, 'Undefined varia...', 'C:\\xampp\\htdocs...', 364, Array)
#1 C:\xampp\htdocs\tsms\system\CodeIgniter.php(824): App\Controllers\FullCalendar->event()
#2 C:\xampp\htdocs\tsms\system\CodeIgniter.php(410): CodeIgniter\CodeIgniter->runController(Object(App\Controllers\FullCalendar))
#3 C:\xampp\htdocs\tsms\system\CodeIgniter.php(318): CodeIgniter\CodeIgniter->handleRequest(NULL, Object(Config\Cache), false)
#4 C:\xampp\htdocs\tsms\index.php(37): CodeIgniter\CodeIgniter->run()
#5 {main}
