ERROR - 2023-02-12 00:12:58 --> Error connecting to the database: No connection could be made because the target machine actively refused it.

CRITICAL - 2023-02-12 00:12:58 --> Unable to connect to the database.
Main connection [MySQLi]: No connection could be made because the target machine actively refused it.

#0 C:\xampp\htdocs\tsms\system\Database\BaseConnection.php(577): CodeIgniter\Database\BaseConnection->initialize()
#1 C:\xampp\htdocs\tsms\system\Database\BaseBuilder.php(1443): CodeIgniter\Database\BaseConnection->query('SELECT 1\nFROM `...', Array, false)
#2 C:\xampp\htdocs\tsms\system\Validation\Rules.php(116): CodeIgniter\Database\BaseBuilder->get()
#3 C:\xampp\htdocs\tsms\system\Validation\Validation.php(277): CodeIgniter\Validation\Rules->is_not_unique('admin@gmail.com', 'email', Array, NULL)
#4 C:\xampp\htdocs\tsms\system\Validation\Validation.php(151): CodeIgniter\Validation\Validation->processRules('email', 'email', 'admin@gmail.com', Array, Array)
#5 C:\xampp\htdocs\tsms\system\Controller.php(160): CodeIgniter\Validation\Validation->run()
#6 C:\xampp\htdocs\tsms\app\Controllers\Pages.php(71): CodeIgniter\Controller->validate(Array)
#7 C:\xampp\htdocs\tsms\system\CodeIgniter.php(824): App\Controllers\Pages->check()
#8 C:\xampp\htdocs\tsms\system\CodeIgniter.php(410): CodeIgniter\CodeIgniter->runController(Object(App\Controllers\Pages))
#9 C:\xampp\htdocs\tsms\system\CodeIgniter.php(318): CodeIgniter\CodeIgniter->handleRequest(NULL, Object(Config\Cache), false)
#10 C:\xampp\htdocs\tsms\index.php(37): CodeIgniter\CodeIgniter->run()
#11 {main}
ERROR - 2023-02-12 05:28:03 --> Error connecting to the database: Access denied for user '****'@'localhost' (using password: NO)
CRITICAL - 2023-02-12 05:28:03 --> Unable to connect to the database.
Main connection [MySQLi]: Access denied for user '****'@'localhost' (using password: NO)
#0 C:\xampp\htdocs\tsms\system\Database\BaseConnection.php(577): CodeIgniter\Database\BaseConnection->initialize()
#1 C:\xampp\htdocs\tsms\system\Database\BaseBuilder.php(1443): CodeIgniter\Database\BaseConnection->query('SELECT 1\nFROM `...', Array, false)
#2 C:\xampp\htdocs\tsms\system\Validation\Rules.php(116): CodeIgniter\Database\BaseBuilder->get()
#3 C:\xampp\htdocs\tsms\system\Validation\Validation.php(277): CodeIgniter\Validation\Rules->is_not_unique('moges84041@chnl...', 'email', Array, NULL)
#4 C:\xampp\htdocs\tsms\system\Validation\Validation.php(151): CodeIgniter\Validation\Validation->processRules('email', 'email', 'moges84041@chnl...', Array, Array)
#5 C:\xampp\htdocs\tsms\system\Controller.php(160): CodeIgniter\Validation\Validation->run()
#6 C:\xampp\htdocs\tsms\app\Controllers\Pages.php(216): CodeIgniter\Controller->validate(Array)
#7 C:\xampp\htdocs\tsms\system\CodeIgniter.php(824): App\Controllers\Pages->checkEmployee()
#8 C:\xampp\htdocs\tsms\system\CodeIgniter.php(410): CodeIgniter\CodeIgniter->runController(Object(App\Controllers\Pages))
#9 C:\xampp\htdocs\tsms\system\CodeIgniter.php(318): CodeIgniter\CodeIgniter->handleRequest(NULL, Object(Config\Cache), false)
#10 C:\xampp\htdocs\tsms\index.php(37): CodeIgniter\CodeIgniter->run()
#11 {main}
ERROR - 2023-02-12 21:06:09 --> Error connecting to the database: No connection could be made because the target machine actively refused it.

CRITICAL - 2023-02-12 21:06:09 --> Unable to connect to the database.
Main connection [MySQLi]: No connection could be made because the target machine actively refused it.

#0 C:\xampp\htdocs\tsms\system\Database\BaseConnection.php(577): CodeIgniter\Database\BaseConnection->initialize()
#1 C:\xampp\htdocs\tsms\system\Database\BaseBuilder.php(1443): CodeIgniter\Database\BaseConnection->query('SELECT 1\nFROM `...', Array, false)
#2 C:\xampp\htdocs\tsms\system\Validation\Rules.php(116): CodeIgniter\Database\BaseBuilder->get()
#3 C:\xampp\htdocs\tsms\system\Validation\Validation.php(277): CodeIgniter\Validation\Rules->is_not_unique('admin@gmail.com', 'email', Array, NULL)
#4 C:\xampp\htdocs\tsms\system\Validation\Validation.php(151): CodeIgniter\Validation\Validation->processRules('email', 'email', 'admin@gmail.com', Array, Array)
#5 C:\xampp\htdocs\tsms\system\Controller.php(160): CodeIgniter\Validation\Validation->run()
#6 C:\xampp\htdocs\tsms\app\Controllers\Pages.php(71): CodeIgniter\Controller->validate(Array)
#7 C:\xampp\htdocs\tsms\system\CodeIgniter.php(824): App\Controllers\Pages->check()
#8 C:\xampp\htdocs\tsms\system\CodeIgniter.php(410): CodeIgniter\CodeIgniter->runController(Object(App\Controllers\Pages))
#9 C:\xampp\htdocs\tsms\system\CodeIgniter.php(318): CodeIgniter\CodeIgniter->handleRequest(NULL, Object(Config\Cache), false)
#10 C:\xampp\htdocs\tsms\index.php(37): CodeIgniter\CodeIgniter->run()
#11 {main}
ERROR - 2023-02-12 21:25:30 --> Error connecting to the database: No connection could be made because the target machine actively refused it.

CRITICAL - 2023-02-12 21:25:30 --> Unable to connect to the database.
Main connection [MySQLi]: No connection could be made because the target machine actively refused it.

#0 C:\xampp\htdocs\tsms\system\Database\BaseConnection.php(577): CodeIgniter\Database\BaseConnection->initialize()
#1 C:\xampp\htdocs\tsms\system\Database\BaseBuilder.php(1443): CodeIgniter\Database\BaseConnection->query('SELECT 1\nFROM `...', Array, false)
#2 C:\xampp\htdocs\tsms\system\Validation\Rules.php(116): CodeIgniter\Database\BaseBuilder->get()
#3 C:\xampp\htdocs\tsms\system\Validation\Validation.php(277): CodeIgniter\Validation\Rules->is_not_unique('admin@gmail.com', 'email', Array, NULL)
#4 C:\xampp\htdocs\tsms\system\Validation\Validation.php(151): CodeIgniter\Validation\Validation->processRules('email', 'email', 'admin@gmail.com', Array, Array)
#5 C:\xampp\htdocs\tsms\system\Controller.php(160): CodeIgniter\Validation\Validation->run()
#6 C:\xampp\htdocs\tsms\app\Controllers\Pages.php(71): CodeIgniter\Controller->validate(Array)
#7 C:\xampp\htdocs\tsms\system\CodeIgniter.php(824): App\Controllers\Pages->check()
#8 C:\xampp\htdocs\tsms\system\CodeIgniter.php(410): CodeIgniter\CodeIgniter->runController(Object(App\Controllers\Pages))
#9 C:\xampp\htdocs\tsms\system\CodeIgniter.php(318): CodeIgniter\CodeIgniter->handleRequest(NULL, Object(Config\Cache), false)
#10 C:\xampp\htdocs\tsms\index.php(37): CodeIgniter\CodeIgniter->run()
#11 {main}
CRITICAL - 2023-02-12 21:32:41 --> Trying to access array offset on value of type null
#0 C:\xampp\htdocs\tsms\app\Controllers\Dashboard.php(672): CodeIgniter\Debug\Exceptions->errorHandler(8, 'Trying to acces...', 'C:\\xampp\\htdocs...', 672, Array)
#1 C:\xampp\htdocs\tsms\system\CodeIgniter.php(824): App\Controllers\Dashboard->clientDashboard()
#2 C:\xampp\htdocs\tsms\system\CodeIgniter.php(410): CodeIgniter\CodeIgniter->runController(Object(App\Controllers\Dashboard))
#3 C:\xampp\htdocs\tsms\system\CodeIgniter.php(318): CodeIgniter\CodeIgniter->handleRequest(NULL, Object(Config\Cache), false)
#4 C:\xampp\htdocs\tsms\index.php(37): CodeIgniter\CodeIgniter->run()
#5 {main}
CRITICAL - 2023-02-12 21:32:41 --> Trying to access array offset on value of type null
#0 C:\xampp\htdocs\tsms\app\Controllers\Dashboard.php(672): CodeIgniter\Debug\Exceptions->errorHandler(8, 'Trying to acces...', 'C:\\xampp\\htdocs...', 672, Array)
#1 C:\xampp\htdocs\tsms\system\CodeIgniter.php(824): App\Controllers\Dashboard->clientDashboard()
#2 C:\xampp\htdocs\tsms\system\CodeIgniter.php(410): CodeIgniter\CodeIgniter->runController(Object(App\Controllers\Dashboard))
#3 C:\xampp\htdocs\tsms\system\CodeIgniter.php(318): CodeIgniter\CodeIgniter->handleRequest(NULL, Object(Config\Cache), false)
#4 C:\xampp\htdocs\tsms\index.php(37): CodeIgniter\CodeIgniter->run()
#5 {main}
