ERROR - 2022-09-24 14:07:10 --> Table 'tsms.event_emp_views' doesn't exist
CRITICAL - 2022-09-24 14:07:10 --> Table 'tsms.event_emp_views' doesn't exist
#0 C:\xampp\htdocs\tsms\system\Database\MySQLi\Connection.php(292): mysqli->query('SELECT *\nFROM `...', 0)
#1 C:\xampp\htdocs\tsms\system\Database\BaseConnection.php(670): CodeIgniter\Database\MySQLi\Connection->execute('SELECT *\nFROM `...')
#2 C:\xampp\htdocs\tsms\system\Database\BaseConnection.php(598): CodeIgniter\Database\BaseConnection->simpleQuery('SELECT *\nFROM `...')
#3 C:\xampp\htdocs\tsms\system\Database\BaseBuilder.php(1443): CodeIgniter\Database\BaseConnection->query('SELECT *\nFROM `...', Array, false)
#4 C:\xampp\htdocs\tsms\system\Model.php(183): CodeIgniter\Database\BaseBuilder->get()
#5 C:\xampp\htdocs\tsms\system\BaseModel.php(584): CodeIgniter\Model->doFindAll(0, 0)
#6 C:\xampp\htdocs\tsms\app\Controllers\Dashboard.php(56): CodeIgniter\BaseModel->findAll()
#7 C:\xampp\htdocs\tsms\system\CodeIgniter.php(824): App\Controllers\Dashboard->dashboard()
#8 C:\xampp\htdocs\tsms\system\CodeIgniter.php(410): CodeIgniter\CodeIgniter->runController(Object(App\Controllers\Dashboard))
#9 C:\xampp\htdocs\tsms\system\CodeIgniter.php(318): CodeIgniter\CodeIgniter->handleRequest(NULL, Object(Config\Cache), false)
#10 C:\xampp\htdocs\tsms\index.php(37): CodeIgniter\CodeIgniter->run()
#11 {main}
ERROR - 2022-09-24 14:13:20 --> Table 'tsms.event_emp_views' doesn't exist
CRITICAL - 2022-09-24 14:13:20 --> Table 'tsms.event_emp_views' doesn't exist
#0 C:\xampp\htdocs\tsms\system\Database\MySQLi\Connection.php(292): mysqli->query('SELECT *\nFROM `...', 0)
#1 C:\xampp\htdocs\tsms\system\Database\BaseConnection.php(670): CodeIgniter\Database\MySQLi\Connection->execute('SELECT *\nFROM `...')
#2 C:\xampp\htdocs\tsms\system\Database\BaseConnection.php(598): CodeIgniter\Database\BaseConnection->simpleQuery('SELECT *\nFROM `...')
#3 C:\xampp\htdocs\tsms\system\Database\BaseBuilder.php(1443): CodeIgniter\Database\BaseConnection->query('SELECT *\nFROM `...', Array, false)
#4 C:\xampp\htdocs\tsms\system\Model.php(183): CodeIgniter\Database\BaseBuilder->get()
#5 C:\xampp\htdocs\tsms\system\BaseModel.php(584): CodeIgniter\Model->doFindAll(0, 0)
#6 C:\xampp\htdocs\tsms\app\Controllers\Dashboard.php(56): CodeIgniter\BaseModel->findAll()
#7 C:\xampp\htdocs\tsms\system\CodeIgniter.php(824): App\Controllers\Dashboard->dashboard()
#8 C:\xampp\htdocs\tsms\system\CodeIgniter.php(410): CodeIgniter\CodeIgniter->runController(Object(App\Controllers\Dashboard))
#9 C:\xampp\htdocs\tsms\system\CodeIgniter.php(318): CodeIgniter\CodeIgniter->handleRequest(NULL, Object(Config\Cache), false)
#10 C:\xampp\htdocs\tsms\index.php(37): CodeIgniter\CodeIgniter->run()
#11 {main}
CRITICAL - 2022-09-24 18:03:00 --> A non-numeric value encountered
#0 C:\xampp\htdocs\tsms\app\Views\dashboard\dashboard.php(426): CodeIgniter\Debug\Exceptions->errorHandler(2, 'A non-numeric v...', 'C:\\xampp\\htdocs...', 426, Array)
#1 C:\xampp\htdocs\tsms\system\View\View.php(214): include('C:\\xampp\\htdocs...')
#2 C:\xampp\htdocs\tsms\system\View\View.php(217): CodeIgniter\View\View->CodeIgniter\View\{closure}()
#3 C:\xampp\htdocs\tsms\system\Common.php(1097): CodeIgniter\View\View->render('dashboard/dashb...', Array, true)
#4 C:\xampp\htdocs\tsms\app\Views\dashboard\template.php(3): view('dashboard/dashb...')
#5 C:\xampp\htdocs\tsms\system\View\View.php(214): include('C:\\xampp\\htdocs...')
#6 C:\xampp\htdocs\tsms\system\View\View.php(217): CodeIgniter\View\View->CodeIgniter\View\{closure}()
#7 C:\xampp\htdocs\tsms\system\Common.php(1097): CodeIgniter\View\View->render('dashboard/templ...', Array, true)
#8 C:\xampp\htdocs\tsms\app\Controllers\Dashboard.php(265): view('dashboard/templ...', Array)
#9 C:\xampp\htdocs\tsms\system\CodeIgniter.php(824): App\Controllers\Dashboard->dashboard()
#10 C:\xampp\htdocs\tsms\system\CodeIgniter.php(410): CodeIgniter\CodeIgniter->runController(Object(App\Controllers\Dashboard))
#11 C:\xampp\htdocs\tsms\system\CodeIgniter.php(318): CodeIgniter\CodeIgniter->handleRequest(NULL, Object(Config\Cache), false)
#12 C:\xampp\htdocs\tsms\index.php(37): CodeIgniter\CodeIgniter->run()
#13 {main}
CRITICAL - 2022-09-24 18:04:00 --> A non-numeric value encountered
#0 C:\xampp\htdocs\tsms\app\Views\dashboard\dashboard.php(428): CodeIgniter\Debug\Exceptions->errorHandler(2, 'A non-numeric v...', 'C:\\xampp\\htdocs...', 428, Array)
#1 C:\xampp\htdocs\tsms\system\View\View.php(214): include('C:\\xampp\\htdocs...')
#2 C:\xampp\htdocs\tsms\system\View\View.php(217): CodeIgniter\View\View->CodeIgniter\View\{closure}()
#3 C:\xampp\htdocs\tsms\system\Common.php(1097): CodeIgniter\View\View->render('dashboard/dashb...', Array, true)
#4 C:\xampp\htdocs\tsms\app\Views\dashboard\template.php(3): view('dashboard/dashb...')
#5 C:\xampp\htdocs\tsms\system\View\View.php(214): include('C:\\xampp\\htdocs...')
#6 C:\xampp\htdocs\tsms\system\View\View.php(217): CodeIgniter\View\View->CodeIgniter\View\{closure}()
#7 C:\xampp\htdocs\tsms\system\Common.php(1097): CodeIgniter\View\View->render('dashboard/templ...', Array, true)
#8 C:\xampp\htdocs\tsms\app\Controllers\Dashboard.php(265): view('dashboard/templ...', Array)
#9 C:\xampp\htdocs\tsms\system\CodeIgniter.php(824): App\Controllers\Dashboard->dashboard()
#10 C:\xampp\htdocs\tsms\system\CodeIgniter.php(410): CodeIgniter\CodeIgniter->runController(Object(App\Controllers\Dashboard))
#11 C:\xampp\htdocs\tsms\system\CodeIgniter.php(318): CodeIgniter\CodeIgniter->handleRequest(NULL, Object(Config\Cache), false)
#12 C:\xampp\htdocs\tsms\index.php(37): CodeIgniter\CodeIgniter->run()
#13 {main}
CRITICAL - 2022-09-24 18:04:35 --> A non-numeric value encountered
#0 C:\xampp\htdocs\tsms\app\Views\dashboard\dashboard.php(428): CodeIgniter\Debug\Exceptions->errorHandler(2, 'A non-numeric v...', 'C:\\xampp\\htdocs...', 428, Array)
#1 C:\xampp\htdocs\tsms\system\View\View.php(214): include('C:\\xampp\\htdocs...')
#2 C:\xampp\htdocs\tsms\system\View\View.php(217): CodeIgniter\View\View->CodeIgniter\View\{closure}()
#3 C:\xampp\htdocs\tsms\system\Common.php(1097): CodeIgniter\View\View->render('dashboard/dashb...', Array, true)
#4 C:\xampp\htdocs\tsms\app\Views\dashboard\template.php(3): view('dashboard/dashb...')
#5 C:\xampp\htdocs\tsms\system\View\View.php(214): include('C:\\xampp\\htdocs...')
#6 C:\xampp\htdocs\tsms\system\View\View.php(217): CodeIgniter\View\View->CodeIgniter\View\{closure}()
#7 C:\xampp\htdocs\tsms\system\Common.php(1097): CodeIgniter\View\View->render('dashboard/templ...', Array, true)
#8 C:\xampp\htdocs\tsms\app\Controllers\Dashboard.php(265): view('dashboard/templ...', Array)
#9 C:\xampp\htdocs\tsms\system\CodeIgniter.php(824): App\Controllers\Dashboard->dashboard()
#10 C:\xampp\htdocs\tsms\system\CodeIgniter.php(410): CodeIgniter\CodeIgniter->runController(Object(App\Controllers\Dashboard))
#11 C:\xampp\htdocs\tsms\system\CodeIgniter.php(318): CodeIgniter\CodeIgniter->handleRequest(NULL, Object(Config\Cache), false)
#12 C:\xampp\htdocs\tsms\index.php(37): CodeIgniter\CodeIgniter->run()
#13 {main}
CRITICAL - 2022-09-24 18:04:56 --> Can't use function return value in write context
#0 [internal function]: CodeIgniter\Debug\Exceptions->shutdownHandler()
#1 {main}
CRITICAL - 2022-09-24 18:05:05 --> A non-numeric value encountered
#0 C:\xampp\htdocs\tsms\app\Views\dashboard\dashboard.php(428): CodeIgniter\Debug\Exceptions->errorHandler(2, 'A non-numeric v...', 'C:\\xampp\\htdocs...', 428, Array)
#1 C:\xampp\htdocs\tsms\system\View\View.php(214): include('C:\\xampp\\htdocs...')
#2 C:\xampp\htdocs\tsms\system\View\View.php(217): CodeIgniter\View\View->CodeIgniter\View\{closure}()
#3 C:\xampp\htdocs\tsms\system\Common.php(1097): CodeIgniter\View\View->render('dashboard/dashb...', Array, true)
#4 C:\xampp\htdocs\tsms\app\Views\dashboard\template.php(3): view('dashboard/dashb...')
#5 C:\xampp\htdocs\tsms\system\View\View.php(214): include('C:\\xampp\\htdocs...')
#6 C:\xampp\htdocs\tsms\system\View\View.php(217): CodeIgniter\View\View->CodeIgniter\View\{closure}()
#7 C:\xampp\htdocs\tsms\system\Common.php(1097): CodeIgniter\View\View->render('dashboard/templ...', Array, true)
#8 C:\xampp\htdocs\tsms\app\Controllers\Dashboard.php(265): view('dashboard/templ...', Array)
#9 C:\xampp\htdocs\tsms\system\CodeIgniter.php(824): App\Controllers\Dashboard->dashboard()
#10 C:\xampp\htdocs\tsms\system\CodeIgniter.php(410): CodeIgniter\CodeIgniter->runController(Object(App\Controllers\Dashboard))
#11 C:\xampp\htdocs\tsms\system\CodeIgniter.php(318): CodeIgniter\CodeIgniter->handleRequest(NULL, Object(Config\Cache), false)
#12 C:\xampp\htdocs\tsms\index.php(37): CodeIgniter\CodeIgniter->run()
#13 {main}
CRITICAL - 2022-09-24 18:05:21 --> Unsupported operand types
#0 C:\xampp\htdocs\tsms\system\View\View.php(214): include()
#1 C:\xampp\htdocs\tsms\system\View\View.php(217): CodeIgniter\View\View->CodeIgniter\View\{closure}()
#2 C:\xampp\htdocs\tsms\system\Common.php(1097): CodeIgniter\View\View->render('dashboard/dashb...', Array, true)
#3 C:\xampp\htdocs\tsms\app\Views\dashboard\template.php(3): view('dashboard/dashb...')
#4 C:\xampp\htdocs\tsms\system\View\View.php(214): include('C:\\xampp\\htdocs...')
#5 C:\xampp\htdocs\tsms\system\View\View.php(217): CodeIgniter\View\View->CodeIgniter\View\{closure}()
#6 C:\xampp\htdocs\tsms\system\Common.php(1097): CodeIgniter\View\View->render('dashboard/templ...', Array, true)
#7 C:\xampp\htdocs\tsms\app\Controllers\Dashboard.php(265): view('dashboard/templ...', Array)
#8 C:\xampp\htdocs\tsms\system\CodeIgniter.php(824): App\Controllers\Dashboard->dashboard()
#9 C:\xampp\htdocs\tsms\system\CodeIgniter.php(410): CodeIgniter\CodeIgniter->runController(Object(App\Controllers\Dashboard))
#10 C:\xampp\htdocs\tsms\system\CodeIgniter.php(318): CodeIgniter\CodeIgniter->handleRequest(NULL, Object(Config\Cache), false)
#11 C:\xampp\htdocs\tsms\index.php(37): CodeIgniter\CodeIgniter->run()
#12 {main}
CRITICAL - 2022-09-24 18:05:45 --> Unsupported operand types
#0 C:\xampp\htdocs\tsms\system\View\View.php(214): include()
#1 C:\xampp\htdocs\tsms\system\View\View.php(217): CodeIgniter\View\View->CodeIgniter\View\{closure}()
#2 C:\xampp\htdocs\tsms\system\Common.php(1097): CodeIgniter\View\View->render('dashboard/dashb...', Array, true)
#3 C:\xampp\htdocs\tsms\app\Views\dashboard\template.php(3): view('dashboard/dashb...')
#4 C:\xampp\htdocs\tsms\system\View\View.php(214): include('C:\\xampp\\htdocs...')
#5 C:\xampp\htdocs\tsms\system\View\View.php(217): CodeIgniter\View\View->CodeIgniter\View\{closure}()
#6 C:\xampp\htdocs\tsms\system\Common.php(1097): CodeIgniter\View\View->render('dashboard/templ...', Array, true)
#7 C:\xampp\htdocs\tsms\app\Controllers\Dashboard.php(265): view('dashboard/templ...', Array)
#8 C:\xampp\htdocs\tsms\system\CodeIgniter.php(824): App\Controllers\Dashboard->dashboard()
#9 C:\xampp\htdocs\tsms\system\CodeIgniter.php(410): CodeIgniter\CodeIgniter->runController(Object(App\Controllers\Dashboard))
#10 C:\xampp\htdocs\tsms\system\CodeIgniter.php(318): CodeIgniter\CodeIgniter->handleRequest(NULL, Object(Config\Cache), false)
#11 C:\xampp\htdocs\tsms\index.php(37): CodeIgniter\CodeIgniter->run()
#12 {main}
