CRITICAL - 2022-12-11 06:05:48 --> syntax error, unexpected 'for' (T_FOR)
#0 C:\xampp\htdocs\tsms\system\Autoloader\Autoloader.php(241): CodeIgniter\Autoloader\Autoloader->includeFile('C:\\xampp\\htdocs...')
#1 C:\xampp\htdocs\tsms\system\Autoloader\Autoloader.php(219): CodeIgniter\Autoloader\Autoloader->loadInNamespace('App\\Controllers...')
#2 [internal function]: CodeIgniter\Autoloader\Autoloader->loadClass('App\\Controllers...')
#3 [internal function]: spl_autoload_call('App\\Controllers...')
#4 C:\xampp\htdocs\tsms\system\CodeIgniter.php(789): class_exists('\\App\\Controller...', true)
#5 C:\xampp\htdocs\tsms\system\CodeIgniter.php(397): CodeIgniter\CodeIgniter->startController()
#6 C:\xampp\htdocs\tsms\system\CodeIgniter.php(318): CodeIgniter\CodeIgniter->handleRequest(NULL, Object(Config\Cache), false)
#7 C:\xampp\htdocs\tsms\index.php(37): CodeIgniter\CodeIgniter->run()
#8 {main}
CRITICAL - 2022-12-11 06:07:17 --> syntax error, unexpected 'dd' (T_STRING)
#0 C:\xampp\htdocs\tsms\system\Autoloader\Autoloader.php(241): CodeIgniter\Autoloader\Autoloader->includeFile('C:\\xampp\\htdocs...')
#1 C:\xampp\htdocs\tsms\system\Autoloader\Autoloader.php(219): CodeIgniter\Autoloader\Autoloader->loadInNamespace('App\\Controllers...')
#2 [internal function]: CodeIgniter\Autoloader\Autoloader->loadClass('App\\Controllers...')
#3 [internal function]: spl_autoload_call('App\\Controllers...')
#4 C:\xampp\htdocs\tsms\system\CodeIgniter.php(789): class_exists('\\App\\Controller...', true)
#5 C:\xampp\htdocs\tsms\system\CodeIgniter.php(397): CodeIgniter\CodeIgniter->startController()
#6 C:\xampp\htdocs\tsms\system\CodeIgniter.php(318): CodeIgniter\CodeIgniter->handleRequest(NULL, Object(Config\Cache), false)
#7 C:\xampp\htdocs\tsms\index.php(37): CodeIgniter\CodeIgniter->run()
#8 {main}
CRITICAL - 2022-12-11 06:07:56 --> A non-numeric value encountered
#0 C:\xampp\htdocs\tsms\app\Controllers\FullCalendar.php(583): CodeIgniter\Debug\Exceptions->errorHandler(2, 'A non-numeric v...', 'C:\\xampp\\htdocs...', 583, Array)
#1 C:\xampp\htdocs\tsms\system\CodeIgniter.php(824): App\Controllers\FullCalendar->insert()
#2 C:\xampp\htdocs\tsms\system\CodeIgniter.php(410): CodeIgniter\CodeIgniter->runController(Object(App\Controllers\FullCalendar))
#3 C:\xampp\htdocs\tsms\system\CodeIgniter.php(318): CodeIgniter\CodeIgniter->handleRequest(NULL, Object(Config\Cache), false)
#4 C:\xampp\htdocs\tsms\index.php(37): CodeIgniter\CodeIgniter->run()
#5 {main}
CRITICAL - 2022-12-11 06:15:33 --> Use of undefined constant a - assumed 'a' (this will throw an Error in a future version of PHP)
#0 C:\xampp\htdocs\tsms\app\Controllers\FullCalendar.php(585): CodeIgniter\Debug\Exceptions->errorHandler(2, 'Use of undefine...', 'C:\\xampp\\htdocs...', 585, Array)
#1 C:\xampp\htdocs\tsms\system\CodeIgniter.php(824): App\Controllers\FullCalendar->insert()
#2 C:\xampp\htdocs\tsms\system\CodeIgniter.php(410): CodeIgniter\CodeIgniter->runController(Object(App\Controllers\FullCalendar))
#3 C:\xampp\htdocs\tsms\system\CodeIgniter.php(318): CodeIgniter\CodeIgniter->handleRequest(NULL, Object(Config\Cache), false)
#4 C:\xampp\htdocs\tsms\index.php(37): CodeIgniter\CodeIgniter->run()
#5 {main}
CRITICAL - 2022-12-11 06:28:17 --> syntax error, unexpected 'return' (T_RETURN), expecting function (T_FUNCTION) or const (T_CONST)
#0 C:\xampp\htdocs\tsms\system\Autoloader\Autoloader.php(241): CodeIgniter\Autoloader\Autoloader->includeFile('C:\\xampp\\htdocs...')
#1 C:\xampp\htdocs\tsms\system\Autoloader\Autoloader.php(219): CodeIgniter\Autoloader\Autoloader->loadInNamespace('App\\Controllers...')
#2 [internal function]: CodeIgniter\Autoloader\Autoloader->loadClass('App\\Controllers...')
#3 [internal function]: spl_autoload_call('App\\Controllers...')
#4 C:\xampp\htdocs\tsms\system\CodeIgniter.php(789): class_exists('\\App\\Controller...', true)
#5 C:\xampp\htdocs\tsms\system\CodeIgniter.php(397): CodeIgniter\CodeIgniter->startController()
#6 C:\xampp\htdocs\tsms\system\CodeIgniter.php(318): CodeIgniter\CodeIgniter->handleRequest(NULL, Object(Config\Cache), false)
#7 C:\xampp\htdocs\tsms\index.php(37): CodeIgniter\CodeIgniter->run()
#8 {main}
CRITICAL - 2022-12-11 06:29:08 --> syntax error, unexpected 'return' (T_RETURN), expecting function (T_FUNCTION) or const (T_CONST)
#0 C:\xampp\htdocs\tsms\system\Autoloader\Autoloader.php(241): CodeIgniter\Autoloader\Autoloader->includeFile('C:\\xampp\\htdocs...')
#1 C:\xampp\htdocs\tsms\system\Autoloader\Autoloader.php(219): CodeIgniter\Autoloader\Autoloader->loadInNamespace('App\\Controllers...')
#2 [internal function]: CodeIgniter\Autoloader\Autoloader->loadClass('App\\Controllers...')
#3 [internal function]: spl_autoload_call('App\\Controllers...')
#4 C:\xampp\htdocs\tsms\system\CodeIgniter.php(789): class_exists('\\App\\Controller...', true)
#5 C:\xampp\htdocs\tsms\system\CodeIgniter.php(397): CodeIgniter\CodeIgniter->startController()
#6 C:\xampp\htdocs\tsms\system\CodeIgniter.php(318): CodeIgniter\CodeIgniter->handleRequest(NULL, Object(Config\Cache), false)
#7 C:\xampp\htdocs\tsms\index.php(37): CodeIgniter\CodeIgniter->run()
#8 {main}
CRITICAL - 2022-12-11 06:30:22 --> syntax error, unexpected 'return' (T_RETURN), expecting function (T_FUNCTION) or const (T_CONST)
#0 C:\xampp\htdocs\tsms\system\Autoloader\Autoloader.php(241): CodeIgniter\Autoloader\Autoloader->includeFile('C:\\xampp\\htdocs...')
#1 C:\xampp\htdocs\tsms\system\Autoloader\Autoloader.php(219): CodeIgniter\Autoloader\Autoloader->loadInNamespace('App\\Controllers...')
#2 [internal function]: CodeIgniter\Autoloader\Autoloader->loadClass('App\\Controllers...')
#3 [internal function]: spl_autoload_call('App\\Controllers...')
#4 C:\xampp\htdocs\tsms\system\CodeIgniter.php(789): class_exists('\\App\\Controller...', true)
#5 C:\xampp\htdocs\tsms\system\CodeIgniter.php(397): CodeIgniter\CodeIgniter->startController()
#6 C:\xampp\htdocs\tsms\system\CodeIgniter.php(318): CodeIgniter\CodeIgniter->handleRequest(NULL, Object(Config\Cache), false)
#7 C:\xampp\htdocs\tsms\index.php(37): CodeIgniter\CodeIgniter->run()
#8 {main}
CRITICAL - 2022-12-11 06:30:23 --> syntax error, unexpected 'return' (T_RETURN), expecting function (T_FUNCTION) or const (T_CONST)
#0 C:\xampp\htdocs\tsms\system\Autoloader\Autoloader.php(241): CodeIgniter\Autoloader\Autoloader->includeFile('C:\\xampp\\htdocs...')
#1 C:\xampp\htdocs\tsms\system\Autoloader\Autoloader.php(219): CodeIgniter\Autoloader\Autoloader->loadInNamespace('App\\Controllers...')
#2 [internal function]: CodeIgniter\Autoloader\Autoloader->loadClass('App\\Controllers...')
#3 [internal function]: spl_autoload_call('App\\Controllers...')
#4 C:\xampp\htdocs\tsms\system\CodeIgniter.php(789): class_exists('\\App\\Controller...', true)
#5 C:\xampp\htdocs\tsms\system\CodeIgniter.php(397): CodeIgniter\CodeIgniter->startController()
#6 C:\xampp\htdocs\tsms\system\CodeIgniter.php(318): CodeIgniter\CodeIgniter->handleRequest(NULL, Object(Config\Cache), false)
#7 C:\xampp\htdocs\tsms\index.php(37): CodeIgniter\CodeIgniter->run()
#8 {main}
CRITICAL - 2022-12-11 06:30:54 --> syntax error, unexpected 'return' (T_RETURN), expecting function (T_FUNCTION) or const (T_CONST)
#0 C:\xampp\htdocs\tsms\system\Autoloader\Autoloader.php(241): CodeIgniter\Autoloader\Autoloader->includeFile('C:\\xampp\\htdocs...')
#1 C:\xampp\htdocs\tsms\system\Autoloader\Autoloader.php(219): CodeIgniter\Autoloader\Autoloader->loadInNamespace('App\\Controllers...')
#2 [internal function]: CodeIgniter\Autoloader\Autoloader->loadClass('App\\Controllers...')
#3 [internal function]: spl_autoload_call('App\\Controllers...')
#4 C:\xampp\htdocs\tsms\system\CodeIgniter.php(789): class_exists('\\App\\Controller...', true)
#5 C:\xampp\htdocs\tsms\system\CodeIgniter.php(397): CodeIgniter\CodeIgniter->startController()
#6 C:\xampp\htdocs\tsms\system\CodeIgniter.php(318): CodeIgniter\CodeIgniter->handleRequest(NULL, Object(Config\Cache), false)
#7 C:\xampp\htdocs\tsms\index.php(37): CodeIgniter\CodeIgniter->run()
#8 {main}
CRITICAL - 2022-12-11 06:33:19 --> Use of undefined constant a - assumed 'a' (this will throw an Error in a future version of PHP)
#0 C:\xampp\htdocs\tsms\app\Controllers\FullCalendar.php(586): CodeIgniter\Debug\Exceptions->errorHandler(2, 'Use of undefine...', 'C:\\xampp\\htdocs...', 586, Array)
#1 C:\xampp\htdocs\tsms\system\CodeIgniter.php(824): App\Controllers\FullCalendar->insert()
#2 C:\xampp\htdocs\tsms\system\CodeIgniter.php(410): CodeIgniter\CodeIgniter->runController(Object(App\Controllers\FullCalendar))
#3 C:\xampp\htdocs\tsms\system\CodeIgniter.php(318): CodeIgniter\CodeIgniter->handleRequest(NULL, Object(Config\Cache), false)
#4 C:\xampp\htdocs\tsms\index.php(37): CodeIgniter\CodeIgniter->run()
#5 {main}
