CRITICAL - 2022-02-07 03:50:01 --> Invalid file: pages/dashboard/d_temp.php
#0 C:\xampp\htdocs\tsms\system\View\View.php(198): CodeIgniter\Exceptions\FrameworkException::forInvalidFile('pages/dashboard...')
#1 C:\xampp\htdocs\tsms\system\Common.php(1097): CodeIgniter\View\View->render('pages/dashboard...', Array, true)
#2 C:\xampp\htdocs\tsms\app\Controllers\Pages.php(20): view('pages/dashboard...')
#3 C:\xampp\htdocs\tsms\system\CodeIgniter.php(824): App\Controllers\Pages->dash()
#4 C:\xampp\htdocs\tsms\system\CodeIgniter.php(410): CodeIgniter\CodeIgniter->runController(Object(App\Controllers\Pages))
#5 C:\xampp\htdocs\tsms\system\CodeIgniter.php(318): CodeIgniter\CodeIgniter->handleRequest(NULL, Object(Config\Cache), false)
#6 C:\xampp\htdocs\tsms\index.php(37): CodeIgniter\CodeIgniter->run()
#7 {main}
CRITICAL - 2022-02-07 04:30:03 --> syntax error, unexpected token "=>", expecting "]"
#0 C:\xampp\htdocs\tsms\system\Router\Router.php(176): CodeIgniter\Router\Router->autoRoute('/pages/check')
#1 C:\xampp\htdocs\tsms\system\CodeIgniter.php(718): CodeIgniter\Router\Router->handle('/pages/check')
#2 C:\xampp\htdocs\tsms\system\CodeIgniter.php(359): CodeIgniter\CodeIgniter->tryToRouteIt(Object(CodeIgniter\Router\RouteCollection))
#3 C:\xampp\htdocs\tsms\system\CodeIgniter.php(318): CodeIgniter\CodeIgniter->handleRequest(NULL, Object(Config\Cache), false)
#4 C:\xampp\htdocs\tsms\index.php(37): CodeIgniter\CodeIgniter->run()
#5 {main}
CRITICAL - 2022-02-07 04:30:52 --> syntax error, unexpected token "=>"
#0 C:\xampp\htdocs\tsms\system\Router\Router.php(176): CodeIgniter\Router\Router->autoRoute('/pages/check')
#1 C:\xampp\htdocs\tsms\system\CodeIgniter.php(718): CodeIgniter\Router\Router->handle('/pages/check')
#2 C:\xampp\htdocs\tsms\system\CodeIgniter.php(359): CodeIgniter\CodeIgniter->tryToRouteIt(Object(CodeIgniter\Router\RouteCollection))
#3 C:\xampp\htdocs\tsms\system\CodeIgniter.php(318): CodeIgniter\CodeIgniter->handleRequest(NULL, Object(Config\Cache), false)
#4 C:\xampp\htdocs\tsms\index.php(37): CodeIgniter\CodeIgniter->run()
#5 {main}
CRITICAL - 2022-02-07 04:33:05 --> Unmatched '}'
#0 C:\xampp\htdocs\tsms\system\View\View.php(217): CodeIgniter\View\View->CodeIgniter\View\{closure}()
#1 C:\xampp\htdocs\tsms\system\Common.php(1097): CodeIgniter\View\View->render('pages/login', Array, true)
#2 C:\xampp\htdocs\tsms\app\Views\pages\home.php(3): view('pages/login')
#3 C:\xampp\htdocs\tsms\system\View\View.php(214): include('C:\\xampp\\htdocs...')
#4 C:\xampp\htdocs\tsms\system\View\View.php(217): CodeIgniter\View\View->CodeIgniter\View\{closure}()
#5 C:\xampp\htdocs\tsms\system\Common.php(1097): CodeIgniter\View\View->render('pages/home', Array, true)
#6 C:\xampp\htdocs\tsms\app\Controllers\Pages.php(61): view('pages/home', Array)
#7 C:\xampp\htdocs\tsms\system\CodeIgniter.php(824): App\Controllers\Pages->check()
#8 C:\xampp\htdocs\tsms\system\CodeIgniter.php(410): CodeIgniter\CodeIgniter->runController(Object(App\Controllers\Pages))
#9 C:\xampp\htdocs\tsms\system\CodeIgniter.php(318): CodeIgniter\CodeIgniter->handleRequest(NULL, Object(Config\Cache), false)
#10 C:\xampp\htdocs\tsms\index.php(37): CodeIgniter\CodeIgniter->run()
#11 {main}
CRITICAL - 2022-02-07 04:33:18 --> Object of class CodeIgniter\Validation\Validation could not be converted to string
#0 C:\xampp\htdocs\tsms\system\View\View.php(214): include()
#1 C:\xampp\htdocs\tsms\system\View\View.php(217): CodeIgniter\View\View->CodeIgniter\View\{closure}()
#2 C:\xampp\htdocs\tsms\system\Common.php(1097): CodeIgniter\View\View->render('pages/login', Array, true)
#3 C:\xampp\htdocs\tsms\app\Views\pages\home.php(3): view('pages/login')
#4 C:\xampp\htdocs\tsms\system\View\View.php(214): include('C:\\xampp\\htdocs...')
#5 C:\xampp\htdocs\tsms\system\View\View.php(217): CodeIgniter\View\View->CodeIgniter\View\{closure}()
#6 C:\xampp\htdocs\tsms\system\Common.php(1097): CodeIgniter\View\View->render('pages/home', Array, true)
#7 C:\xampp\htdocs\tsms\app\Controllers\Pages.php(61): view('pages/home', Array)
#8 C:\xampp\htdocs\tsms\system\CodeIgniter.php(824): App\Controllers\Pages->check()
#9 C:\xampp\htdocs\tsms\system\CodeIgniter.php(410): CodeIgniter\CodeIgniter->runController(Object(App\Controllers\Pages))
#10 C:\xampp\htdocs\tsms\system\CodeIgniter.php(318): CodeIgniter\CodeIgniter->handleRequest(NULL, Object(Config\Cache), false)
#11 C:\xampp\htdocs\tsms\index.php(37): CodeIgniter\CodeIgniter->run()
#12 {main}
CRITICAL - 2022-02-07 04:34:54 --> syntax error, unexpected token "="
#0 C:\xampp\htdocs\tsms\system\Router\Router.php(176): CodeIgniter\Router\Router->autoRoute('/pages/check')
#1 C:\xampp\htdocs\tsms\system\CodeIgniter.php(718): CodeIgniter\Router\Router->handle('/pages/check')
#2 C:\xampp\htdocs\tsms\system\CodeIgniter.php(359): CodeIgniter\CodeIgniter->tryToRouteIt(Object(CodeIgniter\Router\RouteCollection))
#3 C:\xampp\htdocs\tsms\system\CodeIgniter.php(318): CodeIgniter\CodeIgniter->handleRequest(NULL, Object(Config\Cache), false)
#4 C:\xampp\htdocs\tsms\index.php(37): CodeIgniter\CodeIgniter->run()
#5 {main}
CRITICAL - 2022-02-07 04:36:21 --> syntax error, unexpected variable "$data"
#0 C:\xampp\htdocs\tsms\system\Router\Router.php(176): CodeIgniter\Router\Router->autoRoute('/pages/check')
#1 C:\xampp\htdocs\tsms\system\CodeIgniter.php(718): CodeIgniter\Router\Router->handle('/pages/check')
#2 C:\xampp\htdocs\tsms\system\CodeIgniter.php(359): CodeIgniter\CodeIgniter->tryToRouteIt(Object(CodeIgniter\Router\RouteCollection))
#3 C:\xampp\htdocs\tsms\system\CodeIgniter.php(318): CodeIgniter\CodeIgniter->handleRequest(NULL, Object(Config\Cache), false)
#4 C:\xampp\htdocs\tsms\index.php(37): CodeIgniter\CodeIgniter->run()
#5 {main}
CRITICAL - 2022-02-07 04:36:30 --> Undefined property: App\Controllers\Pages::$validation
#0 C:\xampp\htdocs\tsms\app\Controllers\Pages.php(60): CodeIgniter\Debug\Exceptions->errorHandler(2, 'Undefined prope...', 'C:\\xampp\\htdocs...', 60)
#1 C:\xampp\htdocs\tsms\system\CodeIgniter.php(824): App\Controllers\Pages->check()
#2 C:\xampp\htdocs\tsms\system\CodeIgniter.php(410): CodeIgniter\CodeIgniter->runController(Object(App\Controllers\Pages))
#3 C:\xampp\htdocs\tsms\system\CodeIgniter.php(318): CodeIgniter\CodeIgniter->handleRequest(NULL, Object(Config\Cache), false)
#4 C:\xampp\htdocs\tsms\index.php(37): CodeIgniter\CodeIgniter->run()
#5 {main}
CRITICAL - 2022-02-07 04:40:24 --> Undefined property: App\Controllers\Pages::$validation
#0 C:\xampp\htdocs\tsms\app\Controllers\Pages.php(60): CodeIgniter\Debug\Exceptions->errorHandler(2, 'Undefined prope...', 'C:\\xampp\\htdocs...', 60)
#1 C:\xampp\htdocs\tsms\system\CodeIgniter.php(824): App\Controllers\Pages->check()
#2 C:\xampp\htdocs\tsms\system\CodeIgniter.php(410): CodeIgniter\CodeIgniter->runController(Object(App\Controllers\Pages))
#3 C:\xampp\htdocs\tsms\system\CodeIgniter.php(318): CodeIgniter\CodeIgniter->handleRequest(NULL, Object(Config\Cache), false)
#4 C:\xampp\htdocs\tsms\index.php(37): CodeIgniter\CodeIgniter->run()
#5 {main}
CRITICAL - 2022-02-07 04:40:41 --> Call to a member function getError() on string
#0 C:\xampp\htdocs\tsms\system\View\View.php(214): include()
#1 C:\xampp\htdocs\tsms\system\View\View.php(217): CodeIgniter\View\View->CodeIgniter\View\{closure}()
#2 C:\xampp\htdocs\tsms\system\Common.php(1097): CodeIgniter\View\View->render('pages/login', Array, true)
#3 C:\xampp\htdocs\tsms\app\Views\pages\home.php(3): view('pages/login')
#4 C:\xampp\htdocs\tsms\system\View\View.php(214): include('C:\\xampp\\htdocs...')
#5 C:\xampp\htdocs\tsms\system\View\View.php(217): CodeIgniter\View\View->CodeIgniter\View\{closure}()
#6 C:\xampp\htdocs\tsms\system\Common.php(1097): CodeIgniter\View\View->render('pages/home', Array, true)
#7 C:\xampp\htdocs\tsms\app\Controllers\Pages.php(62): view('pages/home', Array, Array)
#8 C:\xampp\htdocs\tsms\system\CodeIgniter.php(824): App\Controllers\Pages->check()
#9 C:\xampp\htdocs\tsms\system\CodeIgniter.php(410): CodeIgniter\CodeIgniter->runController(Object(App\Controllers\Pages))
#10 C:\xampp\htdocs\tsms\system\CodeIgniter.php(318): CodeIgniter\CodeIgniter->handleRequest(NULL, Object(Config\Cache), false)
#11 C:\xampp\htdocs\tsms\index.php(37): CodeIgniter\CodeIgniter->run()
#12 {main}
CRITICAL - 2022-02-07 04:41:48 --> Undefined variable $validation1
#0 C:\xampp\htdocs\tsms\app\Views\pages\login.php(23): CodeIgniter\Debug\Exceptions->errorHandler(2, 'Undefined varia...', 'C:\\xampp\\htdocs...', 23)
#1 C:\xampp\htdocs\tsms\system\View\View.php(214): include('C:\\xampp\\htdocs...')
#2 C:\xampp\htdocs\tsms\system\View\View.php(217): CodeIgniter\View\View->CodeIgniter\View\{closure}()
#3 C:\xampp\htdocs\tsms\system\Common.php(1097): CodeIgniter\View\View->render('pages/login', Array, true)
#4 C:\xampp\htdocs\tsms\app\Views\pages\home.php(3): view('pages/login')
#5 C:\xampp\htdocs\tsms\system\View\View.php(214): include('C:\\xampp\\htdocs...')
#6 C:\xampp\htdocs\tsms\system\View\View.php(217): CodeIgniter\View\View->CodeIgniter\View\{closure}()
#7 C:\xampp\htdocs\tsms\system\Common.php(1097): CodeIgniter\View\View->render('pages/home', Array, true)
#8 C:\xampp\htdocs\tsms\app\Controllers\Pages.php(62): view('pages/home', Array, Array)
#9 C:\xampp\htdocs\tsms\system\CodeIgniter.php(824): App\Controllers\Pages->check()
#10 C:\xampp\htdocs\tsms\system\CodeIgniter.php(410): CodeIgniter\CodeIgniter->runController(Object(App\Controllers\Pages))
#11 C:\xampp\htdocs\tsms\system\CodeIgniter.php(318): CodeIgniter\CodeIgniter->handleRequest(NULL, Object(Config\Cache), false)
#12 C:\xampp\htdocs\tsms\index.php(37): CodeIgniter\CodeIgniter->run()
#13 {main}
CRITICAL - 2022-02-07 04:42:58 --> Undefined variable $validation1
#0 C:\xampp\htdocs\tsms\app\Views\pages\login.php(23): CodeIgniter\Debug\Exceptions->errorHandler(2, 'Undefined varia...', 'C:\\xampp\\htdocs...', 23)
#1 C:\xampp\htdocs\tsms\system\View\View.php(214): include('C:\\xampp\\htdocs...')
#2 C:\xampp\htdocs\tsms\system\View\View.php(217): CodeIgniter\View\View->CodeIgniter\View\{closure}()
#3 C:\xampp\htdocs\tsms\system\Common.php(1097): CodeIgniter\View\View->render('pages/login', Array, true)
#4 C:\xampp\htdocs\tsms\app\Views\pages\home.php(3): view('pages/login')
#5 C:\xampp\htdocs\tsms\system\View\View.php(214): include('C:\\xampp\\htdocs...')
#6 C:\xampp\htdocs\tsms\system\View\View.php(217): CodeIgniter\View\View->CodeIgniter\View\{closure}()
#7 C:\xampp\htdocs\tsms\system\Common.php(1097): CodeIgniter\View\View->render('pages/home', Array, true)
#8 C:\xampp\htdocs\tsms\app\Controllers\Pages.php(62): view('pages/home', Array, Array)
#9 C:\xampp\htdocs\tsms\system\CodeIgniter.php(824): App\Controllers\Pages->check()
#10 C:\xampp\htdocs\tsms\system\CodeIgniter.php(410): CodeIgniter\CodeIgniter->runController(Object(App\Controllers\Pages))
#11 C:\xampp\htdocs\tsms\system\CodeIgniter.php(318): CodeIgniter\CodeIgniter->handleRequest(NULL, Object(Config\Cache), false)
#12 C:\xampp\htdocs\tsms\index.php(37): CodeIgniter\CodeIgniter->run()
#13 {main}
CRITICAL - 2022-02-07 06:07:42 --> Invalid file: pages/homep/#Login.php
#0 C:\xampp\htdocs\tsms\system\View\View.php(198): CodeIgniter\Exceptions\FrameworkException::forInvalidFile('pages/homep/#Lo...')
#1 C:\xampp\htdocs\tsms\system\Common.php(1097): CodeIgniter\View\View->render('pages/homep/#Lo...', Array, true)
#2 C:\xampp\htdocs\tsms\app\Controllers\Pages.php(84): view('pages/homep/#Lo...', Array)
#3 C:\xampp\htdocs\tsms\system\CodeIgniter.php(824): App\Controllers\Pages->check()
#4 C:\xampp\htdocs\tsms\system\CodeIgniter.php(410): CodeIgniter\CodeIgniter->runController(Object(App\Controllers\Pages))
#5 C:\xampp\htdocs\tsms\system\CodeIgniter.php(318): CodeIgniter\CodeIgniter->handleRequest(NULL, Object(Config\Cache), false)
#6 C:\xampp\htdocs\tsms\index.php(37): CodeIgniter\CodeIgniter->run()
#7 {main}
CRITICAL - 2022-02-07 18:39:03 --> Invalid file: <?= base_url(#Login)?>.php
#0 C:\xampp\htdocs\tsms\system\View\View.php(198): CodeIgniter\Exceptions\FrameworkException::forInvalidFile('<?= base_url(#L...')
#1 C:\xampp\htdocs\tsms\system\Common.php(1097): CodeIgniter\View\View->render('<?= base_url(#L...', Array, true)
#2 C:\xampp\htdocs\tsms\app\Controllers\Pages.php(85): view('<?= base_url(#L...', Array)
#3 C:\xampp\htdocs\tsms\system\CodeIgniter.php(824): App\Controllers\Pages->check()
#4 C:\xampp\htdocs\tsms\system\CodeIgniter.php(410): CodeIgniter\CodeIgniter->runController(Object(App\Controllers\Pages))
#5 C:\xampp\htdocs\tsms\system\CodeIgniter.php(318): CodeIgniter\CodeIgniter->handleRequest(NULL, Object(Config\Cache), false)
#6 C:\xampp\htdocs\tsms\index.php(37): CodeIgniter\CodeIgniter->run()
#7 {main}
CRITICAL - 2022-02-07 18:39:20 --> Invalid file: <?= base_url(/#Login)?>.php
#0 C:\xampp\htdocs\tsms\system\View\View.php(198): CodeIgniter\Exceptions\FrameworkException::forInvalidFile('<?= base_url(/#...')
#1 C:\xampp\htdocs\tsms\system\Common.php(1097): CodeIgniter\View\View->render('<?= base_url(/#...', Array, true)
#2 C:\xampp\htdocs\tsms\app\Controllers\Pages.php(85): view('<?= base_url(/#...', Array)
#3 C:\xampp\htdocs\tsms\system\CodeIgniter.php(824): App\Controllers\Pages->check()
#4 C:\xampp\htdocs\tsms\system\CodeIgniter.php(410): CodeIgniter\CodeIgniter->runController(Object(App\Controllers\Pages))
#5 C:\xampp\htdocs\tsms\system\CodeIgniter.php(318): CodeIgniter\CodeIgniter->handleRequest(NULL, Object(Config\Cache), false)
#6 C:\xampp\htdocs\tsms\index.php(37): CodeIgniter\CodeIgniter->run()
#7 {main}
CRITICAL - 2022-02-07 18:39:28 --> Invalid file: <?= base_url(Login)?>.php
#0 C:\xampp\htdocs\tsms\system\View\View.php(198): CodeIgniter\Exceptions\FrameworkException::forInvalidFile('<?= base_url(Lo...')
#1 C:\xampp\htdocs\tsms\system\Common.php(1097): CodeIgniter\View\View->render('<?= base_url(Lo...', Array, true)
#2 C:\xampp\htdocs\tsms\app\Controllers\Pages.php(85): view('<?= base_url(Lo...', Array)
#3 C:\xampp\htdocs\tsms\system\CodeIgniter.php(824): App\Controllers\Pages->check()
#4 C:\xampp\htdocs\tsms\system\CodeIgniter.php(410): CodeIgniter\CodeIgniter->runController(Object(App\Controllers\Pages))
#5 C:\xampp\htdocs\tsms\system\CodeIgniter.php(318): CodeIgniter\CodeIgniter->handleRequest(NULL, Object(Config\Cache), false)
#6 C:\xampp\htdocs\tsms\index.php(37): CodeIgniter\CodeIgniter->run()
#7 {main}
