CRITICAL - 2022-01-23 02:17:08 --> Call to undefined function display_error()
#0 C:\xampp\htdocs\tsms\system\View\View.php(214): include()
#1 C:\xampp\htdocs\tsms\system\View\View.php(217): CodeIgniter\View\View->CodeIgniter\View\{closure}()
#2 C:\xampp\htdocs\tsms\system\Common.php(1097): CodeIgniter\View\View->render('Pages/login', Array, true)
#3 C:\xampp\htdocs\tsms\app\Controllers\Pages.php(47): view('Pages/login', Array)
#4 C:\xampp\htdocs\tsms\system\CodeIgniter.php(824): App\Controllers\Pages->check()
#5 C:\xampp\htdocs\tsms\system\CodeIgniter.php(410): CodeIgniter\CodeIgniter->runController(Object(App\Controllers\Pages))
#6 C:\xampp\htdocs\tsms\system\CodeIgniter.php(318): CodeIgniter\CodeIgniter->handleRequest(NULL, Object(Config\Cache), false)
#7 C:\xampp\htdocs\tsms\public\index.php(37): CodeIgniter\CodeIgniter->run()
#8 {main}
CRITICAL - 2022-01-23 02:19:06 --> Call to undefined function display_error()
#0 C:\xampp\htdocs\tsms\system\View\View.php(214): include()
#1 C:\xampp\htdocs\tsms\system\View\View.php(217): CodeIgniter\View\View->CodeIgniter\View\{closure}()
#2 C:\xampp\htdocs\tsms\system\Common.php(1097): CodeIgniter\View\View->render('Pages/login', Array, true)
#3 C:\xampp\htdocs\tsms\app\Controllers\Pages.php(47): view('Pages/login', Array)
#4 C:\xampp\htdocs\tsms\system\CodeIgniter.php(824): App\Controllers\Pages->check()
#5 C:\xampp\htdocs\tsms\system\CodeIgniter.php(410): CodeIgniter\CodeIgniter->runController(Object(App\Controllers\Pages))
#6 C:\xampp\htdocs\tsms\system\CodeIgniter.php(318): CodeIgniter\CodeIgniter->handleRequest(NULL, Object(Config\Cache), false)
#7 C:\xampp\htdocs\tsms\public\index.php(37): CodeIgniter\CodeIgniter->run()
#8 {main}
CRITICAL - 2022-01-23 02:22:18 --> Call to undefined function display_error()
#0 C:\xampp\htdocs\tsms\system\View\View.php(214): include()
#1 C:\xampp\htdocs\tsms\system\View\View.php(217): CodeIgniter\View\View->CodeIgniter\View\{closure}()
#2 C:\xampp\htdocs\tsms\system\Common.php(1097): CodeIgniter\View\View->render('Pages/login', Array, true)
#3 C:\xampp\htdocs\tsms\app\Controllers\Pages.php(47): view('Pages/login', Array)
#4 C:\xampp\htdocs\tsms\system\CodeIgniter.php(824): App\Controllers\Pages->check()
#5 C:\xampp\htdocs\tsms\system\CodeIgniter.php(410): CodeIgniter\CodeIgniter->runController(Object(App\Controllers\Pages))
#6 C:\xampp\htdocs\tsms\system\CodeIgniter.php(318): CodeIgniter\CodeIgniter->handleRequest(NULL, Object(Config\Cache), false)
#7 C:\xampp\htdocs\tsms\public\index.php(37): CodeIgniter\CodeIgniter->run()
#8 {main}
CRITICAL - 2022-01-23 02:23:34 --> Call to undefined function display_error()
#0 C:\xampp\htdocs\tsms\system\View\View.php(214): include()
#1 C:\xampp\htdocs\tsms\system\View\View.php(217): CodeIgniter\View\View->CodeIgniter\View\{closure}()
#2 C:\xampp\htdocs\tsms\system\Common.php(1097): CodeIgniter\View\View->render('Pages/login', Array, true)
#3 C:\xampp\htdocs\tsms\app\Controllers\Pages.php(47): view('Pages/login', Array)
#4 C:\xampp\htdocs\tsms\system\CodeIgniter.php(824): App\Controllers\Pages->check()
#5 C:\xampp\htdocs\tsms\system\CodeIgniter.php(410): CodeIgniter\CodeIgniter->runController(Object(App\Controllers\Pages))
#6 C:\xampp\htdocs\tsms\system\CodeIgniter.php(318): CodeIgniter\CodeIgniter->handleRequest(NULL, Object(Config\Cache), false)
#7 C:\xampp\htdocs\tsms\public\index.php(37): CodeIgniter\CodeIgniter->run()
#8 {main}
CRITICAL - 2022-01-23 02:23:37 --> Call to undefined function display_error()
#0 C:\xampp\htdocs\tsms\system\View\View.php(214): include()
#1 C:\xampp\htdocs\tsms\system\View\View.php(217): CodeIgniter\View\View->CodeIgniter\View\{closure}()
#2 C:\xampp\htdocs\tsms\system\Common.php(1097): CodeIgniter\View\View->render('Pages/login', Array, true)
#3 C:\xampp\htdocs\tsms\app\Controllers\Pages.php(47): view('Pages/login', Array)
#4 C:\xampp\htdocs\tsms\system\CodeIgniter.php(824): App\Controllers\Pages->check()
#5 C:\xampp\htdocs\tsms\system\CodeIgniter.php(410): CodeIgniter\CodeIgniter->runController(Object(App\Controllers\Pages))
#6 C:\xampp\htdocs\tsms\system\CodeIgniter.php(318): CodeIgniter\CodeIgniter->handleRequest(NULL, Object(Config\Cache), false)
#7 C:\xampp\htdocs\tsms\public\index.php(37): CodeIgniter\CodeIgniter->run()
#8 {main}
CRITICAL - 2022-01-23 02:27:09 --> Call to undefined function display_error()
#0 C:\xampp\htdocs\tsms\system\View\View.php(214): include()
#1 C:\xampp\htdocs\tsms\system\View\View.php(217): CodeIgniter\View\View->CodeIgniter\View\{closure}()
#2 C:\xampp\htdocs\tsms\system\Common.php(1097): CodeIgniter\View\View->render('Pages/login', Array, true)
#3 C:\xampp\htdocs\tsms\app\Controllers\Pages.php(47): view('Pages/login', Array)
#4 C:\xampp\htdocs\tsms\system\CodeIgniter.php(824): App\Controllers\Pages->check()
#5 C:\xampp\htdocs\tsms\system\CodeIgniter.php(410): CodeIgniter\CodeIgniter->runController(Object(App\Controllers\Pages))
#6 C:\xampp\htdocs\tsms\system\CodeIgniter.php(318): CodeIgniter\CodeIgniter->handleRequest(NULL, Object(Config\Cache), false)
#7 C:\xampp\htdocs\tsms\public\index.php(37): CodeIgniter\CodeIgniter->run()
#8 {main}
CRITICAL - 2022-01-23 02:27:13 --> Call to undefined function display_error()
#0 C:\xampp\htdocs\tsms\system\View\View.php(214): include()
#1 C:\xampp\htdocs\tsms\system\View\View.php(217): CodeIgniter\View\View->CodeIgniter\View\{closure}()
#2 C:\xampp\htdocs\tsms\system\Common.php(1097): CodeIgniter\View\View->render('Pages/login', Array, true)
#3 C:\xampp\htdocs\tsms\app\Controllers\Pages.php(47): view('Pages/login', Array)
#4 C:\xampp\htdocs\tsms\system\CodeIgniter.php(824): App\Controllers\Pages->check()
#5 C:\xampp\htdocs\tsms\system\CodeIgniter.php(410): CodeIgniter\CodeIgniter->runController(Object(App\Controllers\Pages))
#6 C:\xampp\htdocs\tsms\system\CodeIgniter.php(318): CodeIgniter\CodeIgniter->handleRequest(NULL, Object(Config\Cache), false)
#7 C:\xampp\htdocs\tsms\public\index.php(37): CodeIgniter\CodeIgniter->run()
#8 {main}
CRITICAL - 2022-01-23 22:39:53 --> Class "app\Models\User" not found
#0 C:\xampp\htdocs\tsms\system\CodeIgniter.php(824): App\Controllers\Pages->check()
#1 C:\xampp\htdocs\tsms\system\CodeIgniter.php(410): CodeIgniter\CodeIgniter->runController(Object(App\Controllers\Pages))
#2 C:\xampp\htdocs\tsms\system\CodeIgniter.php(318): CodeIgniter\CodeIgniter->handleRequest(NULL, Object(Config\Cache), false)
#3 C:\xampp\htdocs\tsms\index.php(37): CodeIgniter\CodeIgniter->run()
#4 {main}
CRITICAL - 2022-01-23 22:40:58 --> Class "App\Controllers\Hash" not found
#0 C:\xampp\htdocs\tsms\system\CodeIgniter.php(824): App\Controllers\Pages->check()
#1 C:\xampp\htdocs\tsms\system\CodeIgniter.php(410): CodeIgniter\CodeIgniter->runController(Object(App\Controllers\Pages))
#2 C:\xampp\htdocs\tsms\system\CodeIgniter.php(318): CodeIgniter\CodeIgniter->handleRequest(NULL, Object(Config\Cache), false)
#3 C:\xampp\htdocs\tsms\index.php(37): CodeIgniter\CodeIgniter->run()
#4 {main}
