CRITICAL - 2022-07-06 00:13:42 --> syntax error, unexpected token ",", expecting "]"
#0 C:\xampp\htdocs\tsms\system\View\View.php(217): CodeIgniter\View\View->CodeIgniter\View\{closure}()
#1 C:\xampp\htdocs\tsms\system\Common.php(1097): CodeIgniter\View\View->render('dashboard/dashb...', Array, true)
#2 C:\xampp\htdocs\tsms\app\Views\dashboard\template.php(3): view('dashboard/dashb...')
#3 C:\xampp\htdocs\tsms\system\View\View.php(214): include('C:\\xampp\\htdocs...')
#4 C:\xampp\htdocs\tsms\system\View\View.php(217): CodeIgniter\View\View->CodeIgniter\View\{closure}()
#5 C:\xampp\htdocs\tsms\system\Common.php(1097): CodeIgniter\View\View->render('dashboard/templ...', Array, true)
#6 C:\xampp\htdocs\tsms\app\Controllers\Dashboard.php(61): view('dashboard/templ...', Array)
#7 C:\xampp\htdocs\tsms\system\CodeIgniter.php(824): App\Controllers\Dashboard->dashboard()
#8 C:\xampp\htdocs\tsms\system\CodeIgniter.php(410): CodeIgniter\CodeIgniter->runController(Object(App\Controllers\Dashboard))
#9 C:\xampp\htdocs\tsms\system\CodeIgniter.php(318): CodeIgniter\CodeIgniter->handleRequest(NULL, Object(Config\Cache), false)
#10 C:\xampp\htdocs\tsms\index.php(37): CodeIgniter\CodeIgniter->run()
#11 {main}
CRITICAL - 2022-07-06 00:14:08 --> syntax error, unexpected token ",", expecting "]"
#0 C:\xampp\htdocs\tsms\system\View\View.php(217): CodeIgniter\View\View->CodeIgniter\View\{closure}()
#1 C:\xampp\htdocs\tsms\system\Common.php(1097): CodeIgniter\View\View->render('dashboard/dashb...', Array, true)
#2 C:\xampp\htdocs\tsms\app\Views\dashboard\template.php(3): view('dashboard/dashb...')
#3 C:\xampp\htdocs\tsms\system\View\View.php(214): include('C:\\xampp\\htdocs...')
#4 C:\xampp\htdocs\tsms\system\View\View.php(217): CodeIgniter\View\View->CodeIgniter\View\{closure}()
#5 C:\xampp\htdocs\tsms\system\Common.php(1097): CodeIgniter\View\View->render('dashboard/templ...', Array, true)
#6 C:\xampp\htdocs\tsms\app\Controllers\Dashboard.php(61): view('dashboard/templ...', Array)
#7 C:\xampp\htdocs\tsms\system\CodeIgniter.php(824): App\Controllers\Dashboard->dashboard()
#8 C:\xampp\htdocs\tsms\system\CodeIgniter.php(410): CodeIgniter\CodeIgniter->runController(Object(App\Controllers\Dashboard))
#9 C:\xampp\htdocs\tsms\system\CodeIgniter.php(318): CodeIgniter\CodeIgniter->handleRequest(NULL, Object(Config\Cache), false)
#10 C:\xampp\htdocs\tsms\index.php(37): CodeIgniter\CodeIgniter->run()
#11 {main}
CRITICAL - 2022-07-06 00:14:53 --> syntax error, unexpected token ",", expecting "]"
#0 C:\xampp\htdocs\tsms\system\View\View.php(217): CodeIgniter\View\View->CodeIgniter\View\{closure}()
#1 C:\xampp\htdocs\tsms\system\Common.php(1097): CodeIgniter\View\View->render('dashboard/dashb...', Array, true)
#2 C:\xampp\htdocs\tsms\app\Views\dashboard\template.php(3): view('dashboard/dashb...')
#3 C:\xampp\htdocs\tsms\system\View\View.php(214): include('C:\\xampp\\htdocs...')
#4 C:\xampp\htdocs\tsms\system\View\View.php(217): CodeIgniter\View\View->CodeIgniter\View\{closure}()
#5 C:\xampp\htdocs\tsms\system\Common.php(1097): CodeIgniter\View\View->render('dashboard/templ...', Array, true)
#6 C:\xampp\htdocs\tsms\app\Controllers\Dashboard.php(61): view('dashboard/templ...', Array)
#7 C:\xampp\htdocs\tsms\system\CodeIgniter.php(824): App\Controllers\Dashboard->dashboard()
#8 C:\xampp\htdocs\tsms\system\CodeIgniter.php(410): CodeIgniter\CodeIgniter->runController(Object(App\Controllers\Dashboard))
#9 C:\xampp\htdocs\tsms\system\CodeIgniter.php(318): CodeIgniter\CodeIgniter->handleRequest(NULL, Object(Config\Cache), false)
#10 C:\xampp\htdocs\tsms\index.php(37): CodeIgniter\CodeIgniter->run()
#11 {main}
CRITICAL - 2022-07-06 00:15:37 --> syntax error, unexpected token "=", expecting "]"
#0 C:\xampp\htdocs\tsms\system\View\View.php(217): CodeIgniter\View\View->CodeIgniter\View\{closure}()
#1 C:\xampp\htdocs\tsms\system\Common.php(1097): CodeIgniter\View\View->render('dashboard/dashb...', Array, true)
#2 C:\xampp\htdocs\tsms\app\Views\dashboard\template.php(3): view('dashboard/dashb...')
#3 C:\xampp\htdocs\tsms\system\View\View.php(214): include('C:\\xampp\\htdocs...')
#4 C:\xampp\htdocs\tsms\system\View\View.php(217): CodeIgniter\View\View->CodeIgniter\View\{closure}()
#5 C:\xampp\htdocs\tsms\system\Common.php(1097): CodeIgniter\View\View->render('dashboard/templ...', Array, true)
#6 C:\xampp\htdocs\tsms\app\Controllers\Dashboard.php(61): view('dashboard/templ...', Array)
#7 C:\xampp\htdocs\tsms\system\CodeIgniter.php(824): App\Controllers\Dashboard->dashboard()
#8 C:\xampp\htdocs\tsms\system\CodeIgniter.php(410): CodeIgniter\CodeIgniter->runController(Object(App\Controllers\Dashboard))
#9 C:\xampp\htdocs\tsms\system\CodeIgniter.php(318): CodeIgniter\CodeIgniter->handleRequest(NULL, Object(Config\Cache), false)
#10 C:\xampp\htdocs\tsms\index.php(37): CodeIgniter\CodeIgniter->run()
#11 {main}
