CRITICAL - 2022-10-16 00:41:37 --> Undefined variable: key
#0 C:\xampp\htdocs\tsms\app\Controllers\FullCalendar.php(194): CodeIgniter\Debug\Exceptions->errorHandler(8, 'Undefined varia...', 'C:\\xampp\\htdocs...', 194, Array)
#1 C:\xampp\htdocs\tsms\system\CodeIgniter.php(824): App\Controllers\FullCalendar->Aircon_add('149')
#2 C:\xampp\htdocs\tsms\system\CodeIgniter.php(410): CodeIgniter\CodeIgniter->runController(Object(App\Controllers\FullCalendar))
#3 C:\xampp\htdocs\tsms\system\CodeIgniter.php(318): CodeIgniter\CodeIgniter->handleRequest(NULL, Object(Config\Cache), false)
#4 C:\xampp\htdocs\tsms\index.php(37): CodeIgniter\CodeIgniter->run()
#5 {main}
ERROR - 2022-10-16 00:41:50 --> Cannot add or update a child row: a foreign key constraint fails (`tsms`.`event_fcu`, CONSTRAINT `event_fcu_ibfk_3` FOREIGN KEY (`aircon_id`) REFERENCES `aircon` (`aircon_id`) ON DELETE CASCADE ON UPDATE CASCADE)
CRITICAL - 2022-10-16 00:41:50 --> Cannot add or update a child row: a foreign key constraint fails (`tsms`.`event_fcu`, CONSTRAINT `event_fcu_ibfk_3` FOREIGN KEY (`aircon_id`) REFERENCES `aircon` (`aircon_id`) ON DELETE CASCADE ON UPDATE CASCADE)
#0 C:\xampp\htdocs\tsms\system\Database\MySQLi\Connection.php(292): mysqli->query('INSERT INTO `ev...', 0)
#1 C:\xampp\htdocs\tsms\system\Database\BaseConnection.php(670): CodeIgniter\Database\MySQLi\Connection->execute('INSERT INTO `ev...')
#2 C:\xampp\htdocs\tsms\system\Database\BaseConnection.php(598): CodeIgniter\Database\BaseConnection->simpleQuery('INSERT INTO `ev...')
#3 C:\xampp\htdocs\tsms\system\Database\BaseBuilder.php(1759): CodeIgniter\Database\BaseConnection->query('INSERT INTO `ev...', Array, false)
#4 C:\xampp\htdocs\tsms\system\Model.php(239): CodeIgniter\Database\BaseBuilder->insert()
#5 C:\xampp\htdocs\tsms\system\BaseModel.php(738): CodeIgniter\Model->doInsert(Array)
#6 C:\xampp\htdocs\tsms\system\Model.php(620): CodeIgniter\BaseModel->insert(Array, true)
#7 C:\xampp\htdocs\tsms\app\Controllers\FullCalendar.php(199): CodeIgniter\Model->insert(Array)
#8 C:\xampp\htdocs\tsms\system\CodeIgniter.php(824): App\Controllers\FullCalendar->Aircon_add('149')
#9 C:\xampp\htdocs\tsms\system\CodeIgniter.php(410): CodeIgniter\CodeIgniter->runController(Object(App\Controllers\FullCalendar))
#10 C:\xampp\htdocs\tsms\system\CodeIgniter.php(318): CodeIgniter\CodeIgniter->handleRequest(NULL, Object(Config\Cache), false)
#11 C:\xampp\htdocs\tsms\index.php(37): CodeIgniter\CodeIgniter->run()
#12 {main}
ERROR - 2022-10-16 00:42:34 --> Cannot add or update a child row: a foreign key constraint fails (`tsms`.`event_fcu`, CONSTRAINT `event_fcu_ibfk_3` FOREIGN KEY (`aircon_id`) REFERENCES `aircon` (`aircon_id`) ON DELETE CASCADE ON UPDATE CASCADE)
CRITICAL - 2022-10-16 00:42:34 --> Cannot add or update a child row: a foreign key constraint fails (`tsms`.`event_fcu`, CONSTRAINT `event_fcu_ibfk_3` FOREIGN KEY (`aircon_id`) REFERENCES `aircon` (`aircon_id`) ON DELETE CASCADE ON UPDATE CASCADE)
#0 C:\xampp\htdocs\tsms\system\Database\MySQLi\Connection.php(292): mysqli->query('INSERT INTO `ev...', 0)
#1 C:\xampp\htdocs\tsms\system\Database\BaseConnection.php(670): CodeIgniter\Database\MySQLi\Connection->execute('INSERT INTO `ev...')
#2 C:\xampp\htdocs\tsms\system\Database\BaseConnection.php(598): CodeIgniter\Database\BaseConnection->simpleQuery('INSERT INTO `ev...')
#3 C:\xampp\htdocs\tsms\system\Database\BaseBuilder.php(1759): CodeIgniter\Database\BaseConnection->query('INSERT INTO `ev...', Array, false)
#4 C:\xampp\htdocs\tsms\system\Model.php(239): CodeIgniter\Database\BaseBuilder->insert()
#5 C:\xampp\htdocs\tsms\system\BaseModel.php(738): CodeIgniter\Model->doInsert(Array)
#6 C:\xampp\htdocs\tsms\system\Model.php(620): CodeIgniter\BaseModel->insert(Array, true)
#7 C:\xampp\htdocs\tsms\app\Controllers\FullCalendar.php(199): CodeIgniter\Model->insert(Array)
#8 C:\xampp\htdocs\tsms\system\CodeIgniter.php(824): App\Controllers\FullCalendar->Aircon_add('149')
#9 C:\xampp\htdocs\tsms\system\CodeIgniter.php(410): CodeIgniter\CodeIgniter->runController(Object(App\Controllers\FullCalendar))
#10 C:\xampp\htdocs\tsms\system\CodeIgniter.php(318): CodeIgniter\CodeIgniter->handleRequest(NULL, Object(Config\Cache), false)
#11 C:\xampp\htdocs\tsms\index.php(37): CodeIgniter\CodeIgniter->run()
#12 {main}
ERROR - 2022-10-16 00:42:36 --> Cannot add or update a child row: a foreign key constraint fails (`tsms`.`event_fcu`, CONSTRAINT `event_fcu_ibfk_3` FOREIGN KEY (`aircon_id`) REFERENCES `aircon` (`aircon_id`) ON DELETE CASCADE ON UPDATE CASCADE)
CRITICAL - 2022-10-16 00:42:36 --> Cannot add or update a child row: a foreign key constraint fails (`tsms`.`event_fcu`, CONSTRAINT `event_fcu_ibfk_3` FOREIGN KEY (`aircon_id`) REFERENCES `aircon` (`aircon_id`) ON DELETE CASCADE ON UPDATE CASCADE)
#0 C:\xampp\htdocs\tsms\system\Database\MySQLi\Connection.php(292): mysqli->query('INSERT INTO `ev...', 0)
#1 C:\xampp\htdocs\tsms\system\Database\BaseConnection.php(670): CodeIgniter\Database\MySQLi\Connection->execute('INSERT INTO `ev...')
#2 C:\xampp\htdocs\tsms\system\Database\BaseConnection.php(598): CodeIgniter\Database\BaseConnection->simpleQuery('INSERT INTO `ev...')
#3 C:\xampp\htdocs\tsms\system\Database\BaseBuilder.php(1759): CodeIgniter\Database\BaseConnection->query('INSERT INTO `ev...', Array, false)
#4 C:\xampp\htdocs\tsms\system\Model.php(239): CodeIgniter\Database\BaseBuilder->insert()
#5 C:\xampp\htdocs\tsms\system\BaseModel.php(738): CodeIgniter\Model->doInsert(Array)
#6 C:\xampp\htdocs\tsms\system\Model.php(620): CodeIgniter\BaseModel->insert(Array, true)
#7 C:\xampp\htdocs\tsms\app\Controllers\FullCalendar.php(199): CodeIgniter\Model->insert(Array)
#8 C:\xampp\htdocs\tsms\system\CodeIgniter.php(824): App\Controllers\FullCalendar->Aircon_add('149')
#9 C:\xampp\htdocs\tsms\system\CodeIgniter.php(410): CodeIgniter\CodeIgniter->runController(Object(App\Controllers\FullCalendar))
#10 C:\xampp\htdocs\tsms\system\CodeIgniter.php(318): CodeIgniter\CodeIgniter->handleRequest(NULL, Object(Config\Cache), false)
#11 C:\xampp\htdocs\tsms\index.php(37): CodeIgniter\CodeIgniter->run()
#12 {main}
CRITICAL - 2022-10-16 00:44:19 --> Undefined index: aircon_id
#0 C:\xampp\htdocs\tsms\app\Controllers\FullCalendar.php(374): CodeIgniter\Debug\Exceptions->errorHandler(8, 'Undefined index...', 'C:\\xampp\\htdocs...', 374, Array)
#1 C:\xampp\htdocs\tsms\system\CodeIgniter.php(824): App\Controllers\FullCalendar->event()
#2 C:\xampp\htdocs\tsms\system\CodeIgniter.php(410): CodeIgniter\CodeIgniter->runController(Object(App\Controllers\FullCalendar))
#3 C:\xampp\htdocs\tsms\system\CodeIgniter.php(318): CodeIgniter\CodeIgniter->handleRequest(NULL, Object(Config\Cache), false)
#4 C:\xampp\htdocs\tsms\index.php(37): CodeIgniter\CodeIgniter->run()
#5 {main}
CRITICAL - 2022-10-16 00:44:47 --> Undefined property: stdClass::$device_brand
#0 C:\xampp\htdocs\tsms\app\Views\admin\calendar\events.php(88): CodeIgniter\Debug\Exceptions->errorHandler(8, 'Undefined prope...', 'C:\\xampp\\htdocs...', 88, Array)
#1 C:\xampp\htdocs\tsms\system\View\View.php(214): include('C:\\xampp\\htdocs...')
#2 C:\xampp\htdocs\tsms\system\View\View.php(217): CodeIgniter\View\View->CodeIgniter\View\{closure}()
#3 C:\xampp\htdocs\tsms\system\Common.php(1097): CodeIgniter\View\View->render('admin/calendar/...', Array, true)
#4 C:\xampp\htdocs\tsms\app\Views\templates\template.php(3): view('admin/calendar/...')
#5 C:\xampp\htdocs\tsms\system\View\View.php(214): include('C:\\xampp\\htdocs...')
#6 C:\xampp\htdocs\tsms\system\View\View.php(217): CodeIgniter\View\View->CodeIgniter\View\{closure}()
#7 C:\xampp\htdocs\tsms\system\Common.php(1097): CodeIgniter\View\View->render('templates/templ...', Array, true)
#8 C:\xampp\htdocs\tsms\app\Controllers\FullCalendar.php(388): view('templates/templ...', Array)
#9 C:\xampp\htdocs\tsms\system\CodeIgniter.php(824): App\Controllers\FullCalendar->event()
#10 C:\xampp\htdocs\tsms\system\CodeIgniter.php(410): CodeIgniter\CodeIgniter->runController(Object(App\Controllers\FullCalendar))
#11 C:\xampp\htdocs\tsms\system\CodeIgniter.php(318): CodeIgniter\CodeIgniter->handleRequest(NULL, Object(Config\Cache), false)
#12 C:\xampp\htdocs\tsms\index.php(37): CodeIgniter\CodeIgniter->run()
#13 {main}
CRITICAL - 2022-10-16 00:45:53 --> Undefined property: stdClass::$device_brand
#0 C:\xampp\htdocs\tsms\app\Views\admin\calendar\events.php(88): CodeIgniter\Debug\Exceptions->errorHandler(8, 'Undefined prope...', 'C:\\xampp\\htdocs...', 88, Array)
#1 C:\xampp\htdocs\tsms\system\View\View.php(214): include('C:\\xampp\\htdocs...')
#2 C:\xampp\htdocs\tsms\system\View\View.php(217): CodeIgniter\View\View->CodeIgniter\View\{closure}()
#3 C:\xampp\htdocs\tsms\system\Common.php(1097): CodeIgniter\View\View->render('admin/calendar/...', Array, true)
#4 C:\xampp\htdocs\tsms\app\Views\templates\template.php(3): view('admin/calendar/...')
#5 C:\xampp\htdocs\tsms\system\View\View.php(214): include('C:\\xampp\\htdocs...')
#6 C:\xampp\htdocs\tsms\system\View\View.php(217): CodeIgniter\View\View->CodeIgniter\View\{closure}()
#7 C:\xampp\htdocs\tsms\system\Common.php(1097): CodeIgniter\View\View->render('templates/templ...', Array, true)
#8 C:\xampp\htdocs\tsms\app\Controllers\FullCalendar.php(388): view('templates/templ...', Array)
#9 C:\xampp\htdocs\tsms\system\CodeIgniter.php(824): App\Controllers\FullCalendar->event()
#10 C:\xampp\htdocs\tsms\system\CodeIgniter.php(410): CodeIgniter\CodeIgniter->runController(Object(App\Controllers\FullCalendar))
#11 C:\xampp\htdocs\tsms\system\CodeIgniter.php(318): CodeIgniter\CodeIgniter->handleRequest(NULL, Object(Config\Cache), false)
#12 C:\xampp\htdocs\tsms\index.php(37): CodeIgniter\CodeIgniter->run()
#13 {main}
CRITICAL - 2022-10-16 01:40:46 --> Undefined variable: device_brand
#0 C:\xampp\htdocs\tsms\app\Views\admin\calendar\calendar.php(249): CodeIgniter\Debug\Exceptions->errorHandler(8, 'Undefined varia...', 'C:\\xampp\\htdocs...', 249, Array)
#1 C:\xampp\htdocs\tsms\system\View\View.php(214): include('C:\\xampp\\htdocs...')
#2 C:\xampp\htdocs\tsms\system\View\View.php(217): CodeIgniter\View\View->CodeIgniter\View\{closure}()
#3 C:\xampp\htdocs\tsms\system\Common.php(1097): CodeIgniter\View\View->render('admin/calendar/...', Array, true)
#4 C:\xampp\htdocs\tsms\app\Views\templates\template.php(3): view('admin/calendar/...')
#5 C:\xampp\htdocs\tsms\system\View\View.php(214): include('C:\\xampp\\htdocs...')
#6 C:\xampp\htdocs\tsms\system\View\View.php(217): CodeIgniter\View\View->CodeIgniter\View\{closure}()
#7 C:\xampp\htdocs\tsms\system\Common.php(1097): CodeIgniter\View\View->render('templates/templ...', Array, true)
#8 C:\xampp\htdocs\tsms\app\Controllers\FullCalendar.php(134): view('templates/templ...', Array)
#9 C:\xampp\htdocs\tsms\system\CodeIgniter.php(824): App\Controllers\FullCalendar->index()
#10 C:\xampp\htdocs\tsms\system\CodeIgniter.php(410): CodeIgniter\CodeIgniter->runController(Object(App\Controllers\FullCalendar))
#11 C:\xampp\htdocs\tsms\system\CodeIgniter.php(318): CodeIgniter\CodeIgniter->handleRequest(NULL, Object(Config\Cache), false)
#12 C:\xampp\htdocs\tsms\index.php(37): CodeIgniter\CodeIgniter->run()
#13 {main}
CRITICAL - 2022-10-16 02:01:17 --> Undefined index: id
#0 C:\xampp\htdocs\tsms\app\Controllers\FullCalendar.php(171): CodeIgniter\Debug\Exceptions->errorHandler(8, 'Undefined index...', 'C:\\xampp\\htdocs...', 171, Array)
#1 C:\xampp\htdocs\tsms\system\CodeIgniter.php(824): App\Controllers\FullCalendar->addAircon('152')
#2 C:\xampp\htdocs\tsms\system\CodeIgniter.php(410): CodeIgniter\CodeIgniter->runController(Object(App\Controllers\FullCalendar))
#3 C:\xampp\htdocs\tsms\system\CodeIgniter.php(318): CodeIgniter\CodeIgniter->handleRequest(NULL, Object(Config\Cache), false)
#4 C:\xampp\htdocs\tsms\index.php(37): CodeIgniter\CodeIgniter->run()
#5 {main}
CRITICAL - 2022-10-16 03:10:16 --> Undefined index: repeatable
#0 C:\xampp\htdocs\tsms\app\Controllers\FullCalendar.php(112): CodeIgniter\Debug\Exceptions->errorHandler(8, 'Undefined index...', 'C:\\xampp\\htdocs...', 112, Array)
#1 C:\xampp\htdocs\tsms\system\CodeIgniter.php(824): App\Controllers\FullCalendar->index()
#2 C:\xampp\htdocs\tsms\system\CodeIgniter.php(410): CodeIgniter\CodeIgniter->runController(Object(App\Controllers\FullCalendar))
#3 C:\xampp\htdocs\tsms\system\CodeIgniter.php(318): CodeIgniter\CodeIgniter->handleRequest(NULL, Object(Config\Cache), false)
#4 C:\xampp\htdocs\tsms\index.php(37): CodeIgniter\CodeIgniter->run()
#5 {main}
CRITICAL - 2022-10-16 03:10:26 --> Undefined index: aircon_id
#0 C:\xampp\htdocs\tsms\app\Controllers\FullCalendar.php(115): CodeIgniter\Debug\Exceptions->errorHandler(8, 'Undefined index...', 'C:\\xampp\\htdocs...', 115, Array)
#1 C:\xampp\htdocs\tsms\system\CodeIgniter.php(824): App\Controllers\FullCalendar->index()
#2 C:\xampp\htdocs\tsms\system\CodeIgniter.php(410): CodeIgniter\CodeIgniter->runController(Object(App\Controllers\FullCalendar))
#3 C:\xampp\htdocs\tsms\system\CodeIgniter.php(318): CodeIgniter\CodeIgniter->handleRequest(NULL, Object(Config\Cache), false)
#4 C:\xampp\htdocs\tsms\index.php(37): CodeIgniter\CodeIgniter->run()
#5 {main}
