CRITICAL - 2022-02-15 02:09:22 --> session_start(): Ignoring session_start() because a session is already active
#0 [internal function]: CodeIgniter\Debug\Exceptions->errorHandler(8, 'session_start()...', 'C:\\xampp\\htdocs...', 2)
#1 C:\xampp\htdocs\tsms\app\Views\templates\dash_header.php(2): session_start()
#2 C:\xampp\htdocs\tsms\system\View\View.php(214): include('C:\\xampp\\htdocs...')
#3 C:\xampp\htdocs\tsms\system\View\View.php(217): CodeIgniter\View\View->CodeIgniter\View\{closure}()
#4 C:\xampp\htdocs\tsms\system\Common.php(1097): CodeIgniter\View\View->render('templates/dash_...', Array, true)
#5 C:\xampp\htdocs\tsms\app\Views\dashboard\template.php(1): view('templates/dash_...')
#6 C:\xampp\htdocs\tsms\system\View\View.php(214): include('C:\\xampp\\htdocs...')
#7 C:\xampp\htdocs\tsms\system\View\View.php(217): CodeIgniter\View\View->CodeIgniter\View\{closure}()
#8 C:\xampp\htdocs\tsms\system\Common.php(1097): CodeIgniter\View\View->render('dashboard/templ...', Array, true)
#9 C:\xampp\htdocs\tsms\app\Controllers\Dashboard.php(16): view('dashboard/templ...', Array)
#10 C:\xampp\htdocs\tsms\system\CodeIgniter.php(824): App\Controllers\Dashboard->index()
#11 C:\xampp\htdocs\tsms\system\CodeIgniter.php(410): CodeIgniter\CodeIgniter->runController(Object(App\Controllers\Dashboard))
#12 C:\xampp\htdocs\tsms\system\CodeIgniter.php(318): CodeIgniter\CodeIgniter->handleRequest(NULL, Object(Config\Cache), false)
#13 C:\xampp\htdocs\tsms\index.php(37): CodeIgniter\CodeIgniter->run()
#14 {main}
CRITICAL - 2022-02-15 02:09:35 --> Undefined array key "username"
#0 C:\xampp\htdocs\tsms\app\Views\templates\dash_header.php(34): CodeIgniter\Debug\Exceptions->errorHandler(2, 'Undefined array...', 'C:\\xampp\\htdocs...', 34)
#1 C:\xampp\htdocs\tsms\system\View\View.php(214): include('C:\\xampp\\htdocs...')
#2 C:\xampp\htdocs\tsms\system\View\View.php(217): CodeIgniter\View\View->CodeIgniter\View\{closure}()
#3 C:\xampp\htdocs\tsms\system\Common.php(1097): CodeIgniter\View\View->render('templates/dash_...', Array, true)
#4 C:\xampp\htdocs\tsms\app\Views\dashboard\template.php(1): view('templates/dash_...')
#5 C:\xampp\htdocs\tsms\system\View\View.php(214): include('C:\\xampp\\htdocs...')
#6 C:\xampp\htdocs\tsms\system\View\View.php(217): CodeIgniter\View\View->CodeIgniter\View\{closure}()
#7 C:\xampp\htdocs\tsms\system\Common.php(1097): CodeIgniter\View\View->render('dashboard/templ...', Array, true)
#8 C:\xampp\htdocs\tsms\app\Controllers\Dashboard.php(16): view('dashboard/templ...', Array)
#9 C:\xampp\htdocs\tsms\system\CodeIgniter.php(824): App\Controllers\Dashboard->index()
#10 C:\xampp\htdocs\tsms\system\CodeIgniter.php(410): CodeIgniter\CodeIgniter->runController(Object(App\Controllers\Dashboard))
#11 C:\xampp\htdocs\tsms\system\CodeIgniter.php(318): CodeIgniter\CodeIgniter->handleRequest(NULL, Object(Config\Cache), false)
#12 C:\xampp\htdocs\tsms\index.php(37): CodeIgniter\CodeIgniter->run()
#13 {main}
ERROR - 2022-02-15 02:14:11 --> Error connecting to the database: No connection could be made because the target machine actively refused it
CRITICAL - 2022-02-15 02:14:11 --> Unable to connect to the database.
Main connection [MySQLi]: No connection could be made because the target machine actively refused it
#0 C:\xampp\htdocs\tsms\system\Database\BaseConnection.php(577): CodeIgniter\Database\BaseConnection->initialize()
#1 C:\xampp\htdocs\tsms\system\Database\BaseBuilder.php(1443): CodeIgniter\Database\BaseConnection->query('SELECT 1\nFROM `...', Array, false)
#2 C:\xampp\htdocs\tsms\system\Validation\Rules.php(116): CodeIgniter\Database\BaseBuilder->get()
#3 C:\xampp\htdocs\tsms\system\Validation\Validation.php(277): CodeIgniter\Validation\Rules->is_not_unique('admin@gmail.com', 'email', Array, NULL)
#4 C:\xampp\htdocs\tsms\system\Validation\Validation.php(151): CodeIgniter\Validation\Validation->processRules('email', 'email', 'admin@gmail.com', Array, Array)
#5 C:\xampp\htdocs\tsms\system\Controller.php(160): CodeIgniter\Validation\Validation->run()
#6 C:\xampp\htdocs\tsms\app\Controllers\Pages.php(39): CodeIgniter\Controller->validate(Array)
#7 C:\xampp\htdocs\tsms\system\CodeIgniter.php(824): App\Controllers\Pages->check()
#8 C:\xampp\htdocs\tsms\system\CodeIgniter.php(410): CodeIgniter\CodeIgniter->runController(Object(App\Controllers\Pages))
#9 C:\xampp\htdocs\tsms\system\CodeIgniter.php(318): CodeIgniter\CodeIgniter->handleRequest(NULL, Object(Config\Cache), false)
#10 C:\xampp\htdocs\tsms\index.php(37): CodeIgniter\CodeIgniter->run()
#11 {main}
ERROR - 2022-02-15 02:14:38 --> Error connecting to the database: No connection could be made because the target machine actively refused it
CRITICAL - 2022-02-15 02:14:38 --> Unable to connect to the database.
Main connection [MySQLi]: No connection could be made because the target machine actively refused it
#0 C:\xampp\htdocs\tsms\system\Database\BaseConnection.php(577): CodeIgniter\Database\BaseConnection->initialize()
#1 C:\xampp\htdocs\tsms\system\Database\BaseBuilder.php(1443): CodeIgniter\Database\BaseConnection->query('SELECT 1\nFROM `...', Array, false)
#2 C:\xampp\htdocs\tsms\system\Validation\Rules.php(116): CodeIgniter\Database\BaseBuilder->get()
#3 C:\xampp\htdocs\tsms\system\Validation\Validation.php(277): CodeIgniter\Validation\Rules->is_not_unique('admin@gmail.com', 'email', Array, NULL)
#4 C:\xampp\htdocs\tsms\system\Validation\Validation.php(151): CodeIgniter\Validation\Validation->processRules('email', 'email', 'admin@gmail.com', Array, Array)
#5 C:\xampp\htdocs\tsms\system\Controller.php(160): CodeIgniter\Validation\Validation->run()
#6 C:\xampp\htdocs\tsms\app\Controllers\Pages.php(39): CodeIgniter\Controller->validate(Array)
#7 C:\xampp\htdocs\tsms\system\CodeIgniter.php(824): App\Controllers\Pages->check()
#8 C:\xampp\htdocs\tsms\system\CodeIgniter.php(410): CodeIgniter\CodeIgniter->runController(Object(App\Controllers\Pages))
#9 C:\xampp\htdocs\tsms\system\CodeIgniter.php(318): CodeIgniter\CodeIgniter->handleRequest(NULL, Object(Config\Cache), false)
#10 C:\xampp\htdocs\tsms\index.php(37): CodeIgniter\CodeIgniter->run()
#11 {main}
CRITICAL - 2022-02-15 02:16:32 --> Invalid file: pages/calendar.php
#0 C:\xampp\htdocs\tsms\system\View\View.php(198): CodeIgniter\Exceptions\FrameworkException::forInvalidFile('pages/calendar....')
#1 C:\xampp\htdocs\tsms\system\Common.php(1097): CodeIgniter\View\View->render('pages/calendar', Array, true)
#2 C:\xampp\htdocs\tsms\app\Controllers\Home.php(9): view('pages/calendar')
#3 C:\xampp\htdocs\tsms\system\CodeIgniter.php(824): App\Controllers\Home->index()
#4 C:\xampp\htdocs\tsms\system\CodeIgniter.php(410): CodeIgniter\CodeIgniter->runController(Object(App\Controllers\Home))
#5 C:\xampp\htdocs\tsms\system\CodeIgniter.php(318): CodeIgniter\CodeIgniter->handleRequest(NULL, Object(Config\Cache), false)
#6 C:\xampp\htdocs\tsms\index.php(37): CodeIgniter\CodeIgniter->run()
#7 {main}
CRITICAL - 2022-02-15 02:29:14 --> Call to undefined method App\Models\Emp::create()
#0 C:\xampp\htdocs\tsms\system\CodeIgniter.php(824): App\Controllers\EmpCrud->store()
#1 C:\xampp\htdocs\tsms\system\CodeIgniter.php(410): CodeIgniter\CodeIgniter->runController(Object(App\Controllers\EmpCrud))
#2 C:\xampp\htdocs\tsms\system\CodeIgniter.php(318): CodeIgniter\CodeIgniter->handleRequest(NULL, Object(Config\Cache), false)
#3 C:\xampp\htdocs\tsms\index.php(37): CodeIgniter\CodeIgniter->run()
#4 {main}
CRITICAL - 2022-02-15 02:30:55 --> Call to undefined method App\Models\Emp::create()
#0 C:\xampp\htdocs\tsms\system\CodeIgniter.php(824): App\Controllers\EmpCrud->store()
#1 C:\xampp\htdocs\tsms\system\CodeIgniter.php(410): CodeIgniter\CodeIgniter->runController(Object(App\Controllers\EmpCrud))
#2 C:\xampp\htdocs\tsms\system\CodeIgniter.php(318): CodeIgniter\CodeIgniter->handleRequest(NULL, Object(Config\Cache), false)
#3 C:\xampp\htdocs\tsms\index.php(37): CodeIgniter\CodeIgniter->run()
#4 {main}
CRITICAL - 2022-02-15 02:37:18 --> syntax error, unexpected token "if"
#0 C:\xampp\htdocs\tsms\system\Autoloader\Autoloader.php(241): CodeIgniter\Autoloader\Autoloader->includeFile('C:\\xampp\\htdocs...')
#1 C:\xampp\htdocs\tsms\system\Autoloader\Autoloader.php(219): CodeIgniter\Autoloader\Autoloader->loadInNamespace('App\\Controllers...')
#2 [internal function]: CodeIgniter\Autoloader\Autoloader->loadClass('App\\Controllers...')
#3 C:\xampp\htdocs\tsms\system\CodeIgniter.php(789): class_exists('\\App\\Controller...', true)
#4 C:\xampp\htdocs\tsms\system\CodeIgniter.php(397): CodeIgniter\CodeIgniter->startController()
#5 C:\xampp\htdocs\tsms\system\CodeIgniter.php(318): CodeIgniter\CodeIgniter->handleRequest(NULL, Object(Config\Cache), false)
#6 C:\xampp\htdocs\tsms\index.php(37): CodeIgniter\CodeIgniter->run()
#7 {main}
CRITICAL - 2022-02-15 02:37:19 --> syntax error, unexpected token "if"
#0 C:\xampp\htdocs\tsms\system\Autoloader\Autoloader.php(241): CodeIgniter\Autoloader\Autoloader->includeFile('C:\\xampp\\htdocs...')
#1 C:\xampp\htdocs\tsms\system\Autoloader\Autoloader.php(219): CodeIgniter\Autoloader\Autoloader->loadInNamespace('App\\Controllers...')
#2 [internal function]: CodeIgniter\Autoloader\Autoloader->loadClass('App\\Controllers...')
#3 C:\xampp\htdocs\tsms\system\CodeIgniter.php(789): class_exists('\\App\\Controller...', true)
#4 C:\xampp\htdocs\tsms\system\CodeIgniter.php(397): CodeIgniter\CodeIgniter->startController()
#5 C:\xampp\htdocs\tsms\system\CodeIgniter.php(318): CodeIgniter\CodeIgniter->handleRequest(NULL, Object(Config\Cache), false)
#6 C:\xampp\htdocs\tsms\index.php(37): CodeIgniter\CodeIgniter->run()
#7 {main}
CRITICAL - 2022-02-15 02:37:39 --> Undefined property: App\Controllers\EmpCrud::$Emp
#0 C:\xampp\htdocs\tsms\app\Controllers\EmpCrud.php(26): CodeIgniter\Debug\Exceptions->errorHandler(2, 'Undefined prope...', 'C:\\xampp\\htdocs...', 26)
#1 C:\xampp\htdocs\tsms\system\CodeIgniter.php(824): App\Controllers\EmpCrud->store()
#2 C:\xampp\htdocs\tsms\system\CodeIgniter.php(410): CodeIgniter\CodeIgniter->runController(Object(App\Controllers\EmpCrud))
#3 C:\xampp\htdocs\tsms\system\CodeIgniter.php(318): CodeIgniter\CodeIgniter->handleRequest(NULL, Object(Config\Cache), false)
#4 C:\xampp\htdocs\tsms\index.php(37): CodeIgniter\CodeIgniter->run()
#5 {main}
CRITICAL - 2022-02-15 02:37:55 --> Call to undefined method App\Models\Emp::verifyemail
#0 C:\xampp\htdocs\tsms\app\Controllers\EmpCrud.php(26): CodeIgniter\Model->__call('verifyemail', Array)
#1 C:\xampp\htdocs\tsms\system\CodeIgniter.php(824): App\Controllers\EmpCrud->store()
#2 C:\xampp\htdocs\tsms\system\CodeIgniter.php(410): CodeIgniter\CodeIgniter->runController(Object(App\Controllers\EmpCrud))
#3 C:\xampp\htdocs\tsms\system\CodeIgniter.php(318): CodeIgniter\CodeIgniter->handleRequest(NULL, Object(Config\Cache), false)
#4 C:\xampp\htdocs\tsms\index.php(37): CodeIgniter\CodeIgniter->run()
#5 {main}
CRITICAL - 2022-02-15 02:48:56 --> Undefined variable $error
#0 C:\xampp\htdocs\tsms\app\Views\emp\emp_add.php(4): CodeIgniter\Debug\Exceptions->errorHandler(2, 'Undefined varia...', 'C:\\xampp\\htdocs...', 4)
#1 C:\xampp\htdocs\tsms\system\View\View.php(214): include('C:\\xampp\\htdocs...')
#2 C:\xampp\htdocs\tsms\system\View\View.php(217): CodeIgniter\View\View->CodeIgniter\View\{closure}()
#3 C:\xampp\htdocs\tsms\system\Common.php(1097): CodeIgniter\View\View->render('emp/emp_add', Array, true)
#4 C:\xampp\htdocs\tsms\app\Views\dashboard\template.php(3): view('emp/emp_add')
#5 C:\xampp\htdocs\tsms\system\View\View.php(214): include('C:\\xampp\\htdocs...')
#6 C:\xampp\htdocs\tsms\system\View\View.php(217): CodeIgniter\View\View->CodeIgniter\View\{closure}()
#7 C:\xampp\htdocs\tsms\system\Common.php(1097): CodeIgniter\View\View->render('dashboard/templ...', Array, true)
#8 C:\xampp\htdocs\tsms\app\Controllers\EmpCrud.php(20): view('dashboard/templ...', Array)
#9 C:\xampp\htdocs\tsms\system\CodeIgniter.php(824): App\Controllers\EmpCrud->create()
#10 C:\xampp\htdocs\tsms\system\CodeIgniter.php(410): CodeIgniter\CodeIgniter->runController(Object(App\Controllers\EmpCrud))
#11 C:\xampp\htdocs\tsms\system\CodeIgniter.php(318): CodeIgniter\CodeIgniter->handleRequest(NULL, Object(Config\Cache), false)
#12 C:\xampp\htdocs\tsms\index.php(37): CodeIgniter\CodeIgniter->run()
#13 {main}
CRITICAL - 2022-02-15 02:53:27 --> syntax error, unexpected token "}", expecting ";"
#0 C:\xampp\htdocs\tsms\system\Autoloader\Autoloader.php(241): CodeIgniter\Autoloader\Autoloader->includeFile('C:\\xampp\\htdocs...')
#1 C:\xampp\htdocs\tsms\system\Autoloader\Autoloader.php(219): CodeIgniter\Autoloader\Autoloader->loadInNamespace('App\\Controllers...')
#2 [internal function]: CodeIgniter\Autoloader\Autoloader->loadClass('App\\Controllers...')
#3 C:\xampp\htdocs\tsms\system\CodeIgniter.php(789): class_exists('\\App\\Controller...', true)
#4 C:\xampp\htdocs\tsms\system\CodeIgniter.php(397): CodeIgniter\CodeIgniter->startController()
#5 C:\xampp\htdocs\tsms\system\CodeIgniter.php(318): CodeIgniter\CodeIgniter->handleRequest(NULL, Object(Config\Cache), false)
#6 C:\xampp\htdocs\tsms\index.php(37): CodeIgniter\CodeIgniter->run()
#7 {main}
CRITICAL - 2022-02-15 02:53:29 --> syntax error, unexpected token "}", expecting ";"
#0 C:\xampp\htdocs\tsms\system\Autoloader\Autoloader.php(241): CodeIgniter\Autoloader\Autoloader->includeFile('C:\\xampp\\htdocs...')
#1 C:\xampp\htdocs\tsms\system\Autoloader\Autoloader.php(219): CodeIgniter\Autoloader\Autoloader->loadInNamespace('App\\Controllers...')
#2 [internal function]: CodeIgniter\Autoloader\Autoloader->loadClass('App\\Controllers...')
#3 C:\xampp\htdocs\tsms\system\CodeIgniter.php(789): class_exists('\\App\\Controller...', true)
#4 C:\xampp\htdocs\tsms\system\CodeIgniter.php(397): CodeIgniter\CodeIgniter->startController()
#5 C:\xampp\htdocs\tsms\system\CodeIgniter.php(318): CodeIgniter\CodeIgniter->handleRequest(NULL, Object(Config\Cache), false)
#6 C:\xampp\htdocs\tsms\index.php(37): CodeIgniter\CodeIgniter->run()
#7 {main}
CRITICAL - 2022-02-15 02:53:29 --> syntax error, unexpected token "}", expecting ";"
#0 C:\xampp\htdocs\tsms\system\Autoloader\Autoloader.php(241): CodeIgniter\Autoloader\Autoloader->includeFile('C:\\xampp\\htdocs...')
#1 C:\xampp\htdocs\tsms\system\Autoloader\Autoloader.php(219): CodeIgniter\Autoloader\Autoloader->loadInNamespace('App\\Controllers...')
#2 [internal function]: CodeIgniter\Autoloader\Autoloader->loadClass('App\\Controllers...')
#3 C:\xampp\htdocs\tsms\system\CodeIgniter.php(789): class_exists('\\App\\Controller...', true)
#4 C:\xampp\htdocs\tsms\system\CodeIgniter.php(397): CodeIgniter\CodeIgniter->startController()
#5 C:\xampp\htdocs\tsms\system\CodeIgniter.php(318): CodeIgniter\CodeIgniter->handleRequest(NULL, Object(Config\Cache), false)
#6 C:\xampp\htdocs\tsms\index.php(37): CodeIgniter\CodeIgniter->run()
#7 {main}
CRITICAL - 2022-02-15 02:53:31 --> syntax error, unexpected token "}", expecting ";"
#0 C:\xampp\htdocs\tsms\system\Autoloader\Autoloader.php(241): CodeIgniter\Autoloader\Autoloader->includeFile('C:\\xampp\\htdocs...')
#1 C:\xampp\htdocs\tsms\system\Autoloader\Autoloader.php(219): CodeIgniter\Autoloader\Autoloader->loadInNamespace('App\\Controllers...')
#2 [internal function]: CodeIgniter\Autoloader\Autoloader->loadClass('App\\Controllers...')
#3 C:\xampp\htdocs\tsms\system\CodeIgniter.php(789): class_exists('\\App\\Controller...', true)
#4 C:\xampp\htdocs\tsms\system\CodeIgniter.php(397): CodeIgniter\CodeIgniter->startController()
#5 C:\xampp\htdocs\tsms\system\CodeIgniter.php(318): CodeIgniter\CodeIgniter->handleRequest(NULL, Object(Config\Cache), false)
#6 C:\xampp\htdocs\tsms\index.php(37): CodeIgniter\CodeIgniter->run()
#7 {main}
CRITICAL - 2022-02-15 02:53:32 --> syntax error, unexpected token "}", expecting ";"
#0 C:\xampp\htdocs\tsms\system\Autoloader\Autoloader.php(241): CodeIgniter\Autoloader\Autoloader->includeFile('C:\\xampp\\htdocs...')
#1 C:\xampp\htdocs\tsms\system\Autoloader\Autoloader.php(219): CodeIgniter\Autoloader\Autoloader->loadInNamespace('App\\Controllers...')
#2 [internal function]: CodeIgniter\Autoloader\Autoloader->loadClass('App\\Controllers...')
#3 C:\xampp\htdocs\tsms\system\CodeIgniter.php(789): class_exists('\\App\\Controller...', true)
#4 C:\xampp\htdocs\tsms\system\CodeIgniter.php(397): CodeIgniter\CodeIgniter->startController()
#5 C:\xampp\htdocs\tsms\system\CodeIgniter.php(318): CodeIgniter\CodeIgniter->handleRequest(NULL, Object(Config\Cache), false)
#6 C:\xampp\htdocs\tsms\index.php(37): CodeIgniter\CodeIgniter->run()
#7 {main}
CRITICAL - 2022-02-15 02:53:32 --> syntax error, unexpected token "}", expecting ";"
#0 C:\xampp\htdocs\tsms\system\Autoloader\Autoloader.php(241): CodeIgniter\Autoloader\Autoloader->includeFile('C:\\xampp\\htdocs...')
#1 C:\xampp\htdocs\tsms\system\Autoloader\Autoloader.php(219): CodeIgniter\Autoloader\Autoloader->loadInNamespace('App\\Controllers...')
#2 [internal function]: CodeIgniter\Autoloader\Autoloader->loadClass('App\\Controllers...')
#3 C:\xampp\htdocs\tsms\system\CodeIgniter.php(789): class_exists('\\App\\Controller...', true)
#4 C:\xampp\htdocs\tsms\system\CodeIgniter.php(397): CodeIgniter\CodeIgniter->startController()
#5 C:\xampp\htdocs\tsms\system\CodeIgniter.php(318): CodeIgniter\CodeIgniter->handleRequest(NULL, Object(Config\Cache), false)
#6 C:\xampp\htdocs\tsms\index.php(37): CodeIgniter\CodeIgniter->run()
#7 {main}
CRITICAL - 2022-02-15 02:53:32 --> syntax error, unexpected token "}", expecting ";"
#0 C:\xampp\htdocs\tsms\system\Autoloader\Autoloader.php(241): CodeIgniter\Autoloader\Autoloader->includeFile('C:\\xampp\\htdocs...')
#1 C:\xampp\htdocs\tsms\system\Autoloader\Autoloader.php(219): CodeIgniter\Autoloader\Autoloader->loadInNamespace('App\\Controllers...')
#2 [internal function]: CodeIgniter\Autoloader\Autoloader->loadClass('App\\Controllers...')
#3 C:\xampp\htdocs\tsms\system\CodeIgniter.php(789): class_exists('\\App\\Controller...', true)
#4 C:\xampp\htdocs\tsms\system\CodeIgniter.php(397): CodeIgniter\CodeIgniter->startController()
#5 C:\xampp\htdocs\tsms\system\CodeIgniter.php(318): CodeIgniter\CodeIgniter->handleRequest(NULL, Object(Config\Cache), false)
#6 C:\xampp\htdocs\tsms\index.php(37): CodeIgniter\CodeIgniter->run()
#7 {main}
CRITICAL - 2022-02-15 02:53:32 --> syntax error, unexpected token "}", expecting ";"
#0 C:\xampp\htdocs\tsms\system\Autoloader\Autoloader.php(241): CodeIgniter\Autoloader\Autoloader->includeFile('C:\\xampp\\htdocs...')
#1 C:\xampp\htdocs\tsms\system\Autoloader\Autoloader.php(219): CodeIgniter\Autoloader\Autoloader->loadInNamespace('App\\Controllers...')
#2 [internal function]: CodeIgniter\Autoloader\Autoloader->loadClass('App\\Controllers...')
#3 C:\xampp\htdocs\tsms\system\CodeIgniter.php(789): class_exists('\\App\\Controller...', true)
#4 C:\xampp\htdocs\tsms\system\CodeIgniter.php(397): CodeIgniter\CodeIgniter->startController()
#5 C:\xampp\htdocs\tsms\system\CodeIgniter.php(318): CodeIgniter\CodeIgniter->handleRequest(NULL, Object(Config\Cache), false)
#6 C:\xampp\htdocs\tsms\index.php(37): CodeIgniter\CodeIgniter->run()
#7 {main}
CRITICAL - 2022-02-15 02:53:33 --> syntax error, unexpected token "}", expecting ";"
#0 C:\xampp\htdocs\tsms\system\Autoloader\Autoloader.php(241): CodeIgniter\Autoloader\Autoloader->includeFile('C:\\xampp\\htdocs...')
#1 C:\xampp\htdocs\tsms\system\Autoloader\Autoloader.php(219): CodeIgniter\Autoloader\Autoloader->loadInNamespace('App\\Controllers...')
#2 [internal function]: CodeIgniter\Autoloader\Autoloader->loadClass('App\\Controllers...')
#3 C:\xampp\htdocs\tsms\system\CodeIgniter.php(789): class_exists('\\App\\Controller...', true)
#4 C:\xampp\htdocs\tsms\system\CodeIgniter.php(397): CodeIgniter\CodeIgniter->startController()
#5 C:\xampp\htdocs\tsms\system\CodeIgniter.php(318): CodeIgniter\CodeIgniter->handleRequest(NULL, Object(Config\Cache), false)
#6 C:\xampp\htdocs\tsms\index.php(37): CodeIgniter\CodeIgniter->run()
#7 {main}
CRITICAL - 2022-02-15 02:53:37 --> syntax error, unexpected token "}", expecting ";"
#0 C:\xampp\htdocs\tsms\system\Autoloader\Autoloader.php(241): CodeIgniter\Autoloader\Autoloader->includeFile('C:\\xampp\\htdocs...')
#1 C:\xampp\htdocs\tsms\system\Autoloader\Autoloader.php(219): CodeIgniter\Autoloader\Autoloader->loadInNamespace('App\\Controllers...')
#2 [internal function]: CodeIgniter\Autoloader\Autoloader->loadClass('App\\Controllers...')
#3 C:\xampp\htdocs\tsms\system\CodeIgniter.php(789): class_exists('\\App\\Controller...', true)
#4 C:\xampp\htdocs\tsms\system\CodeIgniter.php(397): CodeIgniter\CodeIgniter->startController()
#5 C:\xampp\htdocs\tsms\system\CodeIgniter.php(318): CodeIgniter\CodeIgniter->handleRequest(NULL, Object(Config\Cache), false)
#6 C:\xampp\htdocs\tsms\index.php(37): CodeIgniter\CodeIgniter->run()
#7 {main}
CRITICAL - 2022-02-15 02:53:44 --> Undefined variable $error
#0 C:\xampp\htdocs\tsms\app\Views\emp\emp_add.php(4): CodeIgniter\Debug\Exceptions->errorHandler(2, 'Undefined varia...', 'C:\\xampp\\htdocs...', 4)
#1 C:\xampp\htdocs\tsms\system\View\View.php(214): include('C:\\xampp\\htdocs...')
#2 C:\xampp\htdocs\tsms\system\View\View.php(217): CodeIgniter\View\View->CodeIgniter\View\{closure}()
#3 C:\xampp\htdocs\tsms\system\Common.php(1097): CodeIgniter\View\View->render('emp/emp_add', Array, true)
#4 C:\xampp\htdocs\tsms\app\Views\dashboard\template.php(3): view('emp/emp_add')
#5 C:\xampp\htdocs\tsms\system\View\View.php(214): include('C:\\xampp\\htdocs...')
#6 C:\xampp\htdocs\tsms\system\View\View.php(217): CodeIgniter\View\View->CodeIgniter\View\{closure}()
#7 C:\xampp\htdocs\tsms\system\Common.php(1097): CodeIgniter\View\View->render('dashboard/templ...', Array, true)
#8 C:\xampp\htdocs\tsms\app\Controllers\EmpCrud.php(20): view('dashboard/templ...', Array)
#9 C:\xampp\htdocs\tsms\system\CodeIgniter.php(824): App\Controllers\EmpCrud->create()
#10 C:\xampp\htdocs\tsms\system\CodeIgniter.php(410): CodeIgniter\CodeIgniter->runController(Object(App\Controllers\EmpCrud))
#11 C:\xampp\htdocs\tsms\system\CodeIgniter.php(318): CodeIgniter\CodeIgniter->handleRequest(NULL, Object(Config\Cache), false)
#12 C:\xampp\htdocs\tsms\index.php(37): CodeIgniter\CodeIgniter->run()
#13 {main}
CRITICAL - 2022-02-15 02:54:05 --> Undefined variable $error
#0 C:\xampp\htdocs\tsms\app\Views\emp\emp_add.php(4): CodeIgniter\Debug\Exceptions->errorHandler(2, 'Undefined varia...', 'C:\\xampp\\htdocs...', 4)
#1 C:\xampp\htdocs\tsms\system\View\View.php(214): include('C:\\xampp\\htdocs...')
#2 C:\xampp\htdocs\tsms\system\View\View.php(217): CodeIgniter\View\View->CodeIgniter\View\{closure}()
#3 C:\xampp\htdocs\tsms\system\Common.php(1097): CodeIgniter\View\View->render('emp/emp_add', Array, true)
#4 C:\xampp\htdocs\tsms\app\Views\dashboard\template.php(3): view('emp/emp_add')
#5 C:\xampp\htdocs\tsms\system\View\View.php(214): include('C:\\xampp\\htdocs...')
#6 C:\xampp\htdocs\tsms\system\View\View.php(217): CodeIgniter\View\View->CodeIgniter\View\{closure}()
#7 C:\xampp\htdocs\tsms\system\Common.php(1097): CodeIgniter\View\View->render('dashboard/templ...', Array, true)
#8 C:\xampp\htdocs\tsms\app\Controllers\EmpCrud.php(20): view('dashboard/templ...', Array)
#9 C:\xampp\htdocs\tsms\system\CodeIgniter.php(824): App\Controllers\EmpCrud->create()
#10 C:\xampp\htdocs\tsms\system\CodeIgniter.php(410): CodeIgniter\CodeIgniter->runController(Object(App\Controllers\EmpCrud))
#11 C:\xampp\htdocs\tsms\system\CodeIgniter.php(318): CodeIgniter\CodeIgniter->handleRequest(NULL, Object(Config\Cache), false)
#12 C:\xampp\htdocs\tsms\index.php(37): CodeIgniter\CodeIgniter->run()
#13 {main}
CRITICAL - 2022-02-15 02:54:56 --> Undefined variable $validation1
#0 C:\xampp\htdocs\tsms\app\Views\emp\emp_add.php(6): CodeIgniter\Debug\Exceptions->errorHandler(2, 'Undefined varia...', 'C:\\xampp\\htdocs...', 6)
#1 C:\xampp\htdocs\tsms\system\View\View.php(214): include('C:\\xampp\\htdocs...')
#2 C:\xampp\htdocs\tsms\system\View\View.php(217): CodeIgniter\View\View->CodeIgniter\View\{closure}()
#3 C:\xampp\htdocs\tsms\system\Common.php(1097): CodeIgniter\View\View->render('emp/emp_add', Array, true)
#4 C:\xampp\htdocs\tsms\app\Views\dashboard\template.php(3): view('emp/emp_add')
#5 C:\xampp\htdocs\tsms\system\View\View.php(214): include('C:\\xampp\\htdocs...')
#6 C:\xampp\htdocs\tsms\system\View\View.php(217): CodeIgniter\View\View->CodeIgniter\View\{closure}()
#7 C:\xampp\htdocs\tsms\system\Common.php(1097): CodeIgniter\View\View->render('dashboard/templ...', Array, true)
#8 C:\xampp\htdocs\tsms\app\Controllers\EmpCrud.php(21): view('dashboard/templ...', Array)
#9 C:\xampp\htdocs\tsms\system\CodeIgniter.php(824): App\Controllers\EmpCrud->create()
#10 C:\xampp\htdocs\tsms\system\CodeIgniter.php(410): CodeIgniter\CodeIgniter->runController(Object(App\Controllers\EmpCrud))
#11 C:\xampp\htdocs\tsms\system\CodeIgniter.php(318): CodeIgniter\CodeIgniter->handleRequest(NULL, Object(Config\Cache), false)
#12 C:\xampp\htdocs\tsms\index.php(37): CodeIgniter\CodeIgniter->run()
#13 {main}
CRITICAL - 2022-02-15 02:55:49 --> Invalid file: dashboard/create/view.php
#0 C:\xampp\htdocs\tsms\system\View\View.php(198): CodeIgniter\Exceptions\FrameworkException::forInvalidFile('dashboard/creat...')
#1 C:\xampp\htdocs\tsms\system\Common.php(1097): CodeIgniter\View\View->render('dashboard/creat...', Array, true)
#2 C:\xampp\htdocs\tsms\app\Controllers\EmpCrud.php(30): view('dashboard/creat...', Array)
#3 C:\xampp\htdocs\tsms\system\CodeIgniter.php(824): App\Controllers\EmpCrud->store()
#4 C:\xampp\htdocs\tsms\system\CodeIgniter.php(410): CodeIgniter\CodeIgniter->runController(Object(App\Controllers\EmpCrud))
#5 C:\xampp\htdocs\tsms\system\CodeIgniter.php(318): CodeIgniter\CodeIgniter->handleRequest(NULL, Object(Config\Cache), false)
#6 C:\xampp\htdocs\tsms\index.php(37): CodeIgniter\CodeIgniter->run()
#7 {main}
CRITICAL - 2022-02-15 02:56:24 --> Invalid file: dashboard/create/add.php
#0 C:\xampp\htdocs\tsms\system\View\View.php(198): CodeIgniter\Exceptions\FrameworkException::forInvalidFile('dashboard/creat...')
#1 C:\xampp\htdocs\tsms\system\Common.php(1097): CodeIgniter\View\View->render('dashboard/creat...', Array, true)
#2 C:\xampp\htdocs\tsms\app\Controllers\EmpCrud.php(30): view('dashboard/creat...', Array)
#3 C:\xampp\htdocs\tsms\system\CodeIgniter.php(824): App\Controllers\EmpCrud->store()
#4 C:\xampp\htdocs\tsms\system\CodeIgniter.php(410): CodeIgniter\CodeIgniter->runController(Object(App\Controllers\EmpCrud))
#5 C:\xampp\htdocs\tsms\system\CodeIgniter.php(318): CodeIgniter\CodeIgniter->handleRequest(NULL, Object(Config\Cache), false)
#6 C:\xampp\htdocs\tsms\index.php(37): CodeIgniter\CodeIgniter->run()
#7 {main}
CRITICAL - 2022-02-15 02:56:27 --> Invalid file: dashboard/create/add.php
#0 C:\xampp\htdocs\tsms\system\View\View.php(198): CodeIgniter\Exceptions\FrameworkException::forInvalidFile('dashboard/creat...')
#1 C:\xampp\htdocs\tsms\system\Common.php(1097): CodeIgniter\View\View->render('dashboard/creat...', Array, true)
#2 C:\xampp\htdocs\tsms\app\Controllers\EmpCrud.php(30): view('dashboard/creat...', Array)
#3 C:\xampp\htdocs\tsms\system\CodeIgniter.php(824): App\Controllers\EmpCrud->store()
#4 C:\xampp\htdocs\tsms\system\CodeIgniter.php(410): CodeIgniter\CodeIgniter->runController(Object(App\Controllers\EmpCrud))
#5 C:\xampp\htdocs\tsms\system\CodeIgniter.php(318): CodeIgniter\CodeIgniter->handleRequest(NULL, Object(Config\Cache), false)
#6 C:\xampp\htdocs\tsms\index.php(37): CodeIgniter\CodeIgniter->run()
#7 {main}
CRITICAL - 2022-02-15 02:58:44 --> Undefined variable $employees
#0 C:\xampp\htdocs\tsms\app\Views\emp\emp_view.php(24): CodeIgniter\Debug\Exceptions->errorHandler(2, 'Undefined varia...', 'C:\\xampp\\htdocs...', 24)
#1 C:\xampp\htdocs\tsms\system\View\View.php(214): include('C:\\xampp\\htdocs...')
#2 C:\xampp\htdocs\tsms\system\View\View.php(217): CodeIgniter\View\View->CodeIgniter\View\{closure}()
#3 C:\xampp\htdocs\tsms\system\Common.php(1097): CodeIgniter\View\View->render('emp/emp_view', Array, true)
#4 C:\xampp\htdocs\tsms\app\Views\dashboard\template.php(3): view('emp/emp_view')
#5 C:\xampp\htdocs\tsms\system\View\View.php(214): include('C:\\xampp\\htdocs...')
#6 C:\xampp\htdocs\tsms\system\View\View.php(217): CodeIgniter\View\View->CodeIgniter\View\{closure}()
#7 C:\xampp\htdocs\tsms\system\Common.php(1097): CodeIgniter\View\View->render('dashboard/templ...', Array, true)
#8 C:\xampp\htdocs\tsms\app\Controllers\EmpCrud.php(44): view('dashboard/templ...', Array)
#9 C:\xampp\htdocs\tsms\system\CodeIgniter.php(824): App\Controllers\EmpCrud->store()
#10 C:\xampp\htdocs\tsms\system\CodeIgniter.php(410): CodeIgniter\CodeIgniter->runController(Object(App\Controllers\EmpCrud))
#11 C:\xampp\htdocs\tsms\system\CodeIgniter.php(318): CodeIgniter\CodeIgniter->handleRequest(NULL, Object(Config\Cache), false)
#12 C:\xampp\htdocs\tsms\index.php(37): CodeIgniter\CodeIgniter->run()
#13 {main}
CRITICAL - 2022-02-15 03:00:13 --> Invalid file: dashboard/emp.php
#0 C:\xampp\htdocs\tsms\system\View\View.php(198): CodeIgniter\Exceptions\FrameworkException::forInvalidFile('dashboard/emp.p...')
#1 C:\xampp\htdocs\tsms\system\Common.php(1097): CodeIgniter\View\View->render('dashboard/emp', Array, true)
#2 C:\xampp\htdocs\tsms\app\Controllers\EmpCrud.php(43): view('dashboard/emp', Array)
#3 C:\xampp\htdocs\tsms\system\CodeIgniter.php(824): App\Controllers\EmpCrud->store()
#4 C:\xampp\htdocs\tsms\system\CodeIgniter.php(410): CodeIgniter\CodeIgniter->runController(Object(App\Controllers\EmpCrud))
#5 C:\xampp\htdocs\tsms\system\CodeIgniter.php(318): CodeIgniter\CodeIgniter->handleRequest(NULL, Object(Config\Cache), false)
#6 C:\xampp\htdocs\tsms\index.php(37): CodeIgniter\CodeIgniter->run()
#7 {main}
CRITICAL - 2022-02-15 03:02:39 --> syntax error, unexpected token "="
#0 C:\xampp\htdocs\tsms\system\View\View.php(217): CodeIgniter\View\View->CodeIgniter\View\{closure}()
#1 C:\xampp\htdocs\tsms\system\Common.php(1097): CodeIgniter\View\View->render('emp/emp_view', Array, true)
#2 C:\xampp\htdocs\tsms\app\Views\dashboard\template.php(3): view('emp/emp_view')
#3 C:\xampp\htdocs\tsms\system\View\View.php(214): include('C:\\xampp\\htdocs...')
#4 C:\xampp\htdocs\tsms\system\View\View.php(217): CodeIgniter\View\View->CodeIgniter\View\{closure}()
#5 C:\xampp\htdocs\tsms\system\Common.php(1097): CodeIgniter\View\View->render('dashboard/templ...', Array, true)
#6 C:\xampp\htdocs\tsms\app\Controllers\EmpCrud.php(13): view('dashboard/templ...', Array)
#7 C:\xampp\htdocs\tsms\system\CodeIgniter.php(824): App\Controllers\EmpCrud->index()
#8 C:\xampp\htdocs\tsms\system\CodeIgniter.php(410): CodeIgniter\CodeIgniter->runController(Object(App\Controllers\EmpCrud))
#9 C:\xampp\htdocs\tsms\system\CodeIgniter.php(318): CodeIgniter\CodeIgniter->handleRequest(NULL, Object(Config\Cache), false)
#10 C:\xampp\htdocs\tsms\index.php(37): CodeIgniter\CodeIgniter->run()
#11 {main}
CRITICAL - 2022-02-15 23:14:00 --> Invalid file: dashbaord/profile.php
#0 C:\xampp\htdocs\tsms\system\View\View.php(198): CodeIgniter\Exceptions\FrameworkException::forInvalidFile('dashbaord/profi...')
#1 C:\xampp\htdocs\tsms\system\Common.php(1097): CodeIgniter\View\View->render('dashbaord/profi...', Array, true)
#2 C:\xampp\htdocs\tsms\app\Views\dashboard\template.php(3): view('dashbaord/profi...')
#3 C:\xampp\htdocs\tsms\system\View\View.php(214): include('C:\\xampp\\htdocs...')
#4 C:\xampp\htdocs\tsms\system\View\View.php(217): CodeIgniter\View\View->CodeIgniter\View\{closure}()
#5 C:\xampp\htdocs\tsms\system\Common.php(1097): CodeIgniter\View\View->render('dashboard/templ...', Array, true)
#6 C:\xampp\htdocs\tsms\app\Controllers\Dashboard.php(26): view('dashboard/templ...', Array)
#7 C:\xampp\htdocs\tsms\system\CodeIgniter.php(824): App\Controllers\Dashboard->profile()
#8 C:\xampp\htdocs\tsms\system\CodeIgniter.php(410): CodeIgniter\CodeIgniter->runController(Object(App\Controllers\Dashboard))
#9 C:\xampp\htdocs\tsms\system\CodeIgniter.php(318): CodeIgniter\CodeIgniter->handleRequest(NULL, Object(Config\Cache), false)
#10 C:\xampp\htdocs\tsms\index.php(37): CodeIgniter\CodeIgniter->run()
#11 {main}
CRITICAL - 2022-02-15 23:16:38 --> Undefined array key "name"
#0 C:\xampp\htdocs\tsms\app\Views\dashboard\profile.php(4): CodeIgniter\Debug\Exceptions->errorHandler(2, 'Undefined array...', 'C:\\xampp\\htdocs...', 4)
#1 C:\xampp\htdocs\tsms\system\View\View.php(214): include('C:\\xampp\\htdocs...')
#2 C:\xampp\htdocs\tsms\system\View\View.php(217): CodeIgniter\View\View->CodeIgniter\View\{closure}()
#3 C:\xampp\htdocs\tsms\system\Common.php(1097): CodeIgniter\View\View->render('dashboard/profi...', Array, true)
#4 C:\xampp\htdocs\tsms\app\Views\dashboard\template.php(3): view('dashboard/profi...')
#5 C:\xampp\htdocs\tsms\system\View\View.php(214): include('C:\\xampp\\htdocs...')
#6 C:\xampp\htdocs\tsms\system\View\View.php(217): CodeIgniter\View\View->CodeIgniter\View\{closure}()
#7 C:\xampp\htdocs\tsms\system\Common.php(1097): CodeIgniter\View\View->render('dashboard/templ...', Array, true)
#8 C:\xampp\htdocs\tsms\app\Controllers\Dashboard.php(26): view('dashboard/templ...', Array)
#9 C:\xampp\htdocs\tsms\system\CodeIgniter.php(824): App\Controllers\Dashboard->profile()
#10 C:\xampp\htdocs\tsms\system\CodeIgniter.php(410): CodeIgniter\CodeIgniter->runController(Object(App\Controllers\Dashboard))
#11 C:\xampp\htdocs\tsms\system\CodeIgniter.php(318): CodeIgniter\CodeIgniter->handleRequest(NULL, Object(Config\Cache), false)
#12 C:\xampp\htdocs\tsms\index.php(37): CodeIgniter\CodeIgniter->run()
#13 {main}
CRITICAL - 2022-02-15 23:27:04 --> Undefined array key "address"
#0 C:\xampp\htdocs\tsms\app\Views\dashboard\profile.php(17): CodeIgniter\Debug\Exceptions->errorHandler(2, 'Undefined array...', 'C:\\xampp\\htdocs...', 17)
#1 C:\xampp\htdocs\tsms\system\View\View.php(214): include('C:\\xampp\\htdocs...')
#2 C:\xampp\htdocs\tsms\system\View\View.php(217): CodeIgniter\View\View->CodeIgniter\View\{closure}()
#3 C:\xampp\htdocs\tsms\system\Common.php(1097): CodeIgniter\View\View->render('dashboard/profi...', Array, true)
#4 C:\xampp\htdocs\tsms\app\Views\dashboard\template.php(3): view('dashboard/profi...')
#5 C:\xampp\htdocs\tsms\system\View\View.php(214): include('C:\\xampp\\htdocs...')
#6 C:\xampp\htdocs\tsms\system\View\View.php(217): CodeIgniter\View\View->CodeIgniter\View\{closure}()
#7 C:\xampp\htdocs\tsms\system\Common.php(1097): CodeIgniter\View\View->render('dashboard/templ...', Array, true)
#8 C:\xampp\htdocs\tsms\app\Controllers\Dashboard.php(26): view('dashboard/templ...', Array)
#9 C:\xampp\htdocs\tsms\system\CodeIgniter.php(824): App\Controllers\Dashboard->profile()
#10 C:\xampp\htdocs\tsms\system\CodeIgniter.php(410): CodeIgniter\CodeIgniter->runController(Object(App\Controllers\Dashboard))
#11 C:\xampp\htdocs\tsms\system\CodeIgniter.php(318): CodeIgniter\CodeIgniter->handleRequest(NULL, Object(Config\Cache), false)
#12 C:\xampp\htdocs\tsms\index.php(37): CodeIgniter\CodeIgniter->run()
#13 {main}
CRITICAL - 2022-02-15 23:27:29 --> Undefined array key "address"
#0 C:\xampp\htdocs\tsms\app\Views\dashboard\profile.php(17): CodeIgniter\Debug\Exceptions->errorHandler(2, 'Undefined array...', 'C:\\xampp\\htdocs...', 17)
#1 C:\xampp\htdocs\tsms\system\View\View.php(214): include('C:\\xampp\\htdocs...')
#2 C:\xampp\htdocs\tsms\system\View\View.php(217): CodeIgniter\View\View->CodeIgniter\View\{closure}()
#3 C:\xampp\htdocs\tsms\system\Common.php(1097): CodeIgniter\View\View->render('dashboard/profi...', Array, true)
#4 C:\xampp\htdocs\tsms\app\Views\dashboard\template.php(3): view('dashboard/profi...')
#5 C:\xampp\htdocs\tsms\system\View\View.php(214): include('C:\\xampp\\htdocs...')
#6 C:\xampp\htdocs\tsms\system\View\View.php(217): CodeIgniter\View\View->CodeIgniter\View\{closure}()
#7 C:\xampp\htdocs\tsms\system\Common.php(1097): CodeIgniter\View\View->render('dashboard/templ...', Array, true)
#8 C:\xampp\htdocs\tsms\app\Controllers\Dashboard.php(26): view('dashboard/templ...', Array)
#9 C:\xampp\htdocs\tsms\system\CodeIgniter.php(824): App\Controllers\Dashboard->profile()
#10 C:\xampp\htdocs\tsms\system\CodeIgniter.php(410): CodeIgniter\CodeIgniter->runController(Object(App\Controllers\Dashboard))
#11 C:\xampp\htdocs\tsms\system\CodeIgniter.php(318): CodeIgniter\CodeIgniter->handleRequest(NULL, Object(Config\Cache), false)
#12 C:\xampp\htdocs\tsms\index.php(37): CodeIgniter\CodeIgniter->run()
#13 {main}
CRITICAL - 2022-02-15 23:28:40 --> Undefined array key "address"
#0 C:\xampp\htdocs\tsms\app\Views\dashboard\profile.php(17): CodeIgniter\Debug\Exceptions->errorHandler(2, 'Undefined array...', 'C:\\xampp\\htdocs...', 17)
#1 C:\xampp\htdocs\tsms\system\View\View.php(214): include('C:\\xampp\\htdocs...')
#2 C:\xampp\htdocs\tsms\system\View\View.php(217): CodeIgniter\View\View->CodeIgniter\View\{closure}()
#3 C:\xampp\htdocs\tsms\system\Common.php(1097): CodeIgniter\View\View->render('dashboard/profi...', Array, true)
#4 C:\xampp\htdocs\tsms\app\Views\dashboard\template.php(3): view('dashboard/profi...')
#5 C:\xampp\htdocs\tsms\system\View\View.php(214): include('C:\\xampp\\htdocs...')
#6 C:\xampp\htdocs\tsms\system\View\View.php(217): CodeIgniter\View\View->CodeIgniter\View\{closure}()
#7 C:\xampp\htdocs\tsms\system\Common.php(1097): CodeIgniter\View\View->render('dashboard/templ...', Array, true)
#8 C:\xampp\htdocs\tsms\app\Controllers\Dashboard.php(26): view('dashboard/templ...', Array)
#9 C:\xampp\htdocs\tsms\system\CodeIgniter.php(824): App\Controllers\Dashboard->profile()
#10 C:\xampp\htdocs\tsms\system\CodeIgniter.php(410): CodeIgniter\CodeIgniter->runController(Object(App\Controllers\Dashboard))
#11 C:\xampp\htdocs\tsms\system\CodeIgniter.php(318): CodeIgniter\CodeIgniter->handleRequest(NULL, Object(Config\Cache), false)
#12 C:\xampp\htdocs\tsms\index.php(37): CodeIgniter\CodeIgniter->run()
#13 {main}
CRITICAL - 2022-02-15 23:28:41 --> Undefined array key "address"
#0 C:\xampp\htdocs\tsms\app\Views\dashboard\profile.php(17): CodeIgniter\Debug\Exceptions->errorHandler(2, 'Undefined array...', 'C:\\xampp\\htdocs...', 17)
#1 C:\xampp\htdocs\tsms\system\View\View.php(214): include('C:\\xampp\\htdocs...')
#2 C:\xampp\htdocs\tsms\system\View\View.php(217): CodeIgniter\View\View->CodeIgniter\View\{closure}()
#3 C:\xampp\htdocs\tsms\system\Common.php(1097): CodeIgniter\View\View->render('dashboard/profi...', Array, true)
#4 C:\xampp\htdocs\tsms\app\Views\dashboard\template.php(3): view('dashboard/profi...')
#5 C:\xampp\htdocs\tsms\system\View\View.php(214): include('C:\\xampp\\htdocs...')
#6 C:\xampp\htdocs\tsms\system\View\View.php(217): CodeIgniter\View\View->CodeIgniter\View\{closure}()
#7 C:\xampp\htdocs\tsms\system\Common.php(1097): CodeIgniter\View\View->render('dashboard/templ...', Array, true)
#8 C:\xampp\htdocs\tsms\app\Controllers\Dashboard.php(26): view('dashboard/templ...', Array)
#9 C:\xampp\htdocs\tsms\system\CodeIgniter.php(824): App\Controllers\Dashboard->profile()
#10 C:\xampp\htdocs\tsms\system\CodeIgniter.php(410): CodeIgniter\CodeIgniter->runController(Object(App\Controllers\Dashboard))
#11 C:\xampp\htdocs\tsms\system\CodeIgniter.php(318): CodeIgniter\CodeIgniter->handleRequest(NULL, Object(Config\Cache), false)
#12 C:\xampp\htdocs\tsms\index.php(37): CodeIgniter\CodeIgniter->run()
#13 {main}
CRITICAL - 2022-02-15 23:28:42 --> Undefined array key "address"
#0 C:\xampp\htdocs\tsms\app\Views\dashboard\profile.php(17): CodeIgniter\Debug\Exceptions->errorHandler(2, 'Undefined array...', 'C:\\xampp\\htdocs...', 17)
#1 C:\xampp\htdocs\tsms\system\View\View.php(214): include('C:\\xampp\\htdocs...')
#2 C:\xampp\htdocs\tsms\system\View\View.php(217): CodeIgniter\View\View->CodeIgniter\View\{closure}()
#3 C:\xampp\htdocs\tsms\system\Common.php(1097): CodeIgniter\View\View->render('dashboard/profi...', Array, true)
#4 C:\xampp\htdocs\tsms\app\Views\dashboard\template.php(3): view('dashboard/profi...')
#5 C:\xampp\htdocs\tsms\system\View\View.php(214): include('C:\\xampp\\htdocs...')
#6 C:\xampp\htdocs\tsms\system\View\View.php(217): CodeIgniter\View\View->CodeIgniter\View\{closure}()
#7 C:\xampp\htdocs\tsms\system\Common.php(1097): CodeIgniter\View\View->render('dashboard/templ...', Array, true)
#8 C:\xampp\htdocs\tsms\app\Controllers\Dashboard.php(26): view('dashboard/templ...', Array)
#9 C:\xampp\htdocs\tsms\system\CodeIgniter.php(824): App\Controllers\Dashboard->profile()
#10 C:\xampp\htdocs\tsms\system\CodeIgniter.php(410): CodeIgniter\CodeIgniter->runController(Object(App\Controllers\Dashboard))
#11 C:\xampp\htdocs\tsms\system\CodeIgniter.php(318): CodeIgniter\CodeIgniter->handleRequest(NULL, Object(Config\Cache), false)
#12 C:\xampp\htdocs\tsms\index.php(37): CodeIgniter\CodeIgniter->run()
#13 {main}
CRITICAL - 2022-02-15 23:28:58 --> Undefined array key "contact"
#0 C:\xampp\htdocs\tsms\app\Views\dashboard\profile.php(18): CodeIgniter\Debug\Exceptions->errorHandler(2, 'Undefined array...', 'C:\\xampp\\htdocs...', 18)
#1 C:\xampp\htdocs\tsms\system\View\View.php(214): include('C:\\xampp\\htdocs...')
#2 C:\xampp\htdocs\tsms\system\View\View.php(217): CodeIgniter\View\View->CodeIgniter\View\{closure}()
#3 C:\xampp\htdocs\tsms\system\Common.php(1097): CodeIgniter\View\View->render('dashboard/profi...', Array, true)
#4 C:\xampp\htdocs\tsms\app\Views\dashboard\template.php(3): view('dashboard/profi...')
#5 C:\xampp\htdocs\tsms\system\View\View.php(214): include('C:\\xampp\\htdocs...')
#6 C:\xampp\htdocs\tsms\system\View\View.php(217): CodeIgniter\View\View->CodeIgniter\View\{closure}()
#7 C:\xampp\htdocs\tsms\system\Common.php(1097): CodeIgniter\View\View->render('dashboard/templ...', Array, true)
#8 C:\xampp\htdocs\tsms\app\Controllers\Dashboard.php(26): view('dashboard/templ...', Array)
#9 C:\xampp\htdocs\tsms\system\CodeIgniter.php(824): App\Controllers\Dashboard->profile()
#10 C:\xampp\htdocs\tsms\system\CodeIgniter.php(410): CodeIgniter\CodeIgniter->runController(Object(App\Controllers\Dashboard))
#11 C:\xampp\htdocs\tsms\system\CodeIgniter.php(318): CodeIgniter\CodeIgniter->handleRequest(NULL, Object(Config\Cache), false)
#12 C:\xampp\htdocs\tsms\index.php(37): CodeIgniter\CodeIgniter->run()
#13 {main}
CRITICAL - 2022-02-15 23:45:25 --> Cannot redeclare App\Controllers\Dashboard::profile()
#0 [internal function]: CodeIgniter\Debug\Exceptions->shutdownHandler()
#1 {main}
CRITICAL - 2022-02-15 23:55:39 --> Invalid file: pages/template.php
#0 C:\xampp\htdocs\tsms\system\View\View.php(198): CodeIgniter\Exceptions\FrameworkException::forInvalidFile('pages/template....')
#1 C:\xampp\htdocs\tsms\system\Common.php(1097): CodeIgniter\View\View->render('pages/template', Array, true)
#2 C:\xampp\htdocs\tsms\app\Controllers\Pages.php(28): view('pages/template', Array)
#3 C:\xampp\htdocs\tsms\system\CodeIgniter.php(824): App\Controllers\Pages->login()
#4 C:\xampp\htdocs\tsms\system\CodeIgniter.php(410): CodeIgniter\CodeIgniter->runController(Object(App\Controllers\Pages))
#5 C:\xampp\htdocs\tsms\system\CodeIgniter.php(318): CodeIgniter\CodeIgniter->handleRequest(NULL, Object(Config\Cache), false)
#6 C:\xampp\htdocs\tsms\index.php(37): CodeIgniter\CodeIgniter->run()
#7 {main}
