CRITICAL - 2022-10-05 01:57:48 --> syntax error, unexpected 'Email' (T_STRING)
#0 C:\xampp\htdocs\tsms\system\View\View.php(217): CodeIgniter\View\View->CodeIgniter\View\{closure}()
#1 C:\xampp\htdocs\tsms\system\Common.php(1097): CodeIgniter\View\View->render('admin/calendar/...', Array, true)
#2 C:\xampp\htdocs\tsms\app\Controllers\FullCalendar.php(882): view('admin/calendar/...', Array)
#3 C:\xampp\htdocs\tsms\system\CodeIgniter.php(824): App\Controllers\FullCalendar->printWeekly()
#4 C:\xampp\htdocs\tsms\system\CodeIgniter.php(410): CodeIgniter\CodeIgniter->runController(Object(App\Controllers\FullCalendar))
#5 C:\xampp\htdocs\tsms\system\CodeIgniter.php(318): CodeIgniter\CodeIgniter->handleRequest(NULL, Object(Config\Cache), false)
#6 C:\xampp\htdocs\tsms\index.php(37): CodeIgniter\CodeIgniter->run()
#7 {main}
CRITICAL - 2022-10-05 02:01:31 --> syntax error, unexpected '', 0, false, '' (T_CONSTANT_ENCAPSED_STRING), expecting ')'
#0 C:\xampp\htdocs\tsms\system\View\View.php(217): CodeIgniter\View\View->CodeIgniter\View\{closure}()
#1 C:\xampp\htdocs\tsms\system\Common.php(1097): CodeIgniter\View\View->render('admin/calendar/...', Array, true)
#2 C:\xampp\htdocs\tsms\app\Controllers\FullCalendar.php(882): view('admin/calendar/...', Array)
#3 C:\xampp\htdocs\tsms\system\CodeIgniter.php(824): App\Controllers\FullCalendar->printWeekly()
#4 C:\xampp\htdocs\tsms\system\CodeIgniter.php(410): CodeIgniter\CodeIgniter->runController(Object(App\Controllers\FullCalendar))
#5 C:\xampp\htdocs\tsms\system\CodeIgniter.php(318): CodeIgniter\CodeIgniter->handleRequest(NULL, Object(Config\Cache), false)
#6 C:\xampp\htdocs\tsms\index.php(37): CodeIgniter\CodeIgniter->run()
#7 {main}
CRITICAL - 2022-10-05 02:18:21 --> syntax error, unexpected '<<' (T_SL)
#0 C:\xampp\htdocs\tsms\system\View\View.php(217): CodeIgniter\View\View->CodeIgniter\View\{closure}()
#1 C:\xampp\htdocs\tsms\system\Common.php(1097): CodeIgniter\View\View->render('admin/calendar/...', Array, true)
#2 C:\xampp\htdocs\tsms\app\Controllers\FullCalendar.php(882): view('admin/calendar/...', Array)
#3 C:\xampp\htdocs\tsms\system\CodeIgniter.php(824): App\Controllers\FullCalendar->printWeekly()
#4 C:\xampp\htdocs\tsms\system\CodeIgniter.php(410): CodeIgniter\CodeIgniter->runController(Object(App\Controllers\FullCalendar))
#5 C:\xampp\htdocs\tsms\system\CodeIgniter.php(318): CodeIgniter\CodeIgniter->handleRequest(NULL, Object(Config\Cache), false)
#6 C:\xampp\htdocs\tsms\index.php(37): CodeIgniter\CodeIgniter->run()
#7 {main}
CRITICAL - 2022-10-05 02:19:46 --> syntax error, unexpected '<<' (T_SL)
#0 C:\xampp\htdocs\tsms\system\View\View.php(217): CodeIgniter\View\View->CodeIgniter\View\{closure}()
#1 C:\xampp\htdocs\tsms\system\Common.php(1097): CodeIgniter\View\View->render('admin/calendar/...', Array, true)
#2 C:\xampp\htdocs\tsms\app\Controllers\FullCalendar.php(882): view('admin/calendar/...', Array)
#3 C:\xampp\htdocs\tsms\system\CodeIgniter.php(824): App\Controllers\FullCalendar->printWeekly()
#4 C:\xampp\htdocs\tsms\system\CodeIgniter.php(410): CodeIgniter\CodeIgniter->runController(Object(App\Controllers\FullCalendar))
#5 C:\xampp\htdocs\tsms\system\CodeIgniter.php(318): CodeIgniter\CodeIgniter->handleRequest(NULL, Object(Config\Cache), false)
#6 C:\xampp\htdocs\tsms\index.php(37): CodeIgniter\CodeIgniter->run()
#7 {main}
CRITICAL - 2022-10-05 02:20:09 --> syntax error, unexpected '<<' (T_SL)
#0 C:\xampp\htdocs\tsms\system\View\View.php(217): CodeIgniter\View\View->CodeIgniter\View\{closure}()
#1 C:\xampp\htdocs\tsms\system\Common.php(1097): CodeIgniter\View\View->render('admin/calendar/...', Array, true)
#2 C:\xampp\htdocs\tsms\app\Controllers\FullCalendar.php(882): view('admin/calendar/...', Array)
#3 C:\xampp\htdocs\tsms\system\CodeIgniter.php(824): App\Controllers\FullCalendar->printWeekly()
#4 C:\xampp\htdocs\tsms\system\CodeIgniter.php(410): CodeIgniter\CodeIgniter->runController(Object(App\Controllers\FullCalendar))
#5 C:\xampp\htdocs\tsms\system\CodeIgniter.php(318): CodeIgniter\CodeIgniter->handleRequest(NULL, Object(Config\Cache), false)
#6 C:\xampp\htdocs\tsms\index.php(37): CodeIgniter\CodeIgniter->run()
#7 {main}
CRITICAL - 2022-10-05 02:25:24 --> Undefined variable: txt
#0 C:\xampp\htdocs\tsms\app\Views\admin\calendar\weeklyPrint.php(130): CodeIgniter\Debug\Exceptions->errorHandler(8, 'Undefined varia...', 'C:\\xampp\\htdocs...', 130, Array)
#1 C:\xampp\htdocs\tsms\system\View\View.php(214): include('C:\\xampp\\htdocs...')
#2 C:\xampp\htdocs\tsms\system\View\View.php(217): CodeIgniter\View\View->CodeIgniter\View\{closure}()
#3 C:\xampp\htdocs\tsms\system\Common.php(1097): CodeIgniter\View\View->render('admin/calendar/...', Array, true)
#4 C:\xampp\htdocs\tsms\app\Controllers\FullCalendar.php(882): view('admin/calendar/...', Array)
#5 C:\xampp\htdocs\tsms\system\CodeIgniter.php(824): App\Controllers\FullCalendar->printWeekly()
#6 C:\xampp\htdocs\tsms\system\CodeIgniter.php(410): CodeIgniter\CodeIgniter->runController(Object(App\Controllers\FullCalendar))
#7 C:\xampp\htdocs\tsms\system\CodeIgniter.php(318): CodeIgniter\CodeIgniter->handleRequest(NULL, Object(Config\Cache), false)
#8 C:\xampp\htdocs\tsms\index.php(37): CodeIgniter\CodeIgniter->run()
#9 {main}
CRITICAL - 2022-10-05 02:36:41 --> Undefined variable: monday
#0 C:\xampp\htdocs\tsms\app\Views\admin\calendar\weeklyPrint.php(64): CodeIgniter\Debug\Exceptions->errorHandler(8, 'Undefined varia...', 'C:\\xampp\\htdocs...', 64, Array)
#1 C:\xampp\htdocs\tsms\app\Libraries\tcpdf\tcpdf.php(3617): MYPDF->Header()
#2 C:\xampp\htdocs\tsms\app\Libraries\tcpdf\tcpdf.php(3284): TCPDF->setHeader()
#3 C:\xampp\htdocs\tsms\app\Libraries\tcpdf\tcpdf.php(3196): TCPDF->startPage('L', '', false)
#4 C:\xampp\htdocs\tsms\app\Views\admin\calendar\weeklyPrint.php(136): TCPDF->AddPage('L')
#5 C:\xampp\htdocs\tsms\system\View\View.php(214): include('C:\\xampp\\htdocs...')
#6 C:\xampp\htdocs\tsms\system\View\View.php(217): CodeIgniter\View\View->CodeIgniter\View\{closure}()
#7 C:\xampp\htdocs\tsms\system\Common.php(1097): CodeIgniter\View\View->render('admin/calendar/...', Array, true)
#8 C:\xampp\htdocs\tsms\app\Controllers\FullCalendar.php(882): view('admin/calendar/...', Array)
#9 C:\xampp\htdocs\tsms\system\CodeIgniter.php(824): App\Controllers\FullCalendar->printWeekly()
#10 C:\xampp\htdocs\tsms\system\CodeIgniter.php(410): CodeIgniter\CodeIgniter->runController(Object(App\Controllers\FullCalendar))
#11 C:\xampp\htdocs\tsms\system\CodeIgniter.php(318): CodeIgniter\CodeIgniter->handleRequest(NULL, Object(Config\Cache), false)
#12 C:\xampp\htdocs\tsms\index.php(37): CodeIgniter\CodeIgniter->run()
#13 {main}
CRITICAL - 2022-10-05 02:37:17 --> Undefined variable: monday
#0 C:\xampp\htdocs\tsms\app\Views\admin\calendar\weeklyPrint.php(65): CodeIgniter\Debug\Exceptions->errorHandler(8, 'Undefined varia...', 'C:\\xampp\\htdocs...', 65, Array)
#1 C:\xampp\htdocs\tsms\app\Libraries\tcpdf\tcpdf.php(3617): MYPDF->Header()
#2 C:\xampp\htdocs\tsms\app\Libraries\tcpdf\tcpdf.php(3284): TCPDF->setHeader()
#3 C:\xampp\htdocs\tsms\app\Libraries\tcpdf\tcpdf.php(3196): TCPDF->startPage('L', '', false)
#4 C:\xampp\htdocs\tsms\app\Views\admin\calendar\weeklyPrint.php(136): TCPDF->AddPage('L')
#5 C:\xampp\htdocs\tsms\system\View\View.php(214): include('C:\\xampp\\htdocs...')
#6 C:\xampp\htdocs\tsms\system\View\View.php(217): CodeIgniter\View\View->CodeIgniter\View\{closure}()
#7 C:\xampp\htdocs\tsms\system\Common.php(1097): CodeIgniter\View\View->render('admin/calendar/...', Array, true)
#8 C:\xampp\htdocs\tsms\app\Controllers\FullCalendar.php(882): view('admin/calendar/...', Array)
#9 C:\xampp\htdocs\tsms\system\CodeIgniter.php(824): App\Controllers\FullCalendar->printWeekly()
#10 C:\xampp\htdocs\tsms\system\CodeIgniter.php(410): CodeIgniter\CodeIgniter->runController(Object(App\Controllers\FullCalendar))
#11 C:\xampp\htdocs\tsms\system\CodeIgniter.php(318): CodeIgniter\CodeIgniter->handleRequest(NULL, Object(Config\Cache), false)
#12 C:\xampp\htdocs\tsms\index.php(37): CodeIgniter\CodeIgniter->run()
#13 {main}
CRITICAL - 2022-10-05 02:37:55 --> Undefined variable: html
#0 C:\xampp\htdocs\tsms\app\Views\admin\calendar\weeklyPrint.php(153): CodeIgniter\Debug\Exceptions->errorHandler(8, 'Undefined varia...', 'C:\\xampp\\htdocs...', 153, Array)
#1 C:\xampp\htdocs\tsms\system\View\View.php(214): include('C:\\xampp\\htdocs...')
#2 C:\xampp\htdocs\tsms\system\View\View.php(217): CodeIgniter\View\View->CodeIgniter\View\{closure}()
#3 C:\xampp\htdocs\tsms\system\Common.php(1097): CodeIgniter\View\View->render('admin/calendar/...', Array, true)
#4 C:\xampp\htdocs\tsms\app\Controllers\FullCalendar.php(882): view('admin/calendar/...', Array)
#5 C:\xampp\htdocs\tsms\system\CodeIgniter.php(824): App\Controllers\FullCalendar->printWeekly()
#6 C:\xampp\htdocs\tsms\system\CodeIgniter.php(410): CodeIgniter\CodeIgniter->runController(Object(App\Controllers\FullCalendar))
#7 C:\xampp\htdocs\tsms\system\CodeIgniter.php(318): CodeIgniter\CodeIgniter->handleRequest(NULL, Object(Config\Cache), false)
#8 C:\xampp\htdocs\tsms\index.php(37): CodeIgniter\CodeIgniter->run()
#9 {main}
CRITICAL - 2022-10-05 02:38:30 --> Undefined variable: html
#0 C:\xampp\htdocs\tsms\app\Views\admin\calendar\weeklyPrint.php(143): CodeIgniter\Debug\Exceptions->errorHandler(8, 'Undefined varia...', 'C:\\xampp\\htdocs...', 143, Array)
#1 C:\xampp\htdocs\tsms\system\View\View.php(214): include('C:\\xampp\\htdocs...')
#2 C:\xampp\htdocs\tsms\system\View\View.php(217): CodeIgniter\View\View->CodeIgniter\View\{closure}()
#3 C:\xampp\htdocs\tsms\system\Common.php(1097): CodeIgniter\View\View->render('admin/calendar/...', Array, true)
#4 C:\xampp\htdocs\tsms\app\Controllers\FullCalendar.php(882): view('admin/calendar/...', Array)
#5 C:\xampp\htdocs\tsms\system\CodeIgniter.php(824): App\Controllers\FullCalendar->printWeekly()
#6 C:\xampp\htdocs\tsms\system\CodeIgniter.php(410): CodeIgniter\CodeIgniter->runController(Object(App\Controllers\FullCalendar))
#7 C:\xampp\htdocs\tsms\system\CodeIgniter.php(318): CodeIgniter\CodeIgniter->handleRequest(NULL, Object(Config\Cache), false)
#8 C:\xampp\htdocs\tsms\index.php(37): CodeIgniter\CodeIgniter->run()
#9 {main}
CRITICAL - 2022-10-05 02:39:07 --> Undefined variable: html
#0 C:\xampp\htdocs\tsms\app\Views\admin\calendar\weeklyPrint.php(146): CodeIgniter\Debug\Exceptions->errorHandler(8, 'Undefined varia...', 'C:\\xampp\\htdocs...', 146, Array)
#1 C:\xampp\htdocs\tsms\system\View\View.php(214): include('C:\\xampp\\htdocs...')
#2 C:\xampp\htdocs\tsms\system\View\View.php(217): CodeIgniter\View\View->CodeIgniter\View\{closure}()
#3 C:\xampp\htdocs\tsms\system\Common.php(1097): CodeIgniter\View\View->render('admin/calendar/...', Array, true)
#4 C:\xampp\htdocs\tsms\app\Controllers\FullCalendar.php(882): view('admin/calendar/...', Array)
#5 C:\xampp\htdocs\tsms\system\CodeIgniter.php(824): App\Controllers\FullCalendar->printWeekly()
#6 C:\xampp\htdocs\tsms\system\CodeIgniter.php(410): CodeIgniter\CodeIgniter->runController(Object(App\Controllers\FullCalendar))
#7 C:\xampp\htdocs\tsms\system\CodeIgniter.php(318): CodeIgniter\CodeIgniter->handleRequest(NULL, Object(Config\Cache), false)
#8 C:\xampp\htdocs\tsms\index.php(37): CodeIgniter\CodeIgniter->run()
#9 {main}
CRITICAL - 2022-10-05 02:39:24 --> Undefined variable: monday
#0 C:\xampp\htdocs\tsms\app\Views\admin\calendar\weeklyPrint.php(218): CodeIgniter\Debug\Exceptions->errorHandler(8, 'Undefined varia...', 'C:\\xampp\\htdocs...', 218, Array)
#1 C:\xampp\htdocs\tsms\system\View\View.php(214): include('C:\\xampp\\htdocs...')
#2 C:\xampp\htdocs\tsms\system\View\View.php(217): CodeIgniter\View\View->CodeIgniter\View\{closure}()
#3 C:\xampp\htdocs\tsms\system\Common.php(1097): CodeIgniter\View\View->render('admin/calendar/...', Array, true)
#4 C:\xampp\htdocs\tsms\app\Controllers\FullCalendar.php(882): view('admin/calendar/...', Array)
#5 C:\xampp\htdocs\tsms\system\CodeIgniter.php(824): App\Controllers\FullCalendar->printWeekly()
#6 C:\xampp\htdocs\tsms\system\CodeIgniter.php(410): CodeIgniter\CodeIgniter->runController(Object(App\Controllers\FullCalendar))
#7 C:\xampp\htdocs\tsms\system\CodeIgniter.php(318): CodeIgniter\CodeIgniter->handleRequest(NULL, Object(Config\Cache), false)
#8 C:\xampp\htdocs\tsms\index.php(37): CodeIgniter\CodeIgniter->run()
#9 {main}
CRITICAL - 2022-10-05 03:02:42 --> Undefined variable: week
#0 C:\xampp\htdocs\tsms\app\Views\admin\calendar\monthlyPrint.php(149): CodeIgniter\Debug\Exceptions->errorHandler(8, 'Undefined varia...', 'C:\\xampp\\htdocs...', 149, Array)
#1 C:\xampp\htdocs\tsms\system\View\View.php(214): include('C:\\xampp\\htdocs...')
#2 C:\xampp\htdocs\tsms\system\View\View.php(217): CodeIgniter\View\View->CodeIgniter\View\{closure}()
#3 C:\xampp\htdocs\tsms\system\Common.php(1097): CodeIgniter\View\View->render('admin/calendar/...', Array, true)
#4 C:\xampp\htdocs\tsms\app\Controllers\FullCalendar.php(1002): view('admin/calendar/...', Array)
#5 C:\xampp\htdocs\tsms\system\CodeIgniter.php(824): App\Controllers\FullCalendar->printMonthly()
#6 C:\xampp\htdocs\tsms\system\CodeIgniter.php(410): CodeIgniter\CodeIgniter->runController(Object(App\Controllers\FullCalendar))
#7 C:\xampp\htdocs\tsms\system\CodeIgniter.php(318): CodeIgniter\CodeIgniter->handleRequest(NULL, Object(Config\Cache), false)
#8 C:\xampp\htdocs\tsms\index.php(37): CodeIgniter\CodeIgniter->run()
#9 {main}
CRITICAL - 2022-10-05 03:02:59 --> Undefined variable: html
#0 C:\xampp\htdocs\tsms\app\Views\admin\calendar\monthlyPrint.php(150): CodeIgniter\Debug\Exceptions->errorHandler(8, 'Undefined varia...', 'C:\\xampp\\htdocs...', 150, Array)
#1 C:\xampp\htdocs\tsms\system\View\View.php(214): include('C:\\xampp\\htdocs...')
#2 C:\xampp\htdocs\tsms\system\View\View.php(217): CodeIgniter\View\View->CodeIgniter\View\{closure}()
#3 C:\xampp\htdocs\tsms\system\Common.php(1097): CodeIgniter\View\View->render('admin/calendar/...', Array, true)
#4 C:\xampp\htdocs\tsms\app\Controllers\FullCalendar.php(1002): view('admin/calendar/...', Array)
#5 C:\xampp\htdocs\tsms\system\CodeIgniter.php(824): App\Controllers\FullCalendar->printMonthly()
#6 C:\xampp\htdocs\tsms\system\CodeIgniter.php(410): CodeIgniter\CodeIgniter->runController(Object(App\Controllers\FullCalendar))
#7 C:\xampp\htdocs\tsms\system\CodeIgniter.php(318): CodeIgniter\CodeIgniter->handleRequest(NULL, Object(Config\Cache), false)
#8 C:\xampp\htdocs\tsms\index.php(37): CodeIgniter\CodeIgniter->run()
#9 {main}
CRITICAL - 2022-10-05 03:09:45 --> Undefined variable: date
#0 C:\xampp\htdocs\tsms\app\Views\admin\calendar\eventPrint.php(67): CodeIgniter\Debug\Exceptions->errorHandler(8, 'Undefined varia...', 'C:\\xampp\\htdocs...', 67, Array)
#1 C:\xampp\htdocs\tsms\app\Libraries\tcpdf\tcpdf.php(3617): MYPDF->Header()
#2 C:\xampp\htdocs\tsms\app\Libraries\tcpdf\tcpdf.php(3284): TCPDF->setHeader()
#3 C:\xampp\htdocs\tsms\app\Libraries\tcpdf\tcpdf.php(3196): TCPDF->startPage('L', '', false)
#4 C:\xampp\htdocs\tsms\app\Views\admin\calendar\eventPrint.php(142): TCPDF->AddPage('L')
#5 C:\xampp\htdocs\tsms\system\View\View.php(214): include('C:\\xampp\\htdocs...')
#6 C:\xampp\htdocs\tsms\system\View\View.php(217): CodeIgniter\View\View->CodeIgniter\View\{closure}()
#7 C:\xampp\htdocs\tsms\system\Common.php(1097): CodeIgniter\View\View->render('admin/calendar/...', Array, true)
#8 C:\xampp\htdocs\tsms\app\Controllers\FullCalendar.php(439): view('admin/calendar/...', Array)
#9 C:\xampp\htdocs\tsms\system\CodeIgniter.php(824): App\Controllers\FullCalendar->printpdf('2022-10-01', '2022-10-31')
#10 C:\xampp\htdocs\tsms\system\CodeIgniter.php(410): CodeIgniter\CodeIgniter->runController(Object(App\Controllers\FullCalendar))
#11 C:\xampp\htdocs\tsms\system\CodeIgniter.php(318): CodeIgniter\CodeIgniter->handleRequest(NULL, Object(Config\Cache), false)
#12 C:\xampp\htdocs\tsms\index.php(37): CodeIgniter\CodeIgniter->run()
#13 {main}
CRITICAL - 2022-10-05 03:10:03 --> Undefined variable: date
#0 C:\xampp\htdocs\tsms\app\Views\admin\calendar\eventPrint.php(66): CodeIgniter\Debug\Exceptions->errorHandler(8, 'Undefined varia...', 'C:\\xampp\\htdocs...', 66, Array)
#1 C:\xampp\htdocs\tsms\app\Libraries\tcpdf\tcpdf.php(3617): MYPDF->Header()
#2 C:\xampp\htdocs\tsms\app\Libraries\tcpdf\tcpdf.php(3284): TCPDF->setHeader()
#3 C:\xampp\htdocs\tsms\app\Libraries\tcpdf\tcpdf.php(3196): TCPDF->startPage('L', '', false)
#4 C:\xampp\htdocs\tsms\app\Views\admin\calendar\eventPrint.php(141): TCPDF->AddPage('L')
#5 C:\xampp\htdocs\tsms\system\View\View.php(214): include('C:\\xampp\\htdocs...')
#6 C:\xampp\htdocs\tsms\system\View\View.php(217): CodeIgniter\View\View->CodeIgniter\View\{closure}()
#7 C:\xampp\htdocs\tsms\system\Common.php(1097): CodeIgniter\View\View->render('admin/calendar/...', Array, true)
#8 C:\xampp\htdocs\tsms\app\Controllers\FullCalendar.php(439): view('admin/calendar/...', Array)
#9 C:\xampp\htdocs\tsms\system\CodeIgniter.php(824): App\Controllers\FullCalendar->printpdf('2022-10-01', '2022-10-31')
#10 C:\xampp\htdocs\tsms\system\CodeIgniter.php(410): CodeIgniter\CodeIgniter->runController(Object(App\Controllers\FullCalendar))
#11 C:\xampp\htdocs\tsms\system\CodeIgniter.php(318): CodeIgniter\CodeIgniter->handleRequest(NULL, Object(Config\Cache), false)
#12 C:\xampp\htdocs\tsms\index.php(37): CodeIgniter\CodeIgniter->run()
#13 {main}
CRITICAL - 2022-10-05 03:10:27 --> Undefined variable: date
#0 C:\xampp\htdocs\tsms\app\Views\admin\calendar\eventPrint.php(66): CodeIgniter\Debug\Exceptions->errorHandler(8, 'Undefined varia...', 'C:\\xampp\\htdocs...', 66, Array)
#1 C:\xampp\htdocs\tsms\app\Libraries\tcpdf\tcpdf.php(3617): MYPDF->Header()
#2 C:\xampp\htdocs\tsms\app\Libraries\tcpdf\tcpdf.php(3284): TCPDF->setHeader()
#3 C:\xampp\htdocs\tsms\app\Libraries\tcpdf\tcpdf.php(3196): TCPDF->startPage('L', '', false)
#4 C:\xampp\htdocs\tsms\app\Views\admin\calendar\eventPrint.php(141): TCPDF->AddPage('L')
#5 C:\xampp\htdocs\tsms\system\View\View.php(214): include('C:\\xampp\\htdocs...')
#6 C:\xampp\htdocs\tsms\system\View\View.php(217): CodeIgniter\View\View->CodeIgniter\View\{closure}()
#7 C:\xampp\htdocs\tsms\system\Common.php(1097): CodeIgniter\View\View->render('admin/calendar/...', Array, true)
#8 C:\xampp\htdocs\tsms\app\Controllers\FullCalendar.php(439): view('admin/calendar/...', Array)
#9 C:\xampp\htdocs\tsms\system\CodeIgniter.php(824): App\Controllers\FullCalendar->printpdf('2022-10-01', '2022-10-31')
#10 C:\xampp\htdocs\tsms\system\CodeIgniter.php(410): CodeIgniter\CodeIgniter->runController(Object(App\Controllers\FullCalendar))
#11 C:\xampp\htdocs\tsms\system\CodeIgniter.php(318): CodeIgniter\CodeIgniter->handleRequest(NULL, Object(Config\Cache), false)
#12 C:\xampp\htdocs\tsms\index.php(37): CodeIgniter\CodeIgniter->run()
#13 {main}
CRITICAL - 2022-10-05 03:11:48 --> Undefined variable: date
#0 C:\xampp\htdocs\tsms\app\Views\admin\calendar\eventPrint.php(66): CodeIgniter\Debug\Exceptions->errorHandler(8, 'Undefined varia...', 'C:\\xampp\\htdocs...', 66, Array)
#1 C:\xampp\htdocs\tsms\app\Libraries\tcpdf\tcpdf.php(3617): MYPDF->Header()
#2 C:\xampp\htdocs\tsms\app\Libraries\tcpdf\tcpdf.php(3284): TCPDF->setHeader()
#3 C:\xampp\htdocs\tsms\app\Libraries\tcpdf\tcpdf.php(3196): TCPDF->startPage('L', '', false)
#4 C:\xampp\htdocs\tsms\app\Views\admin\calendar\eventPrint.php(141): TCPDF->AddPage('L')
#5 C:\xampp\htdocs\tsms\system\View\View.php(214): include('C:\\xampp\\htdocs...')
#6 C:\xampp\htdocs\tsms\system\View\View.php(217): CodeIgniter\View\View->CodeIgniter\View\{closure}()
#7 C:\xampp\htdocs\tsms\system\Common.php(1097): CodeIgniter\View\View->render('admin/calendar/...', Array, true)
#8 C:\xampp\htdocs\tsms\app\Controllers\FullCalendar.php(439): view('admin/calendar/...', Array)
#9 C:\xampp\htdocs\tsms\system\CodeIgniter.php(824): App\Controllers\FullCalendar->printpdf('2022-10-01', '2022-10-31')
#10 C:\xampp\htdocs\tsms\system\CodeIgniter.php(410): CodeIgniter\CodeIgniter->runController(Object(App\Controllers\FullCalendar))
#11 C:\xampp\htdocs\tsms\system\CodeIgniter.php(318): CodeIgniter\CodeIgniter->handleRequest(NULL, Object(Config\Cache), false)
#12 C:\xampp\htdocs\tsms\index.php(37): CodeIgniter\CodeIgniter->run()
#13 {main}
CRITICAL - 2022-10-05 03:13:07 --> Undefined variable: date
#0 C:\xampp\htdocs\tsms\app\Views\admin\calendar\eventPrint.php(66): CodeIgniter\Debug\Exceptions->errorHandler(8, 'Undefined varia...', 'C:\\xampp\\htdocs...', 66, Array)
#1 C:\xampp\htdocs\tsms\app\Libraries\tcpdf\tcpdf.php(3617): MYPDF->Header()
#2 C:\xampp\htdocs\tsms\app\Libraries\tcpdf\tcpdf.php(3284): TCPDF->setHeader()
#3 C:\xampp\htdocs\tsms\app\Libraries\tcpdf\tcpdf.php(3196): TCPDF->startPage('L', '', false)
#4 C:\xampp\htdocs\tsms\app\Views\admin\calendar\eventPrint.php(141): TCPDF->AddPage('L')
#5 C:\xampp\htdocs\tsms\system\View\View.php(214): include('C:\\xampp\\htdocs...')
#6 C:\xampp\htdocs\tsms\system\View\View.php(217): CodeIgniter\View\View->CodeIgniter\View\{closure}()
#7 C:\xampp\htdocs\tsms\system\Common.php(1097): CodeIgniter\View\View->render('admin/calendar/...', Array, true)
#8 C:\xampp\htdocs\tsms\app\Controllers\FullCalendar.php(439): view('admin/calendar/...', Array)
#9 C:\xampp\htdocs\tsms\system\CodeIgniter.php(824): App\Controllers\FullCalendar->printpdf('2022-10-01', '2022-10-31')
#10 C:\xampp\htdocs\tsms\system\CodeIgniter.php(410): CodeIgniter\CodeIgniter->runController(Object(App\Controllers\FullCalendar))
#11 C:\xampp\htdocs\tsms\system\CodeIgniter.php(318): CodeIgniter\CodeIgniter->handleRequest(NULL, Object(Config\Cache), false)
#12 C:\xampp\htdocs\tsms\index.php(37): CodeIgniter\CodeIgniter->run()
#13 {main}
CRITICAL - 2022-10-05 03:15:45 --> Undefined variable: date
#0 C:\xampp\htdocs\tsms\app\Views\admin\calendar\eventPrint.php(45): CodeIgniter\Debug\Exceptions->errorHandler(8, 'Undefined varia...', 'C:\\xampp\\htdocs...', 45, Array)
#1 C:\xampp\htdocs\tsms\app\Libraries\tcpdf\tcpdf.php(3617): MYPDF->Header()
#2 C:\xampp\htdocs\tsms\app\Libraries\tcpdf\tcpdf.php(3284): TCPDF->setHeader()
#3 C:\xampp\htdocs\tsms\app\Libraries\tcpdf\tcpdf.php(3196): TCPDF->startPage('L', '', false)
#4 C:\xampp\htdocs\tsms\app\Views\admin\calendar\eventPrint.php(115): TCPDF->AddPage('L')
#5 C:\xampp\htdocs\tsms\system\View\View.php(214): include('C:\\xampp\\htdocs...')
#6 C:\xampp\htdocs\tsms\system\View\View.php(217): CodeIgniter\View\View->CodeIgniter\View\{closure}()
#7 C:\xampp\htdocs\tsms\system\Common.php(1097): CodeIgniter\View\View->render('admin/calendar/...', Array, true)
#8 C:\xampp\htdocs\tsms\app\Controllers\FullCalendar.php(439): view('admin/calendar/...', Array)
#9 C:\xampp\htdocs\tsms\system\CodeIgniter.php(824): App\Controllers\FullCalendar->printpdf('2022-10-01', '2022-10-31')
#10 C:\xampp\htdocs\tsms\system\CodeIgniter.php(410): CodeIgniter\CodeIgniter->runController(Object(App\Controllers\FullCalendar))
#11 C:\xampp\htdocs\tsms\system\CodeIgniter.php(318): CodeIgniter\CodeIgniter->handleRequest(NULL, Object(Config\Cache), false)
#12 C:\xampp\htdocs\tsms\index.php(37): CodeIgniter\CodeIgniter->run()
#13 {main}
CRITICAL - 2022-10-05 03:17:02 --> Declaration of MYPDF::Header($date) should be compatible with TCPDF::Header()
#0 C:\xampp\htdocs\tsms\app\Views\admin\calendar\eventPrint.php(32): CodeIgniter\Debug\Exceptions->errorHandler(2, 'Declaration of ...', 'C:\\xampp\\htdocs...', 35, Array)
#1 C:\xampp\htdocs\tsms\system\View\View.php(214): include('C:\\xampp\\htdocs...')
#2 C:\xampp\htdocs\tsms\system\View\View.php(217): CodeIgniter\View\View->CodeIgniter\View\{closure}()
#3 C:\xampp\htdocs\tsms\system\Common.php(1097): CodeIgniter\View\View->render('admin/calendar/...', Array, true)
#4 C:\xampp\htdocs\tsms\app\Controllers\FullCalendar.php(439): view('admin/calendar/...', Array)
#5 C:\xampp\htdocs\tsms\system\CodeIgniter.php(824): App\Controllers\FullCalendar->printpdf('2022-10-01', '2022-10-31')
#6 C:\xampp\htdocs\tsms\system\CodeIgniter.php(410): CodeIgniter\CodeIgniter->runController(Object(App\Controllers\FullCalendar))
#7 C:\xampp\htdocs\tsms\system\CodeIgniter.php(318): CodeIgniter\CodeIgniter->handleRequest(NULL, Object(Config\Cache), false)
#8 C:\xampp\htdocs\tsms\index.php(37): CodeIgniter\CodeIgniter->run()
#9 {main}
CRITICAL - 2022-10-05 03:20:26 --> Undefined variable: strt
#0 C:\xampp\htdocs\tsms\app\Views\admin\calendar\eventPrint.php(38): CodeIgniter\Debug\Exceptions->errorHandler(8, 'Undefined varia...', 'C:\\xampp\\htdocs...', 38, Array)
#1 C:\xampp\htdocs\tsms\app\Libraries\tcpdf\tcpdf.php(3617): MYPDF->Header()
#2 C:\xampp\htdocs\tsms\app\Libraries\tcpdf\tcpdf.php(3284): TCPDF->setHeader()
#3 C:\xampp\htdocs\tsms\app\Libraries\tcpdf\tcpdf.php(3196): TCPDF->startPage('L', '', false)
#4 C:\xampp\htdocs\tsms\app\Views\admin\calendar\eventPrint.php(141): TCPDF->AddPage('L')
#5 C:\xampp\htdocs\tsms\system\View\View.php(214): include('C:\\xampp\\htdocs...')
#6 C:\xampp\htdocs\tsms\system\View\View.php(217): CodeIgniter\View\View->CodeIgniter\View\{closure}()
#7 C:\xampp\htdocs\tsms\system\Common.php(1097): CodeIgniter\View\View->render('admin/calendar/...', Array, true)
#8 C:\xampp\htdocs\tsms\app\Controllers\FullCalendar.php(439): view('admin/calendar/...', Array)
#9 C:\xampp\htdocs\tsms\system\CodeIgniter.php(824): App\Controllers\FullCalendar->printpdf('2022-10-01', '2022-10-31')
#10 C:\xampp\htdocs\tsms\system\CodeIgniter.php(410): CodeIgniter\CodeIgniter->runController(Object(App\Controllers\FullCalendar))
#11 C:\xampp\htdocs\tsms\system\CodeIgniter.php(318): CodeIgniter\CodeIgniter->handleRequest(NULL, Object(Config\Cache), false)
#12 C:\xampp\htdocs\tsms\index.php(37): CodeIgniter\CodeIgniter->run()
#13 {main}
CRITICAL - 2022-10-05 03:21:34 --> Undefined variable: startDate
#0 C:\xampp\htdocs\tsms\app\Views\admin\calendar\eventPrint.php(64): CodeIgniter\Debug\Exceptions->errorHandler(8, 'Undefined varia...', 'C:\\xampp\\htdocs...', 64, Array)
#1 C:\xampp\htdocs\tsms\app\Libraries\tcpdf\tcpdf.php(3617): MYPDF->Header()
#2 C:\xampp\htdocs\tsms\app\Libraries\tcpdf\tcpdf.php(3284): TCPDF->setHeader()
#3 C:\xampp\htdocs\tsms\app\Libraries\tcpdf\tcpdf.php(3196): TCPDF->startPage('L', '', false)
#4 C:\xampp\htdocs\tsms\app\Views\admin\calendar\eventPrint.php(141): TCPDF->AddPage('L')
#5 C:\xampp\htdocs\tsms\system\View\View.php(214): include('C:\\xampp\\htdocs...')
#6 C:\xampp\htdocs\tsms\system\View\View.php(217): CodeIgniter\View\View->CodeIgniter\View\{closure}()
#7 C:\xampp\htdocs\tsms\system\Common.php(1097): CodeIgniter\View\View->render('admin/calendar/...', Array, true)
#8 C:\xampp\htdocs\tsms\app\Controllers\FullCalendar.php(439): view('admin/calendar/...', Array)
#9 C:\xampp\htdocs\tsms\system\CodeIgniter.php(824): App\Controllers\FullCalendar->printpdf('2022-10-01', '2022-10-31')
#10 C:\xampp\htdocs\tsms\system\CodeIgniter.php(410): CodeIgniter\CodeIgniter->runController(Object(App\Controllers\FullCalendar))
#11 C:\xampp\htdocs\tsms\system\CodeIgniter.php(318): CodeIgniter\CodeIgniter->handleRequest(NULL, Object(Config\Cache), false)
#12 C:\xampp\htdocs\tsms\index.php(37): CodeIgniter\CodeIgniter->run()
#13 {main}
CRITICAL - 2022-10-05 03:23:41 --> Undefined variable: html
#0 C:\xampp\htdocs\tsms\app\Views\admin\calendar\eventPrint.php(147): CodeIgniter\Debug\Exceptions->errorHandler(8, 'Undefined varia...', 'C:\\xampp\\htdocs...', 147, Array)
#1 C:\xampp\htdocs\tsms\system\View\View.php(214): include('C:\\xampp\\htdocs...')
#2 C:\xampp\htdocs\tsms\system\View\View.php(217): CodeIgniter\View\View->CodeIgniter\View\{closure}()
#3 C:\xampp\htdocs\tsms\system\Common.php(1097): CodeIgniter\View\View->render('admin/calendar/...', Array, true)
#4 C:\xampp\htdocs\tsms\app\Controllers\FullCalendar.php(439): view('admin/calendar/...', Array)
#5 C:\xampp\htdocs\tsms\system\CodeIgniter.php(824): App\Controllers\FullCalendar->printpdf('2022-10-01', '2022-10-31')
#6 C:\xampp\htdocs\tsms\system\CodeIgniter.php(410): CodeIgniter\CodeIgniter->runController(Object(App\Controllers\FullCalendar))
#7 C:\xampp\htdocs\tsms\system\CodeIgniter.php(318): CodeIgniter\CodeIgniter->handleRequest(NULL, Object(Config\Cache), false)
#8 C:\xampp\htdocs\tsms\index.php(37): CodeIgniter\CodeIgniter->run()
#9 {main}
CRITICAL - 2022-10-05 03:39:44 --> Undefined variable: html
#0 C:\xampp\htdocs\tsms\app\Views\admin\emp\empReports.php(146): CodeIgniter\Debug\Exceptions->errorHandler(8, 'Undefined varia...', 'C:\\xampp\\htdocs...', 146, Array)
#1 C:\xampp\htdocs\tsms\system\View\View.php(214): include('C:\\xampp\\htdocs...')
#2 C:\xampp\htdocs\tsms\system\View\View.php(217): CodeIgniter\View\View->CodeIgniter\View\{closure}()
#3 C:\xampp\htdocs\tsms\system\Common.php(1097): CodeIgniter\View\View->render('admin/emp/empRe...', Array, true)
#4 C:\xampp\htdocs\tsms\app\Controllers\EmpCrud.php(103): view('admin/emp/empRe...', Array)
#5 C:\xampp\htdocs\tsms\system\CodeIgniter.php(824): App\Controllers\EmpCrud->printEmp()
#6 C:\xampp\htdocs\tsms\system\CodeIgniter.php(410): CodeIgniter\CodeIgniter->runController(Object(App\Controllers\EmpCrud))
#7 C:\xampp\htdocs\tsms\system\CodeIgniter.php(318): CodeIgniter\CodeIgniter->handleRequest(NULL, Object(Config\Cache), false)
#8 C:\xampp\htdocs\tsms\index.php(37): CodeIgniter\CodeIgniter->run()
#9 {main}
CRITICAL - 2022-10-05 03:49:21 --> Undefined variable: html
#0 C:\xampp\htdocs\tsms\app\Views\admin\serv\servReports.php(146): CodeIgniter\Debug\Exceptions->errorHandler(8, 'Undefined varia...', 'C:\\xampp\\htdocs...', 146, Array)
#1 C:\xampp\htdocs\tsms\system\View\View.php(214): include('C:\\xampp\\htdocs...')
#2 C:\xampp\htdocs\tsms\system\View\View.php(217): CodeIgniter\View\View->CodeIgniter\View\{closure}()
#3 C:\xampp\htdocs\tsms\system\Common.php(1097): CodeIgniter\View\View->render('admin/serv/serv...', Array, true)
#4 C:\xampp\htdocs\tsms\app\Controllers\ServCrud.php(121): view('admin/serv/serv...', Array)
#5 C:\xampp\htdocs\tsms\system\CodeIgniter.php(824): App\Controllers\ServCrud->printServ()
#6 C:\xampp\htdocs\tsms\system\CodeIgniter.php(410): CodeIgniter\CodeIgniter->runController(Object(App\Controllers\ServCrud))
#7 C:\xampp\htdocs\tsms\system\CodeIgniter.php(318): CodeIgniter\CodeIgniter->handleRequest(NULL, Object(Config\Cache), false)
#8 C:\xampp\htdocs\tsms\index.php(37): CodeIgniter\CodeIgniter->run()
#9 {main}
CRITICAL - 2022-10-05 03:50:02 --> Undefined property: stdClass::$serv_type
#0 C:\xampp\htdocs\tsms\app\Views\admin\serv\servReports.php(164): CodeIgniter\Debug\Exceptions->errorHandler(8, 'Undefined prope...', 'C:\\xampp\\htdocs...', 164, Array)
#1 C:\xampp\htdocs\tsms\system\View\View.php(214): include('C:\\xampp\\htdocs...')
#2 C:\xampp\htdocs\tsms\system\View\View.php(217): CodeIgniter\View\View->CodeIgniter\View\{closure}()
#3 C:\xampp\htdocs\tsms\system\Common.php(1097): CodeIgniter\View\View->render('admin/serv/serv...', Array, true)
#4 C:\xampp\htdocs\tsms\app\Controllers\ServCrud.php(121): view('admin/serv/serv...', Array)
#5 C:\xampp\htdocs\tsms\system\CodeIgniter.php(824): App\Controllers\ServCrud->printServ()
#6 C:\xampp\htdocs\tsms\system\CodeIgniter.php(410): CodeIgniter\CodeIgniter->runController(Object(App\Controllers\ServCrud))
#7 C:\xampp\htdocs\tsms\system\CodeIgniter.php(318): CodeIgniter\CodeIgniter->handleRequest(NULL, Object(Config\Cache), false)
#8 C:\xampp\htdocs\tsms\index.php(37): CodeIgniter\CodeIgniter->run()
#9 {main}
CRITICAL - 2022-10-05 03:53:22 --> Undefined variable: html
#0 C:\xampp\htdocs\tsms\app\Views\admin\user\userReports.php(146): CodeIgniter\Debug\Exceptions->errorHandler(8, 'Undefined varia...', 'C:\\xampp\\htdocs...', 146, Array)
#1 C:\xampp\htdocs\tsms\system\View\View.php(214): include('C:\\xampp\\htdocs...')
#2 C:\xampp\htdocs\tsms\system\View\View.php(217): CodeIgniter\View\View->CodeIgniter\View\{closure}()
#3 C:\xampp\htdocs\tsms\system\Common.php(1097): CodeIgniter\View\View->render('admin/user/user...', Array, true)
#4 C:\xampp\htdocs\tsms\app\Controllers\UsersCrud.php(176): view('admin/user/user...', Array)
#5 C:\xampp\htdocs\tsms\system\CodeIgniter.php(824): App\Controllers\UsersCrud->printUser()
#6 C:\xampp\htdocs\tsms\system\CodeIgniter.php(410): CodeIgniter\CodeIgniter->runController(Object(App\Controllers\UsersCrud))
#7 C:\xampp\htdocs\tsms\system\CodeIgniter.php(318): CodeIgniter\CodeIgniter->handleRequest(NULL, Object(Config\Cache), false)
#8 C:\xampp\htdocs\tsms\index.php(37): CodeIgniter\CodeIgniter->run()
#9 {main}
