CRITICAL - 2023-01-07 02:24:22 --> Call to undefined method CodeIgniter\View\View::SetXY()
#0 C:\xampp\htdocs\tsms\system\View\View.php(214): include()
#1 C:\xampp\htdocs\tsms\system\View\View.php(217): CodeIgniter\View\View->CodeIgniter\View\{closure}()
#2 C:\xampp\htdocs\tsms\system\Common.php(1097): CodeIgniter\View\View->render('admin/reports/e...', Array, true)
#3 C:\xampp\htdocs\tsms\app\Controllers\Reports.php(655): view('admin/reports/e...', Array)
#4 C:\xampp\htdocs\tsms\system\CodeIgniter.php(824): App\Controllers\Reports->printException('2023-01-01', '2023-01-31', '""', '""')
#5 C:\xampp\htdocs\tsms\system\CodeIgniter.php(410): CodeIgniter\CodeIgniter->runController(Object(App\Controllers\Reports))
#6 C:\xampp\htdocs\tsms\system\CodeIgniter.php(318): CodeIgniter\CodeIgniter->handleRequest(NULL, Object(Config\Cache), false)
#7 C:\xampp\htdocs\tsms\index.php(37): CodeIgniter\CodeIgniter->run()
#8 {main}
CRITICAL - 2023-01-07 02:24:57 --> Undefined property: CodeIgniter\View\View::$uniq_area
#0 C:\xampp\htdocs\tsms\app\Views\admin\reports\exceptionPrint.php(260): CodeIgniter\Debug\Exceptions->errorHandler(8, 'Undefined prope...', 'C:\\xampp\\htdocs...', 260, Array)
#1 C:\xampp\htdocs\tsms\system\View\View.php(214): include('C:\\xampp\\htdocs...')
#2 C:\xampp\htdocs\tsms\system\View\View.php(217): CodeIgniter\View\View->CodeIgniter\View\{closure}()
#3 C:\xampp\htdocs\tsms\system\Common.php(1097): CodeIgniter\View\View->render('admin/reports/e...', Array, true)
#4 C:\xampp\htdocs\tsms\app\Controllers\Reports.php(655): view('admin/reports/e...', Array)
#5 C:\xampp\htdocs\tsms\system\CodeIgniter.php(824): App\Controllers\Reports->printException('2023-01-01', '2023-01-31', '""', '""')
#6 C:\xampp\htdocs\tsms\system\CodeIgniter.php(410): CodeIgniter\CodeIgniter->runController(Object(App\Controllers\Reports))
#7 C:\xampp\htdocs\tsms\system\CodeIgniter.php(318): CodeIgniter\CodeIgniter->handleRequest(NULL, Object(Config\Cache), false)
#8 C:\xampp\htdocs\tsms\index.php(37): CodeIgniter\CodeIgniter->run()
#9 {main}
CRITICAL - 2023-01-07 02:25:09 --> Undefined property: MYPDF::$uniq_area
#0 C:\xampp\htdocs\tsms\app\Views\admin\reports\exceptionPrint.php(260): CodeIgniter\Debug\Exceptions->errorHandler(8, 'Undefined prope...', 'C:\\xampp\\htdocs...', 260, Array)
#1 C:\xampp\htdocs\tsms\system\View\View.php(214): include('C:\\xampp\\htdocs...')
#2 C:\xampp\htdocs\tsms\system\View\View.php(217): CodeIgniter\View\View->CodeIgniter\View\{closure}()
#3 C:\xampp\htdocs\tsms\system\Common.php(1097): CodeIgniter\View\View->render('admin/reports/e...', Array, true)
#4 C:\xampp\htdocs\tsms\app\Controllers\Reports.php(655): view('admin/reports/e...', Array)
#5 C:\xampp\htdocs\tsms\system\CodeIgniter.php(824): App\Controllers\Reports->printException('2023-01-01', '2023-01-31', '""', '""')
#6 C:\xampp\htdocs\tsms\system\CodeIgniter.php(410): CodeIgniter\CodeIgniter->runController(Object(App\Controllers\Reports))
#7 C:\xampp\htdocs\tsms\system\CodeIgniter.php(318): CodeIgniter\CodeIgniter->handleRequest(NULL, Object(Config\Cache), false)
#8 C:\xampp\htdocs\tsms\index.php(37): CodeIgniter\CodeIgniter->run()
#9 {main}
CRITICAL - 2023-01-07 02:25:39 --> Array to string conversion
#0 C:\xampp\htdocs\tsms\app\Views\admin\reports\exceptionPrint.php(260): CodeIgniter\Debug\Exceptions->errorHandler(8, 'Array to string...', 'C:\\xampp\\htdocs...', 260, Array)
#1 C:\xampp\htdocs\tsms\system\View\View.php(214): include('C:\\xampp\\htdocs...')
#2 C:\xampp\htdocs\tsms\system\View\View.php(217): CodeIgniter\View\View->CodeIgniter\View\{closure}()
#3 C:\xampp\htdocs\tsms\system\Common.php(1097): CodeIgniter\View\View->render('admin/reports/e...', Array, true)
#4 C:\xampp\htdocs\tsms\app\Controllers\Reports.php(655): view('admin/reports/e...', Array)
#5 C:\xampp\htdocs\tsms\system\CodeIgniter.php(824): App\Controllers\Reports->printException('2023-01-01', '2023-01-31', '""', '""')
#6 C:\xampp\htdocs\tsms\system\CodeIgniter.php(410): CodeIgniter\CodeIgniter->runController(Object(App\Controllers\Reports))
#7 C:\xampp\htdocs\tsms\system\CodeIgniter.php(318): CodeIgniter\CodeIgniter->handleRequest(NULL, Object(Config\Cache), false)
#8 C:\xampp\htdocs\tsms\index.php(37): CodeIgniter\CodeIgniter->run()
#9 {main}
CRITICAL - 2023-01-07 02:26:14 --> Array to string conversion
#0 C:\xampp\htdocs\tsms\app\Views\admin\reports\exceptionPrint.php(260): CodeIgniter\Debug\Exceptions->errorHandler(8, 'Array to string...', 'C:\\xampp\\htdocs...', 260, Array)
#1 C:\xampp\htdocs\tsms\system\View\View.php(214): include('C:\\xampp\\htdocs...')
#2 C:\xampp\htdocs\tsms\system\View\View.php(217): CodeIgniter\View\View->CodeIgniter\View\{closure}()
#3 C:\xampp\htdocs\tsms\system\Common.php(1097): CodeIgniter\View\View->render('admin/reports/e...', Array, true)
#4 C:\xampp\htdocs\tsms\app\Controllers\Reports.php(655): view('admin/reports/e...', Array)
#5 C:\xampp\htdocs\tsms\system\CodeIgniter.php(824): App\Controllers\Reports->printException('2023-01-01', '2023-01-31', '""', '""')
#6 C:\xampp\htdocs\tsms\system\CodeIgniter.php(410): CodeIgniter\CodeIgniter->runController(Object(App\Controllers\Reports))
#7 C:\xampp\htdocs\tsms\system\CodeIgniter.php(318): CodeIgniter\CodeIgniter->handleRequest(NULL, Object(Config\Cache), false)
#8 C:\xampp\htdocs\tsms\index.php(37): CodeIgniter\CodeIgniter->run()
#9 {main}
CRITICAL - 2023-01-07 02:50:42 --> Undefined index: price
#0 C:\xampp\htdocs\tsms\app\Controllers\Reports.php(336): CodeIgniter\Debug\Exceptions->errorHandler(8, 'Undefined index...', 'C:\\xampp\\htdocs...', 336, Array)
#1 C:\xampp\htdocs\tsms\system\CodeIgniter.php(824): App\Controllers\Reports->printAccomplished('2023-01-01', '2023-01-31', '""', '""')
#2 C:\xampp\htdocs\tsms\system\CodeIgniter.php(410): CodeIgniter\CodeIgniter->runController(Object(App\Controllers\Reports))
#3 C:\xampp\htdocs\tsms\system\CodeIgniter.php(318): CodeIgniter\CodeIgniter->handleRequest(NULL, Object(Config\Cache), false)
#4 C:\xampp\htdocs\tsms\index.php(37): CodeIgniter\CodeIgniter->run()
#5 {main}
CRITICAL - 2023-01-07 02:55:39 --> Undefined variable: overall
#0 C:\xampp\htdocs\tsms\app\Views\admin\reports\accomplishedPrint.php(96): CodeIgniter\Debug\Exceptions->errorHandler(8, 'Undefined varia...', 'C:\\xampp\\htdocs...', 96, Array)
#1 C:\xampp\htdocs\tsms\app\Libraries\tcpdf\tcpdf.php(3666): MYPDF->Footer()
#2 C:\xampp\htdocs\tsms\app\Libraries\tcpdf\tcpdf.php(3212): TCPDF->setFooter()
#3 C:\xampp\htdocs\tsms\app\Libraries\tcpdf\tcpdf.php(3060): TCPDF->endPage()
#4 C:\xampp\htdocs\tsms\app\Views\admin\reports\accomplishedPrint.php(39): TCPDF->Close()
#5 C:\xampp\htdocs\tsms\app\Libraries\tcpdf\tcpdf.php(7628): MYPDF->Close()
#6 C:\xampp\htdocs\tsms\app\Views\admin\reports\accomplishedPrint.php(287): TCPDF->Output('Accomplished_Re...', 'I')
#7 C:\xampp\htdocs\tsms\system\View\View.php(214): include('C:\\xampp\\htdocs...')
#8 C:\xampp\htdocs\tsms\system\View\View.php(217): CodeIgniter\View\View->CodeIgniter\View\{closure}()
#9 C:\xampp\htdocs\tsms\system\Common.php(1097): CodeIgniter\View\View->render('admin/reports/a...', Array, true)
#10 C:\xampp\htdocs\tsms\app\Controllers\Reports.php(340): view('admin/reports/a...', Array)
#11 C:\xampp\htdocs\tsms\system\CodeIgniter.php(824): App\Controllers\Reports->printAccomplished('2023-01-01', '2023-01-31', '""', '""')
#12 C:\xampp\htdocs\tsms\system\CodeIgniter.php(410): CodeIgniter\CodeIgniter->runController(Object(App\Controllers\Reports))
#13 C:\xampp\htdocs\tsms\system\CodeIgniter.php(318): CodeIgniter\CodeIgniter->handleRequest(NULL, Object(Config\Cache), false)
#14 C:\xampp\htdocs\tsms\index.php(37): CodeIgniter\CodeIgniter->run()
#15 {main}
CRITICAL - 2023-01-07 02:56:20 --> Undefined variable: pdf
#0 C:\xampp\htdocs\tsms\app\Views\admin\reports\accomplishedPrint.php(96): CodeIgniter\Debug\Exceptions->errorHandler(8, 'Undefined varia...', 'C:\\xampp\\htdocs...', 96, Array)
#1 C:\xampp\htdocs\tsms\app\Libraries\tcpdf\tcpdf.php(3666): MYPDF->Footer()
#2 C:\xampp\htdocs\tsms\app\Libraries\tcpdf\tcpdf.php(3212): TCPDF->setFooter()
#3 C:\xampp\htdocs\tsms\app\Libraries\tcpdf\tcpdf.php(3060): TCPDF->endPage()
#4 C:\xampp\htdocs\tsms\app\Views\admin\reports\accomplishedPrint.php(39): TCPDF->Close()
#5 C:\xampp\htdocs\tsms\app\Libraries\tcpdf\tcpdf.php(7628): MYPDF->Close()
#6 C:\xampp\htdocs\tsms\app\Views\admin\reports\accomplishedPrint.php(287): TCPDF->Output('Accomplished_Re...', 'I')
#7 C:\xampp\htdocs\tsms\system\View\View.php(214): include('C:\\xampp\\htdocs...')
#8 C:\xampp\htdocs\tsms\system\View\View.php(217): CodeIgniter\View\View->CodeIgniter\View\{closure}()
#9 C:\xampp\htdocs\tsms\system\Common.php(1097): CodeIgniter\View\View->render('admin/reports/a...', Array, true)
#10 C:\xampp\htdocs\tsms\app\Controllers\Reports.php(340): view('admin/reports/a...', Array)
#11 C:\xampp\htdocs\tsms\system\CodeIgniter.php(824): App\Controllers\Reports->printAccomplished('2023-01-01', '2023-01-31', '""', '""')
#12 C:\xampp\htdocs\tsms\system\CodeIgniter.php(410): CodeIgniter\CodeIgniter->runController(Object(App\Controllers\Reports))
#13 C:\xampp\htdocs\tsms\system\CodeIgniter.php(318): CodeIgniter\CodeIgniter->handleRequest(NULL, Object(Config\Cache), false)
#14 C:\xampp\htdocs\tsms\index.php(37): CodeIgniter\CodeIgniter->run()
#15 {main}
CRITICAL - 2023-01-07 03:06:30 --> Undefined property: MYPDF::$uniq_area
#0 C:\xampp\htdocs\tsms\app\Views\admin\reports\accomplishedPrint.php(95): CodeIgniter\Debug\Exceptions->errorHandler(8, 'Undefined prope...', 'C:\\xampp\\htdocs...', 95, Array)
#1 C:\xampp\htdocs\tsms\app\Libraries\tcpdf\tcpdf.php(3666): MYPDF->Footer()
#2 C:\xampp\htdocs\tsms\app\Libraries\tcpdf\tcpdf.php(3212): TCPDF->setFooter()
#3 C:\xampp\htdocs\tsms\app\Libraries\tcpdf\tcpdf.php(3060): TCPDF->endPage()
#4 C:\xampp\htdocs\tsms\app\Views\admin\reports\accomplishedPrint.php(39): TCPDF->Close()
#5 C:\xampp\htdocs\tsms\app\Libraries\tcpdf\tcpdf.php(7628): MYPDF->Close()
#6 C:\xampp\htdocs\tsms\app\Views\admin\reports\accomplishedPrint.php(293): TCPDF->Output('Accomplished_Re...', 'I')
#7 C:\xampp\htdocs\tsms\system\View\View.php(214): include('C:\\xampp\\htdocs...')
#8 C:\xampp\htdocs\tsms\system\View\View.php(217): CodeIgniter\View\View->CodeIgniter\View\{closure}()
#9 C:\xampp\htdocs\tsms\system\Common.php(1097): CodeIgniter\View\View->render('admin/reports/a...', Array, true)
#10 C:\xampp\htdocs\tsms\app\Controllers\Reports.php(342): view('admin/reports/a...', Array)
#11 C:\xampp\htdocs\tsms\system\CodeIgniter.php(824): App\Controllers\Reports->printAccomplished('2023-01-01', '2023-01-31', '""', '""')
#12 C:\xampp\htdocs\tsms\system\CodeIgniter.php(410): CodeIgniter\CodeIgniter->runController(Object(App\Controllers\Reports))
#13 C:\xampp\htdocs\tsms\system\CodeIgniter.php(318): CodeIgniter\CodeIgniter->handleRequest(NULL, Object(Config\Cache), false)
#14 C:\xampp\htdocs\tsms\index.php(37): CodeIgniter\CodeIgniter->run()
#15 {main}
CRITICAL - 2023-01-07 03:08:22 --> Undefined variable: now
#0 C:\xampp\htdocs\tsms\app\Views\admin\calllogs\call_view.php(309): CodeIgniter\Debug\Exceptions->errorHandler(8, 'Undefined varia...', 'C:\\xampp\\htdocs...', 309, Array)
#1 C:\xampp\htdocs\tsms\system\View\View.php(214): include('C:\\xampp\\htdocs...')
#2 C:\xampp\htdocs\tsms\system\View\View.php(217): CodeIgniter\View\View->CodeIgniter\View\{closure}()
#3 C:\xampp\htdocs\tsms\system\Common.php(1097): CodeIgniter\View\View->render('admin/calllogs/...', Array, true)
#4 C:\xampp\htdocs\tsms\app\Views\templates\template.php(3): view('admin/calllogs/...')
#5 C:\xampp\htdocs\tsms\system\View\View.php(214): include('C:\\xampp\\htdocs...')
#6 C:\xampp\htdocs\tsms\system\View\View.php(217): CodeIgniter\View\View->CodeIgniter\View\{closure}()
#7 C:\xampp\htdocs\tsms\system\Common.php(1097): CodeIgniter\View\View->render('templates/templ...', Array, true)
#8 C:\xampp\htdocs\tsms\app\Controllers\CalllogsCrud.php(206): view('templates/templ...', Array)
#9 C:\xampp\htdocs\tsms\system\CodeIgniter.php(824): App\Controllers\CalllogsCrud->getfilter()
#10 C:\xampp\htdocs\tsms\system\CodeIgniter.php(410): CodeIgniter\CodeIgniter->runController(Object(App\Controllers\CalllogsCrud))
#11 C:\xampp\htdocs\tsms\system\CodeIgniter.php(318): CodeIgniter\CodeIgniter->handleRequest(NULL, Object(Config\Cache), false)
#12 C:\xampp\htdocs\tsms\index.php(37): CodeIgniter\CodeIgniter->run()
#13 {main}
