CRITICAL - 2022-02-06 05:28:22 --> Invalid file: pages/example.php
#0 C:\xampp\htdocs\tsms\system\View\View.php(198): CodeIgniter\Exceptions\FrameworkException::forInvalidFile('pages/example.p...')
#1 C:\xampp\htdocs\tsms\system\Common.php(1097): CodeIgniter\View\View->render('pages/example', Array, true)
#2 C:\xampp\htdocs\tsms\app\Views\pages\home.php(3): view('pages/example')
#3 C:\xampp\htdocs\tsms\system\View\View.php(214): include('C:\\xampp\\htdocs...')
#4 C:\xampp\htdocs\tsms\system\View\View.php(217): CodeIgniter\View\View->CodeIgniter\View\{closure}()
#5 C:\xampp\htdocs\tsms\system\Common.php(1097): CodeIgniter\View\View->render('pages/home', Array, true)
#6 C:\xampp\htdocs\tsms\app\Controllers\Pages.php(32): view('pages/home', Array)
#7 C:\xampp\htdocs\tsms\system\CodeIgniter.php(824): App\Controllers\Pages->example()
#8 C:\xampp\htdocs\tsms\system\CodeIgniter.php(410): CodeIgniter\CodeIgniter->runController(Object(App\Controllers\Pages))
#9 C:\xampp\htdocs\tsms\system\CodeIgniter.php(318): CodeIgniter\CodeIgniter->handleRequest(NULL, Object(Config\Cache), false)
#10 C:\xampp\htdocs\tsms\index.php(37): CodeIgniter\CodeIgniter->run()
#11 {main}
CRITICAL - 2022-02-06 06:06:03 --> Maximum execution time of 120 seconds exceeded
#0 [internal function]: CodeIgniter\Debug\Exceptions->shutdownHandler()
#1 {main}
CRITICAL - 2022-02-06 06:06:03 --> Maximum execution time of 120 seconds exceeded
#0 [internal function]: CodeIgniter\Debug\Exceptions->shutdownHandler()
#1 {main}
CRITICAL - 2022-02-06 06:06:03 --> Maximum execution time of 120 seconds exceeded
#0 [internal function]: CodeIgniter\Debug\Exceptions->shutdownHandler()
#1 {main}
CRITICAL - 2022-02-06 06:06:03 --> Maximum execution time of 120 seconds exceeded
#0 [internal function]: CodeIgniter\Debug\Exceptions->shutdownHandler()
#1 {main}
CRITICAL - 2022-02-06 06:06:03 --> Maximum execution time of 120 seconds exceeded
#0 [internal function]: CodeIgniter\Debug\Exceptions->shutdownHandler()
#1 {main}
CRITICAL - 2022-02-06 06:06:03 --> Maximum execution time of 120 seconds exceeded
#0 [internal function]: CodeIgniter\Debug\Exceptions->shutdownHandler()
#1 {main}
CRITICAL - 2022-02-06 06:06:03 --> Maximum execution time of 120 seconds exceeded
#0 [internal function]: CodeIgniter\Debug\Exceptions->shutdownHandler()
#1 {main}
